{"/home/admin1/Desktop/fundoo(apollo)/testing/test.js":{"path":"/home/admin1/Desktop/fundoo(apollo)/testing/test.js","statementMap":{"0":{"start":{"line":18,"column":25},"end":{"line":18,"column":41}},"1":{"start":{"line":19,"column":19},"end":{"line":19,"column":34}},"2":{"start":{"line":20,"column":16},"end":{"line":20,"column":36}},"3":{"start":{"line":21,"column":13},"end":{"line":21,"column":33}},"4":{"start":{"line":22,"column":9},"end":{"line":22,"column":22}},"5":{"start":{"line":23,"column":19},"end":{"line":23,"column":21}},"6":{"start":{"line":24,"column":19},"end":{"line":24,"column":21}},"7":{"start":{"line":25,"column":27},"end":{"line":25,"column":29}},"8":{"start":{"line":26,"column":16},"end":{"line":26,"column":239}},"9":{"start":{"line":34,"column":15},"end":{"line":34,"column":91}},"10":{"start":{"line":35,"column":16},"end":{"line":35,"column":32}},"11":{"start":{"line":36,"column":4},"end":{"line":36,"column":17}},"12":{"start":{"line":55,"column":0},"end":{"line":153,"column":2}},"13":{"start":{"line":66,"column":4},"end":{"line":85,"column":7}},"14":{"start":{"line":67,"column":8},"end":{"line":84,"column":15}},"15":{"start":{"line":76,"column":16},"end":{"line":78,"column":17}},"16":{"start":{"line":77,"column":20},"end":{"line":77,"column":37}},"17":{"start":{"line":81,"column":16},"end":{"line":81,"column":102}},"18":{"start":{"line":82,"column":16},"end":{"line":82,"column":69}},"19":{"start":{"line":83,"column":16},"end":{"line":83,"column":23}},"20":{"start":{"line":100,"column":4},"end":{"line":119,"column":7}},"21":{"start":{"line":101,"column":8},"end":{"line":101,"column":58}},"22":{"start":{"line":102,"column":8},"end":{"line":118,"column":15}},"23":{"start":{"line":111,"column":16},"end":{"line":113,"column":17}},"24":{"start":{"line":112,"column":20},"end":{"line":112,"column":37}},"25":{"start":{"line":116,"column":16},"end":{"line":116,"column":116}},"26":{"start":{"line":117,"column":16},"end":{"line":117,"column":23}},"27":{"start":{"line":133,"column":4},"end":{"line":152,"column":7}},"28":{"start":{"line":134,"column":8},"end":{"line":134,"column":39}},"29":{"start":{"line":135,"column":8},"end":{"line":151,"column":15}},"30":{"start":{"line":144,"column":16},"end":{"line":146,"column":17}},"31":{"start":{"line":145,"column":20},"end":{"line":145,"column":37}},"32":{"start":{"line":149,"column":16},"end":{"line":149,"column":97}},"33":{"start":{"line":150,"column":16},"end":{"line":150,"column":23}},"34":{"start":{"line":167,"column":0},"end":{"line":186,"column":3}},"35":{"start":{"line":168,"column":4},"end":{"line":168,"column":40}},"36":{"start":{"line":169,"column":4},"end":{"line":185,"column":11}},"37":{"start":{"line":178,"column":12},"end":{"line":180,"column":13}},"38":{"start":{"line":179,"column":16},"end":{"line":179,"column":33}},"39":{"start":{"line":183,"column":12},"end":{"line":183,"column":98}},"40":{"start":{"line":184,"column":12},"end":{"line":184,"column":19}},"41":{"start":{"line":200,"column":0},"end":{"line":219,"column":3}},"42":{"start":{"line":201,"column":4},"end":{"line":218,"column":11}},"43":{"start":{"line":211,"column":12},"end":{"line":213,"column":13}},"44":{"start":{"line":212,"column":16},"end":{"line":212,"column":33}},"45":{"start":{"line":216,"column":12},"end":{"line":216,"column":107}},"46":{"start":{"line":217,"column":12},"end":{"line":217,"column":19}},"47":{"start":{"line":234,"column":0},"end":{"line":255,"column":3}},"48":{"start":{"line":235,"column":4},"end":{"line":254,"column":11}},"49":{"start":{"line":246,"column":12},"end":{"line":248,"column":13}},"50":{"start":{"line":247,"column":16},"end":{"line":247,"column":33}},"51":{"start":{"line":251,"column":12},"end":{"line":251,"column":99}},"52":{"start":{"line":252,"column":12},"end":{"line":252,"column":64}},"53":{"start":{"line":253,"column":12},"end":{"line":253,"column":19}},"54":{"start":{"line":269,"column":0},"end":{"line":290,"column":3}},"55":{"start":{"line":270,"column":4},"end":{"line":270,"column":43}},"56":{"start":{"line":271,"column":4},"end":{"line":289,"column":11}},"57":{"start":{"line":282,"column":12},"end":{"line":284,"column":13}},"58":{"start":{"line":283,"column":16},"end":{"line":283,"column":33}},"59":{"start":{"line":287,"column":12},"end":{"line":287,"column":100}},"60":{"start":{"line":288,"column":12},"end":{"line":288,"column":19}},"61":{"start":{"line":305,"column":0},"end":{"line":326,"column":3}},"62":{"start":{"line":306,"column":4},"end":{"line":306,"column":40}},"63":{"start":{"line":307,"column":4},"end":{"line":325,"column":11}},"64":{"start":{"line":318,"column":12},"end":{"line":320,"column":13}},"65":{"start":{"line":319,"column":16},"end":{"line":319,"column":33}},"66":{"start":{"line":323,"column":12},"end":{"line":323,"column":97}},"67":{"start":{"line":324,"column":12},"end":{"line":324,"column":19}},"68":{"start":{"line":341,"column":0},"end":{"line":362,"column":3}},"69":{"start":{"line":342,"column":4},"end":{"line":342,"column":35}},"70":{"start":{"line":343,"column":4},"end":{"line":361,"column":11}},"71":{"start":{"line":354,"column":12},"end":{"line":356,"column":13}},"72":{"start":{"line":355,"column":16},"end":{"line":355,"column":33}},"73":{"start":{"line":359,"column":12},"end":{"line":359,"column":92}},"74":{"start":{"line":360,"column":12},"end":{"line":360,"column":19}},"75":{"start":{"line":375,"column":0},"end":{"line":396,"column":3}},"76":{"start":{"line":376,"column":4},"end":{"line":395,"column":11}},"77":{"start":{"line":387,"column":12},"end":{"line":389,"column":13}},"78":{"start":{"line":388,"column":16},"end":{"line":388,"column":33}},"79":{"start":{"line":392,"column":12},"end":{"line":392,"column":118}},"80":{"start":{"line":393,"column":12},"end":{"line":393,"column":81}},"81":{"start":{"line":394,"column":12},"end":{"line":394,"column":19}},"82":{"start":{"line":411,"column":0},"end":{"line":432,"column":3}},"83":{"start":{"line":412,"column":4},"end":{"line":412,"column":35}},"84":{"start":{"line":413,"column":4},"end":{"line":431,"column":11}},"85":{"start":{"line":424,"column":12},"end":{"line":426,"column":13}},"86":{"start":{"line":425,"column":16},"end":{"line":425,"column":33}},"87":{"start":{"line":429,"column":12},"end":{"line":429,"column":101}},"88":{"start":{"line":430,"column":12},"end":{"line":430,"column":19}},"89":{"start":{"line":447,"column":0},"end":{"line":468,"column":3}},"90":{"start":{"line":448,"column":4},"end":{"line":448,"column":52}},"91":{"start":{"line":449,"column":4},"end":{"line":467,"column":11}},"92":{"start":{"line":460,"column":12},"end":{"line":462,"column":13}},"93":{"start":{"line":461,"column":16},"end":{"line":461,"column":33}},"94":{"start":{"line":465,"column":12},"end":{"line":465,"column":118}},"95":{"start":{"line":466,"column":12},"end":{"line":466,"column":19}},"96":{"start":{"line":482,"column":0},"end":{"line":504,"column":3}},"97":{"start":{"line":483,"column":4},"end":{"line":483,"column":38}},"98":{"start":{"line":484,"column":4},"end":{"line":503,"column":11}},"99":{"start":{"line":495,"column":12},"end":{"line":497,"column":13}},"100":{"start":{"line":496,"column":16},"end":{"line":496,"column":33}},"101":{"start":{"line":500,"column":12},"end":{"line":500,"column":111}},"102":{"start":{"line":501,"column":12},"end":{"line":501,"column":19}},"103":{"start":{"line":519,"column":0},"end":{"line":541,"column":3}},"104":{"start":{"line":520,"column":4},"end":{"line":520,"column":63}},"105":{"start":{"line":521,"column":4},"end":{"line":540,"column":11}},"106":{"start":{"line":532,"column":12},"end":{"line":534,"column":13}},"107":{"start":{"line":533,"column":16},"end":{"line":533,"column":33}},"108":{"start":{"line":537,"column":12},"end":{"line":537,"column":128}},"109":{"start":{"line":538,"column":12},"end":{"line":538,"column":19}},"110":{"start":{"line":563,"column":0},"end":{"line":744,"column":2}},"111":{"start":{"line":575,"column":4},"end":{"line":596,"column":7}},"112":{"start":{"line":576,"column":8},"end":{"line":595,"column":15}},"113":{"start":{"line":587,"column":16},"end":{"line":589,"column":17}},"114":{"start":{"line":588,"column":20},"end":{"line":588,"column":37}},"115":{"start":{"line":592,"column":16},"end":{"line":592,"column":100}},"116":{"start":{"line":593,"column":16},"end":{"line":593,"column":23}},"117":{"start":{"line":612,"column":4},"end":{"line":634,"column":7}},"118":{"start":{"line":613,"column":8},"end":{"line":613,"column":48}},"119":{"start":{"line":614,"column":8},"end":{"line":633,"column":15}},"120":{"start":{"line":625,"column":16},"end":{"line":627,"column":17}},"121":{"start":{"line":626,"column":20},"end":{"line":626,"column":37}},"122":{"start":{"line":630,"column":16},"end":{"line":630,"column":111}},"123":{"start":{"line":631,"column":16},"end":{"line":631,"column":23}},"124":{"start":{"line":650,"column":4},"end":{"line":672,"column":7}},"125":{"start":{"line":651,"column":8},"end":{"line":651,"column":49}},"126":{"start":{"line":652,"column":8},"end":{"line":671,"column":15}},"127":{"start":{"line":663,"column":16},"end":{"line":665,"column":17}},"128":{"start":{"line":664,"column":20},"end":{"line":664,"column":37}},"129":{"start":{"line":668,"column":16},"end":{"line":668,"column":112}},"130":{"start":{"line":669,"column":16},"end":{"line":669,"column":23}},"131":{"start":{"line":687,"column":4},"end":{"line":708,"column":7}},"132":{"start":{"line":688,"column":8},"end":{"line":707,"column":15}},"133":{"start":{"line":699,"column":16},"end":{"line":701,"column":17}},"134":{"start":{"line":700,"column":20},"end":{"line":700,"column":37}},"135":{"start":{"line":704,"column":16},"end":{"line":704,"column":105}},"136":{"start":{"line":705,"column":16},"end":{"line":705,"column":23}},"137":{"start":{"line":722,"column":4},"end":{"line":743,"column":7}},"138":{"start":{"line":723,"column":8},"end":{"line":742,"column":15}},"139":{"start":{"line":734,"column":16},"end":{"line":736,"column":17}},"140":{"start":{"line":735,"column":20},"end":{"line":735,"column":37}},"141":{"start":{"line":739,"column":16},"end":{"line":739,"column":111}},"142":{"start":{"line":740,"column":16},"end":{"line":740,"column":23}},"143":{"start":{"line":766,"column":0},"end":{"line":1429,"column":2}},"144":{"start":{"line":779,"column":4},"end":{"line":800,"column":7}},"145":{"start":{"line":780,"column":8},"end":{"line":799,"column":15}},"146":{"start":{"line":791,"column":16},"end":{"line":793,"column":17}},"147":{"start":{"line":792,"column":20},"end":{"line":792,"column":37}},"148":{"start":{"line":796,"column":16},"end":{"line":796,"column":98}},"149":{"start":{"line":797,"column":16},"end":{"line":797,"column":23}},"150":{"start":{"line":815,"column":4},"end":{"line":837,"column":7}},"151":{"start":{"line":816,"column":8},"end":{"line":816,"column":56}},"152":{"start":{"line":817,"column":8},"end":{"line":836,"column":15}},"153":{"start":{"line":828,"column":16},"end":{"line":830,"column":17}},"154":{"start":{"line":829,"column":20},"end":{"line":829,"column":37}},"155":{"start":{"line":833,"column":16},"end":{"line":833,"column":118}},"156":{"start":{"line":834,"column":16},"end":{"line":834,"column":23}},"157":{"start":{"line":852,"column":4},"end":{"line":874,"column":7}},"158":{"start":{"line":853,"column":8},"end":{"line":853,"column":62}},"159":{"start":{"line":854,"column":8},"end":{"line":873,"column":15}},"160":{"start":{"line":865,"column":16},"end":{"line":867,"column":17}},"161":{"start":{"line":866,"column":20},"end":{"line":866,"column":37}},"162":{"start":{"line":870,"column":16},"end":{"line":870,"column":124}},"163":{"start":{"line":871,"column":16},"end":{"line":871,"column":23}},"164":{"start":{"line":890,"column":4},"end":{"line":912,"column":7}},"165":{"start":{"line":891,"column":8},"end":{"line":891,"column":45}},"166":{"start":{"line":892,"column":8},"end":{"line":911,"column":15}},"167":{"start":{"line":903,"column":16},"end":{"line":905,"column":17}},"168":{"start":{"line":904,"column":20},"end":{"line":904,"column":37}},"169":{"start":{"line":908,"column":16},"end":{"line":908,"column":107}},"170":{"start":{"line":909,"column":16},"end":{"line":909,"column":23}},"171":{"start":{"line":927,"column":4},"end":{"line":948,"column":7}},"172":{"start":{"line":928,"column":8},"end":{"line":947,"column":15}},"173":{"start":{"line":939,"column":16},"end":{"line":941,"column":17}},"174":{"start":{"line":940,"column":20},"end":{"line":940,"column":37}},"175":{"start":{"line":944,"column":16},"end":{"line":944,"column":96}},"176":{"start":{"line":945,"column":16},"end":{"line":945,"column":23}},"177":{"start":{"line":962,"column":4},"end":{"line":983,"column":7}},"178":{"start":{"line":963,"column":8},"end":{"line":982,"column":15}},"179":{"start":{"line":974,"column":16},"end":{"line":976,"column":17}},"180":{"start":{"line":975,"column":20},"end":{"line":975,"column":37}},"181":{"start":{"line":979,"column":16},"end":{"line":979,"column":105}},"182":{"start":{"line":980,"column":16},"end":{"line":980,"column":23}},"183":{"start":{"line":997,"column":4},"end":{"line":1018,"column":7}},"184":{"start":{"line":998,"column":8},"end":{"line":1017,"column":15}},"185":{"start":{"line":1009,"column":16},"end":{"line":1011,"column":17}},"186":{"start":{"line":1010,"column":20},"end":{"line":1010,"column":37}},"187":{"start":{"line":1014,"column":16},"end":{"line":1014,"column":117}},"188":{"start":{"line":1015,"column":16},"end":{"line":1015,"column":23}},"189":{"start":{"line":1034,"column":4},"end":{"line":1056,"column":7}},"190":{"start":{"line":1035,"column":8},"end":{"line":1035,"column":59}},"191":{"start":{"line":1036,"column":8},"end":{"line":1055,"column":15}},"192":{"start":{"line":1047,"column":16},"end":{"line":1049,"column":17}},"193":{"start":{"line":1048,"column":20},"end":{"line":1048,"column":37}},"194":{"start":{"line":1052,"column":16},"end":{"line":1052,"column":119}},"195":{"start":{"line":1053,"column":16},"end":{"line":1053,"column":23}},"196":{"start":{"line":1071,"column":4},"end":{"line":1092,"column":7}},"197":{"start":{"line":1072,"column":8},"end":{"line":1091,"column":15}},"198":{"start":{"line":1083,"column":16},"end":{"line":1085,"column":17}},"199":{"start":{"line":1084,"column":20},"end":{"line":1084,"column":37}},"200":{"start":{"line":1088,"column":16},"end":{"line":1088,"column":118}},"201":{"start":{"line":1089,"column":16},"end":{"line":1089,"column":23}},"202":{"start":{"line":1107,"column":4},"end":{"line":1129,"column":7}},"203":{"start":{"line":1108,"column":8},"end":{"line":1108,"column":59}},"204":{"start":{"line":1109,"column":8},"end":{"line":1128,"column":15}},"205":{"start":{"line":1120,"column":16},"end":{"line":1122,"column":17}},"206":{"start":{"line":1121,"column":20},"end":{"line":1121,"column":37}},"207":{"start":{"line":1125,"column":16},"end":{"line":1125,"column":125}},"208":{"start":{"line":1126,"column":16},"end":{"line":1126,"column":23}},"209":{"start":{"line":1146,"column":4},"end":{"line":1167,"column":7}},"210":{"start":{"line":1147,"column":8},"end":{"line":1166,"column":15}},"211":{"start":{"line":1158,"column":16},"end":{"line":1160,"column":17}},"212":{"start":{"line":1159,"column":20},"end":{"line":1159,"column":37}},"213":{"start":{"line":1163,"column":16},"end":{"line":1163,"column":97}},"214":{"start":{"line":1164,"column":16},"end":{"line":1164,"column":23}},"215":{"start":{"line":1182,"column":4},"end":{"line":1204,"column":7}},"216":{"start":{"line":1183,"column":8},"end":{"line":1202,"column":15}},"217":{"start":{"line":1194,"column":16},"end":{"line":1196,"column":17}},"218":{"start":{"line":1195,"column":20},"end":{"line":1195,"column":37}},"219":{"start":{"line":1199,"column":16},"end":{"line":1199,"column":115}},"220":{"start":{"line":1200,"column":16},"end":{"line":1200,"column":23}},"221":{"start":{"line":1219,"column":4},"end":{"line":1240,"column":7}},"222":{"start":{"line":1220,"column":8},"end":{"line":1239,"column":15}},"223":{"start":{"line":1231,"column":16},"end":{"line":1233,"column":17}},"224":{"start":{"line":1232,"column":20},"end":{"line":1232,"column":37}},"225":{"start":{"line":1236,"column":16},"end":{"line":1236,"column":126}},"226":{"start":{"line":1237,"column":16},"end":{"line":1237,"column":23}},"227":{"start":{"line":1256,"column":4},"end":{"line":1278,"column":7}},"228":{"start":{"line":1257,"column":8},"end":{"line":1257,"column":58}},"229":{"start":{"line":1258,"column":8},"end":{"line":1277,"column":15}},"230":{"start":{"line":1269,"column":16},"end":{"line":1271,"column":17}},"231":{"start":{"line":1270,"column":20},"end":{"line":1270,"column":37}},"232":{"start":{"line":1274,"column":16},"end":{"line":1274,"column":126}},"233":{"start":{"line":1275,"column":16},"end":{"line":1275,"column":23}},"234":{"start":{"line":1294,"column":4},"end":{"line":1315,"column":7}},"235":{"start":{"line":1295,"column":8},"end":{"line":1314,"column":15}},"236":{"start":{"line":1306,"column":16},"end":{"line":1308,"column":17}},"237":{"start":{"line":1307,"column":20},"end":{"line":1307,"column":37}},"238":{"start":{"line":1311,"column":16},"end":{"line":1311,"column":129}},"239":{"start":{"line":1312,"column":16},"end":{"line":1312,"column":23}},"240":{"start":{"line":1331,"column":4},"end":{"line":1352,"column":7}},"241":{"start":{"line":1332,"column":8},"end":{"line":1351,"column":15}},"242":{"start":{"line":1343,"column":16},"end":{"line":1345,"column":17}},"243":{"start":{"line":1344,"column":20},"end":{"line":1344,"column":37}},"244":{"start":{"line":1348,"column":16},"end":{"line":1348,"column":113}},"245":{"start":{"line":1349,"column":16},"end":{"line":1349,"column":23}},"246":{"start":{"line":1368,"column":4},"end":{"line":1390,"column":7}},"247":{"start":{"line":1369,"column":8},"end":{"line":1369,"column":46}},"248":{"start":{"line":1370,"column":8},"end":{"line":1389,"column":15}},"249":{"start":{"line":1381,"column":16},"end":{"line":1383,"column":17}},"250":{"start":{"line":1382,"column":20},"end":{"line":1382,"column":37}},"251":{"start":{"line":1386,"column":16},"end":{"line":1386,"column":115}},"252":{"start":{"line":1387,"column":16},"end":{"line":1387,"column":23}},"253":{"start":{"line":1407,"column":4},"end":{"line":1428,"column":7}},"254":{"start":{"line":1408,"column":8},"end":{"line":1427,"column":15}},"255":{"start":{"line":1419,"column":16},"end":{"line":1421,"column":17}},"256":{"start":{"line":1420,"column":20},"end":{"line":1420,"column":37}},"257":{"start":{"line":1424,"column":16},"end":{"line":1424,"column":128}},"258":{"start":{"line":1425,"column":16},"end":{"line":1425,"column":23}},"259":{"start":{"line":1453,"column":0},"end":{"line":1822,"column":3}},"260":{"start":{"line":1466,"column":4},"end":{"line":1486,"column":7}},"261":{"start":{"line":1467,"column":8},"end":{"line":1485,"column":15}},"262":{"start":{"line":1477,"column":16},"end":{"line":1479,"column":17}},"263":{"start":{"line":1478,"column":20},"end":{"line":1478,"column":37}},"264":{"start":{"line":1482,"column":16},"end":{"line":1482,"column":111}},"265":{"start":{"line":1483,"column":16},"end":{"line":1483,"column":23}},"266":{"start":{"line":1501,"column":4},"end":{"line":1523,"column":7}},"267":{"start":{"line":1502,"column":8},"end":{"line":1522,"column":15}},"268":{"start":{"line":1513,"column":16},"end":{"line":1515,"column":17}},"269":{"start":{"line":1514,"column":20},"end":{"line":1514,"column":37}},"270":{"start":{"line":1518,"column":16},"end":{"line":1518,"column":108}},"271":{"start":{"line":1519,"column":16},"end":{"line":1519,"column":70}},"272":{"start":{"line":1520,"column":16},"end":{"line":1520,"column":23}},"273":{"start":{"line":1539,"column":4},"end":{"line":1560,"column":7}},"274":{"start":{"line":1540,"column":8},"end":{"line":1559,"column":15}},"275":{"start":{"line":1551,"column":16},"end":{"line":1553,"column":17}},"276":{"start":{"line":1552,"column":20},"end":{"line":1552,"column":37}},"277":{"start":{"line":1556,"column":16},"end":{"line":1556,"column":126}},"278":{"start":{"line":1557,"column":16},"end":{"line":1557,"column":23}},"279":{"start":{"line":1723,"column":4},"end":{"line":1744,"column":7}},"280":{"start":{"line":1724,"column":8},"end":{"line":1743,"column":15}},"281":{"start":{"line":1735,"column":16},"end":{"line":1737,"column":17}},"282":{"start":{"line":1736,"column":20},"end":{"line":1736,"column":37}},"283":{"start":{"line":1740,"column":16},"end":{"line":1740,"column":128}},"284":{"start":{"line":1741,"column":16},"end":{"line":1741,"column":23}},"285":{"start":{"line":1760,"column":4},"end":{"line":1782,"column":7}},"286":{"start":{"line":1761,"column":8},"end":{"line":1761,"column":27}},"287":{"start":{"line":1762,"column":8},"end":{"line":1781,"column":15}},"288":{"start":{"line":1773,"column":16},"end":{"line":1775,"column":17}},"289":{"start":{"line":1774,"column":20},"end":{"line":1774,"column":37}},"290":{"start":{"line":1778,"column":16},"end":{"line":1778,"column":121}},"291":{"start":{"line":1779,"column":16},"end":{"line":1779,"column":23}},"292":{"start":{"line":1798,"column":4},"end":{"line":1820,"column":7}},"293":{"start":{"line":1800,"column":8},"end":{"line":1819,"column":15}},"294":{"start":{"line":1811,"column":16},"end":{"line":1813,"column":17}},"295":{"start":{"line":1812,"column":20},"end":{"line":1812,"column":37}},"296":{"start":{"line":1816,"column":16},"end":{"line":1816,"column":131}},"297":{"start":{"line":1817,"column":16},"end":{"line":1817,"column":23}}},"fnMap":{"0":{"name":"testJSON","decl":{"start":{"line":32,"column":9},"end":{"line":32,"column":17}},"loc":{"start":{"line":32,"column":20},"end":{"line":37,"column":1}},"line":32},"1":{"name":"(anonymous_1)","decl":{"start":{"line":55,"column":37},"end":{"line":55,"column":38}},"loc":{"start":{"line":55,"column":43},"end":{"line":153,"column":1}},"line":55},"2":{"name":"(anonymous_2)","decl":{"start":{"line":66,"column":43},"end":{"line":66,"column":44}},"loc":{"start":{"line":66,"column":51},"end":{"line":85,"column":5}},"line":66},"3":{"name":"(anonymous_3)","decl":{"start":{"line":73,"column":17},"end":{"line":73,"column":18}},"loc":{"start":{"line":73,"column":31},"end":{"line":84,"column":13}},"line":73},"4":{"name":"(anonymous_4)","decl":{"start":{"line":100,"column":43},"end":{"line":100,"column":44}},"loc":{"start":{"line":100,"column":51},"end":{"line":119,"column":5}},"line":100},"5":{"name":"(anonymous_5)","decl":{"start":{"line":108,"column":17},"end":{"line":108,"column":18}},"loc":{"start":{"line":108,"column":31},"end":{"line":118,"column":13}},"line":108},"6":{"name":"(anonymous_6)","decl":{"start":{"line":133,"column":43},"end":{"line":133,"column":44}},"loc":{"start":{"line":133,"column":51},"end":{"line":152,"column":5}},"line":133},"7":{"name":"(anonymous_7)","decl":{"start":{"line":141,"column":17},"end":{"line":141,"column":18}},"loc":{"start":{"line":141,"column":31},"end":{"line":151,"column":13}},"line":141},"8":{"name":"(anonymous_8)","decl":{"start":{"line":167,"column":39},"end":{"line":167,"column":40}},"loc":{"start":{"line":167,"column":47},"end":{"line":186,"column":1}},"line":167},"9":{"name":"(anonymous_9)","decl":{"start":{"line":175,"column":13},"end":{"line":175,"column":14}},"loc":{"start":{"line":175,"column":27},"end":{"line":185,"column":9}},"line":175},"10":{"name":"(anonymous_10)","decl":{"start":{"line":200,"column":43},"end":{"line":200,"column":44}},"loc":{"start":{"line":200,"column":51},"end":{"line":219,"column":1}},"line":200},"11":{"name":"(anonymous_11)","decl":{"start":{"line":208,"column":13},"end":{"line":208,"column":14}},"loc":{"start":{"line":208,"column":27},"end":{"line":218,"column":9}},"line":208},"12":{"name":"(anonymous_12)","decl":{"start":{"line":234,"column":37},"end":{"line":234,"column":38}},"loc":{"start":{"line":234,"column":45},"end":{"line":255,"column":1}},"line":234},"13":{"name":"(anonymous_13)","decl":{"start":{"line":241,"column":13},"end":{"line":241,"column":14}},"loc":{"start":{"line":241,"column":27},"end":{"line":254,"column":9}},"line":241},"14":{"name":"(anonymous_14)","decl":{"start":{"line":269,"column":37},"end":{"line":269,"column":38}},"loc":{"start":{"line":269,"column":45},"end":{"line":290,"column":1}},"line":269},"15":{"name":"(anonymous_15)","decl":{"start":{"line":277,"column":13},"end":{"line":277,"column":14}},"loc":{"start":{"line":277,"column":27},"end":{"line":289,"column":9}},"line":277},"16":{"name":"(anonymous_16)","decl":{"start":{"line":305,"column":37},"end":{"line":305,"column":38}},"loc":{"start":{"line":305,"column":45},"end":{"line":326,"column":1}},"line":305},"17":{"name":"(anonymous_17)","decl":{"start":{"line":313,"column":13},"end":{"line":313,"column":14}},"loc":{"start":{"line":313,"column":27},"end":{"line":325,"column":9}},"line":313},"18":{"name":"(anonymous_18)","decl":{"start":{"line":341,"column":37},"end":{"line":341,"column":38}},"loc":{"start":{"line":341,"column":45},"end":{"line":362,"column":1}},"line":341},"19":{"name":"(anonymous_19)","decl":{"start":{"line":349,"column":13},"end":{"line":349,"column":14}},"loc":{"start":{"line":349,"column":27},"end":{"line":361,"column":9}},"line":349},"20":{"name":"(anonymous_20)","decl":{"start":{"line":375,"column":46},"end":{"line":375,"column":47}},"loc":{"start":{"line":375,"column":54},"end":{"line":396,"column":1}},"line":375},"21":{"name":"(anonymous_21)","decl":{"start":{"line":383,"column":13},"end":{"line":383,"column":14}},"loc":{"start":{"line":383,"column":27},"end":{"line":395,"column":9}},"line":383},"22":{"name":"(anonymous_22)","decl":{"start":{"line":411,"column":46},"end":{"line":411,"column":47}},"loc":{"start":{"line":411,"column":54},"end":{"line":432,"column":1}},"line":411},"23":{"name":"(anonymous_23)","decl":{"start":{"line":420,"column":13},"end":{"line":420,"column":14}},"loc":{"start":{"line":420,"column":27},"end":{"line":431,"column":9}},"line":420},"24":{"name":"(anonymous_24)","decl":{"start":{"line":447,"column":46},"end":{"line":447,"column":47}},"loc":{"start":{"line":447,"column":54},"end":{"line":468,"column":1}},"line":447},"25":{"name":"(anonymous_25)","decl":{"start":{"line":456,"column":13},"end":{"line":456,"column":14}},"loc":{"start":{"line":456,"column":27},"end":{"line":467,"column":9}},"line":456},"26":{"name":"(anonymous_26)","decl":{"start":{"line":482,"column":45},"end":{"line":482,"column":46}},"loc":{"start":{"line":482,"column":53},"end":{"line":504,"column":1}},"line":482},"27":{"name":"(anonymous_27)","decl":{"start":{"line":491,"column":13},"end":{"line":491,"column":14}},"loc":{"start":{"line":491,"column":27},"end":{"line":503,"column":9}},"line":491},"28":{"name":"(anonymous_28)","decl":{"start":{"line":519,"column":45},"end":{"line":519,"column":46}},"loc":{"start":{"line":519,"column":53},"end":{"line":541,"column":1}},"line":519},"29":{"name":"(anonymous_29)","decl":{"start":{"line":528,"column":13},"end":{"line":528,"column":14}},"loc":{"start":{"line":528,"column":27},"end":{"line":540,"column":9}},"line":528},"30":{"name":"(anonymous_30)","decl":{"start":{"line":563,"column":39},"end":{"line":563,"column":40}},"loc":{"start":{"line":563,"column":45},"end":{"line":744,"column":1}},"line":563},"31":{"name":"(anonymous_31)","decl":{"start":{"line":575,"column":47},"end":{"line":575,"column":48}},"loc":{"start":{"line":575,"column":55},"end":{"line":596,"column":5}},"line":575},"32":{"name":"(anonymous_32)","decl":{"start":{"line":583,"column":17},"end":{"line":583,"column":18}},"loc":{"start":{"line":583,"column":31},"end":{"line":595,"column":13}},"line":583},"33":{"name":"(anonymous_33)","decl":{"start":{"line":612,"column":47},"end":{"line":612,"column":48}},"loc":{"start":{"line":612,"column":55},"end":{"line":634,"column":5}},"line":612},"34":{"name":"(anonymous_34)","decl":{"start":{"line":621,"column":17},"end":{"line":621,"column":18}},"loc":{"start":{"line":621,"column":31},"end":{"line":633,"column":13}},"line":621},"35":{"name":"(anonymous_35)","decl":{"start":{"line":650,"column":47},"end":{"line":650,"column":48}},"loc":{"start":{"line":650,"column":55},"end":{"line":672,"column":5}},"line":650},"36":{"name":"(anonymous_36)","decl":{"start":{"line":659,"column":17},"end":{"line":659,"column":18}},"loc":{"start":{"line":659,"column":31},"end":{"line":671,"column":13}},"line":659},"37":{"name":"(anonymous_37)","decl":{"start":{"line":687,"column":45},"end":{"line":687,"column":46}},"loc":{"start":{"line":687,"column":53},"end":{"line":708,"column":5}},"line":687},"38":{"name":"(anonymous_38)","decl":{"start":{"line":695,"column":17},"end":{"line":695,"column":18}},"loc":{"start":{"line":695,"column":31},"end":{"line":707,"column":13}},"line":695},"39":{"name":"(anonymous_39)","decl":{"start":{"line":722,"column":47},"end":{"line":722,"column":48}},"loc":{"start":{"line":722,"column":55},"end":{"line":743,"column":5}},"line":722},"40":{"name":"(anonymous_40)","decl":{"start":{"line":730,"column":17},"end":{"line":730,"column":18}},"loc":{"start":{"line":730,"column":31},"end":{"line":742,"column":13}},"line":730},"41":{"name":"(anonymous_41)","decl":{"start":{"line":766,"column":38},"end":{"line":766,"column":39}},"loc":{"start":{"line":766,"column":44},"end":{"line":1429,"column":1}},"line":766},"42":{"name":"(anonymous_42)","decl":{"start":{"line":779,"column":46},"end":{"line":779,"column":47}},"loc":{"start":{"line":779,"column":54},"end":{"line":800,"column":5}},"line":779},"43":{"name":"(anonymous_43)","decl":{"start":{"line":787,"column":17},"end":{"line":787,"column":18}},"loc":{"start":{"line":787,"column":31},"end":{"line":799,"column":13}},"line":787},"44":{"name":"(anonymous_44)","decl":{"start":{"line":815,"column":46},"end":{"line":815,"column":47}},"loc":{"start":{"line":815,"column":54},"end":{"line":837,"column":5}},"line":815},"45":{"name":"(anonymous_45)","decl":{"start":{"line":824,"column":17},"end":{"line":824,"column":18}},"loc":{"start":{"line":824,"column":31},"end":{"line":836,"column":13}},"line":824},"46":{"name":"(anonymous_46)","decl":{"start":{"line":852,"column":46},"end":{"line":852,"column":47}},"loc":{"start":{"line":852,"column":54},"end":{"line":874,"column":5}},"line":852},"47":{"name":"(anonymous_47)","decl":{"start":{"line":861,"column":17},"end":{"line":861,"column":18}},"loc":{"start":{"line":861,"column":31},"end":{"line":873,"column":13}},"line":861},"48":{"name":"(anonymous_48)","decl":{"start":{"line":890,"column":46},"end":{"line":890,"column":47}},"loc":{"start":{"line":890,"column":54},"end":{"line":912,"column":5}},"line":890},"49":{"name":"(anonymous_49)","decl":{"start":{"line":899,"column":17},"end":{"line":899,"column":18}},"loc":{"start":{"line":899,"column":31},"end":{"line":911,"column":13}},"line":899},"50":{"name":"(anonymous_50)","decl":{"start":{"line":927,"column":44},"end":{"line":927,"column":45}},"loc":{"start":{"line":927,"column":52},"end":{"line":948,"column":5}},"line":927},"51":{"name":"(anonymous_51)","decl":{"start":{"line":935,"column":17},"end":{"line":935,"column":18}},"loc":{"start":{"line":935,"column":31},"end":{"line":947,"column":13}},"line":935},"52":{"name":"(anonymous_52)","decl":{"start":{"line":962,"column":46},"end":{"line":962,"column":47}},"loc":{"start":{"line":962,"column":54},"end":{"line":983,"column":5}},"line":962},"53":{"name":"(anonymous_53)","decl":{"start":{"line":970,"column":17},"end":{"line":970,"column":18}},"loc":{"start":{"line":970,"column":31},"end":{"line":982,"column":13}},"line":970},"54":{"name":"(anonymous_54)","decl":{"start":{"line":997,"column":44},"end":{"line":997,"column":45}},"loc":{"start":{"line":997,"column":52},"end":{"line":1018,"column":5}},"line":997},"55":{"name":"(anonymous_55)","decl":{"start":{"line":1005,"column":17},"end":{"line":1005,"column":18}},"loc":{"start":{"line":1005,"column":31},"end":{"line":1017,"column":13}},"line":1005},"56":{"name":"(anonymous_56)","decl":{"start":{"line":1034,"column":44},"end":{"line":1034,"column":45}},"loc":{"start":{"line":1034,"column":52},"end":{"line":1056,"column":5}},"line":1034},"57":{"name":"(anonymous_57)","decl":{"start":{"line":1043,"column":17},"end":{"line":1043,"column":18}},"loc":{"start":{"line":1043,"column":31},"end":{"line":1055,"column":13}},"line":1043},"58":{"name":"(anonymous_58)","decl":{"start":{"line":1071,"column":51},"end":{"line":1071,"column":52}},"loc":{"start":{"line":1071,"column":59},"end":{"line":1092,"column":5}},"line":1071},"59":{"name":"(anonymous_59)","decl":{"start":{"line":1079,"column":17},"end":{"line":1079,"column":18}},"loc":{"start":{"line":1079,"column":31},"end":{"line":1091,"column":13}},"line":1079},"60":{"name":"(anonymous_60)","decl":{"start":{"line":1107,"column":51},"end":{"line":1107,"column":52}},"loc":{"start":{"line":1107,"column":59},"end":{"line":1129,"column":5}},"line":1107},"61":{"name":"(anonymous_61)","decl":{"start":{"line":1116,"column":17},"end":{"line":1116,"column":18}},"loc":{"start":{"line":1116,"column":31},"end":{"line":1128,"column":13}},"line":1116},"62":{"name":"(anonymous_62)","decl":{"start":{"line":1146,"column":44},"end":{"line":1146,"column":45}},"loc":{"start":{"line":1146,"column":52},"end":{"line":1167,"column":5}},"line":1146},"63":{"name":"(anonymous_63)","decl":{"start":{"line":1154,"column":17},"end":{"line":1154,"column":18}},"loc":{"start":{"line":1154,"column":31},"end":{"line":1166,"column":13}},"line":1154},"64":{"name":"(anonymous_64)","decl":{"start":{"line":1182,"column":50},"end":{"line":1182,"column":51}},"loc":{"start":{"line":1182,"column":58},"end":{"line":1204,"column":5}},"line":1182},"65":{"name":"(anonymous_65)","decl":{"start":{"line":1190,"column":17},"end":{"line":1190,"column":18}},"loc":{"start":{"line":1190,"column":31},"end":{"line":1202,"column":13}},"line":1190},"66":{"name":"(anonymous_66)","decl":{"start":{"line":1219,"column":51},"end":{"line":1219,"column":52}},"loc":{"start":{"line":1219,"column":59},"end":{"line":1240,"column":5}},"line":1219},"67":{"name":"(anonymous_67)","decl":{"start":{"line":1227,"column":17},"end":{"line":1227,"column":18}},"loc":{"start":{"line":1227,"column":31},"end":{"line":1239,"column":13}},"line":1227},"68":{"name":"(anonymous_68)","decl":{"start":{"line":1256,"column":51},"end":{"line":1256,"column":52}},"loc":{"start":{"line":1256,"column":59},"end":{"line":1278,"column":5}},"line":1256},"69":{"name":"(anonymous_69)","decl":{"start":{"line":1265,"column":17},"end":{"line":1265,"column":18}},"loc":{"start":{"line":1265,"column":31},"end":{"line":1277,"column":13}},"line":1265},"70":{"name":"(anonymous_70)","decl":{"start":{"line":1294,"column":55},"end":{"line":1294,"column":56}},"loc":{"start":{"line":1294,"column":63},"end":{"line":1315,"column":5}},"line":1294},"71":{"name":"(anonymous_71)","decl":{"start":{"line":1302,"column":17},"end":{"line":1302,"column":18}},"loc":{"start":{"line":1302,"column":31},"end":{"line":1314,"column":13}},"line":1302},"72":{"name":"(anonymous_72)","decl":{"start":{"line":1331,"column":51},"end":{"line":1331,"column":52}},"loc":{"start":{"line":1331,"column":59},"end":{"line":1352,"column":5}},"line":1331},"73":{"name":"(anonymous_73)","decl":{"start":{"line":1339,"column":17},"end":{"line":1339,"column":18}},"loc":{"start":{"line":1339,"column":31},"end":{"line":1351,"column":13}},"line":1339},"74":{"name":"(anonymous_74)","decl":{"start":{"line":1368,"column":51},"end":{"line":1368,"column":52}},"loc":{"start":{"line":1368,"column":59},"end":{"line":1390,"column":5}},"line":1368},"75":{"name":"(anonymous_75)","decl":{"start":{"line":1377,"column":17},"end":{"line":1377,"column":18}},"loc":{"start":{"line":1377,"column":31},"end":{"line":1389,"column":13}},"line":1377},"76":{"name":"(anonymous_76)","decl":{"start":{"line":1407,"column":55},"end":{"line":1407,"column":56}},"loc":{"start":{"line":1407,"column":63},"end":{"line":1428,"column":5}},"line":1407},"77":{"name":"(anonymous_77)","decl":{"start":{"line":1415,"column":17},"end":{"line":1415,"column":18}},"loc":{"start":{"line":1415,"column":31},"end":{"line":1427,"column":13}},"line":1415},"78":{"name":"(anonymous_78)","decl":{"start":{"line":1453,"column":43},"end":{"line":1453,"column":44}},"loc":{"start":{"line":1453,"column":49},"end":{"line":1822,"column":1}},"line":1453},"79":{"name":"(anonymous_79)","decl":{"start":{"line":1466,"column":56},"end":{"line":1466,"column":57}},"loc":{"start":{"line":1466,"column":64},"end":{"line":1486,"column":5}},"line":1466},"80":{"name":"(anonymous_80)","decl":{"start":{"line":1473,"column":17},"end":{"line":1473,"column":18}},"loc":{"start":{"line":1473,"column":31},"end":{"line":1485,"column":13}},"line":1473},"81":{"name":"(anonymous_81)","decl":{"start":{"line":1501,"column":46},"end":{"line":1501,"column":47}},"loc":{"start":{"line":1501,"column":54},"end":{"line":1523,"column":5}},"line":1501},"82":{"name":"(anonymous_82)","decl":{"start":{"line":1509,"column":17},"end":{"line":1509,"column":18}},"loc":{"start":{"line":1509,"column":31},"end":{"line":1522,"column":13}},"line":1509},"83":{"name":"(anonymous_83)","decl":{"start":{"line":1539,"column":76},"end":{"line":1539,"column":77}},"loc":{"start":{"line":1539,"column":84},"end":{"line":1560,"column":5}},"line":1539},"84":{"name":"(anonymous_84)","decl":{"start":{"line":1547,"column":17},"end":{"line":1547,"column":18}},"loc":{"start":{"line":1547,"column":31},"end":{"line":1559,"column":13}},"line":1547},"85":{"name":"(anonymous_85)","decl":{"start":{"line":1723,"column":59},"end":{"line":1723,"column":60}},"loc":{"start":{"line":1723,"column":67},"end":{"line":1744,"column":5}},"line":1723},"86":{"name":"(anonymous_86)","decl":{"start":{"line":1731,"column":17},"end":{"line":1731,"column":18}},"loc":{"start":{"line":1731,"column":31},"end":{"line":1743,"column":13}},"line":1731},"87":{"name":"(anonymous_87)","decl":{"start":{"line":1760,"column":64},"end":{"line":1760,"column":65}},"loc":{"start":{"line":1760,"column":72},"end":{"line":1782,"column":5}},"line":1760},"88":{"name":"(anonymous_88)","decl":{"start":{"line":1769,"column":17},"end":{"line":1769,"column":18}},"loc":{"start":{"line":1769,"column":31},"end":{"line":1781,"column":13}},"line":1769},"89":{"name":"(anonymous_89)","decl":{"start":{"line":1798,"column":64},"end":{"line":1798,"column":65}},"loc":{"start":{"line":1798,"column":72},"end":{"line":1820,"column":5}},"line":1798},"90":{"name":"(anonymous_90)","decl":{"start":{"line":1807,"column":17},"end":{"line":1807,"column":18}},"loc":{"start":{"line":1807,"column":31},"end":{"line":1819,"column":13}},"line":1807}},"branchMap":{"0":{"loc":{"start":{"line":76,"column":16},"end":{"line":78,"column":17}},"type":"if","locations":[{"start":{"line":76,"column":16},"end":{"line":78,"column":17}},{"start":{"line":76,"column":16},"end":{"line":78,"column":17}}],"line":76},"1":{"loc":{"start":{"line":111,"column":16},"end":{"line":113,"column":17}},"type":"if","locations":[{"start":{"line":111,"column":16},"end":{"line":113,"column":17}},{"start":{"line":111,"column":16},"end":{"line":113,"column":17}}],"line":111},"2":{"loc":{"start":{"line":144,"column":16},"end":{"line":146,"column":17}},"type":"if","locations":[{"start":{"line":144,"column":16},"end":{"line":146,"column":17}},{"start":{"line":144,"column":16},"end":{"line":146,"column":17}}],"line":144},"3":{"loc":{"start":{"line":178,"column":12},"end":{"line":180,"column":13}},"type":"if","locations":[{"start":{"line":178,"column":12},"end":{"line":180,"column":13}},{"start":{"line":178,"column":12},"end":{"line":180,"column":13}}],"line":178},"4":{"loc":{"start":{"line":211,"column":12},"end":{"line":213,"column":13}},"type":"if","locations":[{"start":{"line":211,"column":12},"end":{"line":213,"column":13}},{"start":{"line":211,"column":12},"end":{"line":213,"column":13}}],"line":211},"5":{"loc":{"start":{"line":246,"column":12},"end":{"line":248,"column":13}},"type":"if","locations":[{"start":{"line":246,"column":12},"end":{"line":248,"column":13}},{"start":{"line":246,"column":12},"end":{"line":248,"column":13}}],"line":246},"6":{"loc":{"start":{"line":282,"column":12},"end":{"line":284,"column":13}},"type":"if","locations":[{"start":{"line":282,"column":12},"end":{"line":284,"column":13}},{"start":{"line":282,"column":12},"end":{"line":284,"column":13}}],"line":282},"7":{"loc":{"start":{"line":318,"column":12},"end":{"line":320,"column":13}},"type":"if","locations":[{"start":{"line":318,"column":12},"end":{"line":320,"column":13}},{"start":{"line":318,"column":12},"end":{"line":320,"column":13}}],"line":318},"8":{"loc":{"start":{"line":354,"column":12},"end":{"line":356,"column":13}},"type":"if","locations":[{"start":{"line":354,"column":12},"end":{"line":356,"column":13}},{"start":{"line":354,"column":12},"end":{"line":356,"column":13}}],"line":354},"9":{"loc":{"start":{"line":387,"column":12},"end":{"line":389,"column":13}},"type":"if","locations":[{"start":{"line":387,"column":12},"end":{"line":389,"column":13}},{"start":{"line":387,"column":12},"end":{"line":389,"column":13}}],"line":387},"10":{"loc":{"start":{"line":424,"column":12},"end":{"line":426,"column":13}},"type":"if","locations":[{"start":{"line":424,"column":12},"end":{"line":426,"column":13}},{"start":{"line":424,"column":12},"end":{"line":426,"column":13}}],"line":424},"11":{"loc":{"start":{"line":460,"column":12},"end":{"line":462,"column":13}},"type":"if","locations":[{"start":{"line":460,"column":12},"end":{"line":462,"column":13}},{"start":{"line":460,"column":12},"end":{"line":462,"column":13}}],"line":460},"12":{"loc":{"start":{"line":495,"column":12},"end":{"line":497,"column":13}},"type":"if","locations":[{"start":{"line":495,"column":12},"end":{"line":497,"column":13}},{"start":{"line":495,"column":12},"end":{"line":497,"column":13}}],"line":495},"13":{"loc":{"start":{"line":532,"column":12},"end":{"line":534,"column":13}},"type":"if","locations":[{"start":{"line":532,"column":12},"end":{"line":534,"column":13}},{"start":{"line":532,"column":12},"end":{"line":534,"column":13}}],"line":532},"14":{"loc":{"start":{"line":587,"column":16},"end":{"line":589,"column":17}},"type":"if","locations":[{"start":{"line":587,"column":16},"end":{"line":589,"column":17}},{"start":{"line":587,"column":16},"end":{"line":589,"column":17}}],"line":587},"15":{"loc":{"start":{"line":625,"column":16},"end":{"line":627,"column":17}},"type":"if","locations":[{"start":{"line":625,"column":16},"end":{"line":627,"column":17}},{"start":{"line":625,"column":16},"end":{"line":627,"column":17}}],"line":625},"16":{"loc":{"start":{"line":663,"column":16},"end":{"line":665,"column":17}},"type":"if","locations":[{"start":{"line":663,"column":16},"end":{"line":665,"column":17}},{"start":{"line":663,"column":16},"end":{"line":665,"column":17}}],"line":663},"17":{"loc":{"start":{"line":699,"column":16},"end":{"line":701,"column":17}},"type":"if","locations":[{"start":{"line":699,"column":16},"end":{"line":701,"column":17}},{"start":{"line":699,"column":16},"end":{"line":701,"column":17}}],"line":699},"18":{"loc":{"start":{"line":734,"column":16},"end":{"line":736,"column":17}},"type":"if","locations":[{"start":{"line":734,"column":16},"end":{"line":736,"column":17}},{"start":{"line":734,"column":16},"end":{"line":736,"column":17}}],"line":734},"19":{"loc":{"start":{"line":791,"column":16},"end":{"line":793,"column":17}},"type":"if","locations":[{"start":{"line":791,"column":16},"end":{"line":793,"column":17}},{"start":{"line":791,"column":16},"end":{"line":793,"column":17}}],"line":791},"20":{"loc":{"start":{"line":828,"column":16},"end":{"line":830,"column":17}},"type":"if","locations":[{"start":{"line":828,"column":16},"end":{"line":830,"column":17}},{"start":{"line":828,"column":16},"end":{"line":830,"column":17}}],"line":828},"21":{"loc":{"start":{"line":865,"column":16},"end":{"line":867,"column":17}},"type":"if","locations":[{"start":{"line":865,"column":16},"end":{"line":867,"column":17}},{"start":{"line":865,"column":16},"end":{"line":867,"column":17}}],"line":865},"22":{"loc":{"start":{"line":903,"column":16},"end":{"line":905,"column":17}},"type":"if","locations":[{"start":{"line":903,"column":16},"end":{"line":905,"column":17}},{"start":{"line":903,"column":16},"end":{"line":905,"column":17}}],"line":903},"23":{"loc":{"start":{"line":939,"column":16},"end":{"line":941,"column":17}},"type":"if","locations":[{"start":{"line":939,"column":16},"end":{"line":941,"column":17}},{"start":{"line":939,"column":16},"end":{"line":941,"column":17}}],"line":939},"24":{"loc":{"start":{"line":974,"column":16},"end":{"line":976,"column":17}},"type":"if","locations":[{"start":{"line":974,"column":16},"end":{"line":976,"column":17}},{"start":{"line":974,"column":16},"end":{"line":976,"column":17}}],"line":974},"25":{"loc":{"start":{"line":1009,"column":16},"end":{"line":1011,"column":17}},"type":"if","locations":[{"start":{"line":1009,"column":16},"end":{"line":1011,"column":17}},{"start":{"line":1009,"column":16},"end":{"line":1011,"column":17}}],"line":1009},"26":{"loc":{"start":{"line":1047,"column":16},"end":{"line":1049,"column":17}},"type":"if","locations":[{"start":{"line":1047,"column":16},"end":{"line":1049,"column":17}},{"start":{"line":1047,"column":16},"end":{"line":1049,"column":17}}],"line":1047},"27":{"loc":{"start":{"line":1083,"column":16},"end":{"line":1085,"column":17}},"type":"if","locations":[{"start":{"line":1083,"column":16},"end":{"line":1085,"column":17}},{"start":{"line":1083,"column":16},"end":{"line":1085,"column":17}}],"line":1083},"28":{"loc":{"start":{"line":1120,"column":16},"end":{"line":1122,"column":17}},"type":"if","locations":[{"start":{"line":1120,"column":16},"end":{"line":1122,"column":17}},{"start":{"line":1120,"column":16},"end":{"line":1122,"column":17}}],"line":1120},"29":{"loc":{"start":{"line":1158,"column":16},"end":{"line":1160,"column":17}},"type":"if","locations":[{"start":{"line":1158,"column":16},"end":{"line":1160,"column":17}},{"start":{"line":1158,"column":16},"end":{"line":1160,"column":17}}],"line":1158},"30":{"loc":{"start":{"line":1194,"column":16},"end":{"line":1196,"column":17}},"type":"if","locations":[{"start":{"line":1194,"column":16},"end":{"line":1196,"column":17}},{"start":{"line":1194,"column":16},"end":{"line":1196,"column":17}}],"line":1194},"31":{"loc":{"start":{"line":1231,"column":16},"end":{"line":1233,"column":17}},"type":"if","locations":[{"start":{"line":1231,"column":16},"end":{"line":1233,"column":17}},{"start":{"line":1231,"column":16},"end":{"line":1233,"column":17}}],"line":1231},"32":{"loc":{"start":{"line":1269,"column":16},"end":{"line":1271,"column":17}},"type":"if","locations":[{"start":{"line":1269,"column":16},"end":{"line":1271,"column":17}},{"start":{"line":1269,"column":16},"end":{"line":1271,"column":17}}],"line":1269},"33":{"loc":{"start":{"line":1306,"column":16},"end":{"line":1308,"column":17}},"type":"if","locations":[{"start":{"line":1306,"column":16},"end":{"line":1308,"column":17}},{"start":{"line":1306,"column":16},"end":{"line":1308,"column":17}}],"line":1306},"34":{"loc":{"start":{"line":1343,"column":16},"end":{"line":1345,"column":17}},"type":"if","locations":[{"start":{"line":1343,"column":16},"end":{"line":1345,"column":17}},{"start":{"line":1343,"column":16},"end":{"line":1345,"column":17}}],"line":1343},"35":{"loc":{"start":{"line":1381,"column":16},"end":{"line":1383,"column":17}},"type":"if","locations":[{"start":{"line":1381,"column":16},"end":{"line":1383,"column":17}},{"start":{"line":1381,"column":16},"end":{"line":1383,"column":17}}],"line":1381},"36":{"loc":{"start":{"line":1419,"column":16},"end":{"line":1421,"column":17}},"type":"if","locations":[{"start":{"line":1419,"column":16},"end":{"line":1421,"column":17}},{"start":{"line":1419,"column":16},"end":{"line":1421,"column":17}}],"line":1419},"37":{"loc":{"start":{"line":1477,"column":16},"end":{"line":1479,"column":17}},"type":"if","locations":[{"start":{"line":1477,"column":16},"end":{"line":1479,"column":17}},{"start":{"line":1477,"column":16},"end":{"line":1479,"column":17}}],"line":1477},"38":{"loc":{"start":{"line":1513,"column":16},"end":{"line":1515,"column":17}},"type":"if","locations":[{"start":{"line":1513,"column":16},"end":{"line":1515,"column":17}},{"start":{"line":1513,"column":16},"end":{"line":1515,"column":17}}],"line":1513},"39":{"loc":{"start":{"line":1551,"column":16},"end":{"line":1553,"column":17}},"type":"if","locations":[{"start":{"line":1551,"column":16},"end":{"line":1553,"column":17}},{"start":{"line":1551,"column":16},"end":{"line":1553,"column":17}}],"line":1551},"40":{"loc":{"start":{"line":1735,"column":16},"end":{"line":1737,"column":17}},"type":"if","locations":[{"start":{"line":1735,"column":16},"end":{"line":1737,"column":17}},{"start":{"line":1735,"column":16},"end":{"line":1737,"column":17}}],"line":1735},"41":{"loc":{"start":{"line":1773,"column":16},"end":{"line":1775,"column":17}},"type":"if","locations":[{"start":{"line":1773,"column":16},"end":{"line":1775,"column":17}},{"start":{"line":1773,"column":16},"end":{"line":1775,"column":17}}],"line":1773},"42":{"loc":{"start":{"line":1811,"column":16},"end":{"line":1813,"column":17}},"type":"if","locations":[{"start":{"line":1811,"column":16},"end":{"line":1813,"column":17}},{"start":{"line":1811,"column":16},"end":{"line":1813,"column":17}}],"line":1811}},"s":{"0":1,"1":1,"2":1,"3":1,"4":1,"5":1,"6":1,"7":1,"8":1,"9":43,"10":43,"11":43,"12":1,"13":1,"14":1,"15":1,"16":0,"17":1,"18":1,"19":1,"20":1,"21":1,"22":1,"23":1,"24":0,"25":1,"26":1,"27":1,"28":1,"29":1,"30":1,"31":0,"32":1,"33":1,"34":1,"35":1,"36":1,"37":1,"38":0,"39":1,"40":1,"41":1,"42":1,"43":1,"44":0,"45":1,"46":1,"47":1,"48":1,"49":1,"50":0,"51":1,"52":1,"53":1,"54":1,"55":1,"56":1,"57":1,"58":0,"59":1,"60":1,"61":1,"62":1,"63":1,"64":1,"65":0,"66":1,"67":1,"68":1,"69":1,"70":1,"71":1,"72":0,"73":1,"74":1,"75":1,"76":1,"77":1,"78":0,"79":1,"80":1,"81":1,"82":1,"83":1,"84":1,"85":1,"86":0,"87":1,"88":1,"89":1,"90":1,"91":1,"92":1,"93":0,"94":1,"95":1,"96":1,"97":1,"98":1,"99":1,"100":0,"101":1,"102":1,"103":1,"104":1,"105":1,"106":1,"107":0,"108":1,"109":1,"110":1,"111":1,"112":1,"113":1,"114":0,"115":1,"116":1,"117":1,"118":1,"119":1,"120":1,"121":0,"122":1,"123":1,"124":1,"125":1,"126":1,"127":1,"128":0,"129":1,"130":1,"131":1,"132":1,"133":1,"134":0,"135":1,"136":1,"137":1,"138":1,"139":1,"140":0,"141":1,"142":1,"143":1,"144":1,"145":1,"146":1,"147":0,"148":1,"149":1,"150":1,"151":1,"152":1,"153":1,"154":0,"155":1,"156":1,"157":1,"158":1,"159":1,"160":1,"161":0,"162":1,"163":1,"164":1,"165":1,"166":1,"167":1,"168":0,"169":1,"170":1,"171":1,"172":1,"173":1,"174":0,"175":1,"176":0,"177":1,"178":1,"179":1,"180":0,"181":1,"182":1,"183":1,"184":1,"185":1,"186":0,"187":1,"188":1,"189":1,"190":1,"191":1,"192":1,"193":0,"194":1,"195":1,"196":1,"197":1,"198":1,"199":0,"200":1,"201":1,"202":1,"203":1,"204":1,"205":1,"206":0,"207":1,"208":1,"209":1,"210":1,"211":1,"212":0,"213":1,"214":1,"215":1,"216":1,"217":1,"218":0,"219":1,"220":1,"221":1,"222":1,"223":1,"224":0,"225":1,"226":1,"227":1,"228":1,"229":1,"230":1,"231":0,"232":1,"233":1,"234":1,"235":1,"236":1,"237":0,"238":1,"239":1,"240":1,"241":1,"242":1,"243":0,"244":1,"245":1,"246":1,"247":1,"248":1,"249":1,"250":0,"251":1,"252":1,"253":1,"254":1,"255":1,"256":0,"257":1,"258":1,"259":1,"260":1,"261":1,"262":1,"263":0,"264":1,"265":1,"266":1,"267":1,"268":1,"269":0,"270":1,"271":1,"272":1,"273":1,"274":1,"275":1,"276":0,"277":1,"278":1,"279":1,"280":1,"281":1,"282":0,"283":1,"284":1,"285":1,"286":1,"287":1,"288":1,"289":0,"290":1,"291":0,"292":1,"293":1,"294":1,"295":0,"296":1,"297":0},"f":{"0":43,"1":1,"2":1,"3":1,"4":1,"5":1,"6":1,"7":1,"8":1,"9":1,"10":1,"11":1,"12":1,"13":1,"14":1,"15":1,"16":1,"17":1,"18":1,"19":1,"20":1,"21":1,"22":1,"23":1,"24":1,"25":1,"26":1,"27":1,"28":1,"29":1,"30":1,"31":1,"32":1,"33":1,"34":1,"35":1,"36":1,"37":1,"38":1,"39":1,"40":1,"41":1,"42":1,"43":1,"44":1,"45":1,"46":1,"47":1,"48":1,"49":1,"50":1,"51":1,"52":1,"53":1,"54":1,"55":1,"56":1,"57":1,"58":1,"59":1,"60":1,"61":1,"62":1,"63":1,"64":1,"65":1,"66":1,"67":1,"68":1,"69":1,"70":1,"71":1,"72":1,"73":1,"74":1,"75":1,"76":1,"77":1,"78":1,"79":1,"80":1,"81":1,"82":1,"83":1,"84":1,"85":1,"86":1,"87":1,"88":1,"89":1,"90":1},"b":{"0":[0,1],"1":[0,1],"2":[0,1],"3":[0,1],"4":[0,1],"5":[0,1],"6":[0,1],"7":[0,1],"8":[0,1],"9":[0,1],"10":[0,1],"11":[0,1],"12":[0,1],"13":[0,1],"14":[0,1],"15":[0,1],"16":[0,1],"17":[0,1],"18":[0,1],"19":[0,1],"20":[0,1],"21":[0,1],"22":[0,1],"23":[0,1],"24":[0,1],"25":[0,1],"26":[0,1],"27":[0,1],"28":[0,1],"29":[0,1],"30":[0,1],"31":[0,1],"32":[0,1],"33":[0,1],"34":[0,1],"35":[0,1],"36":[0,1],"37":[0,1],"38":[0,1],"39":[0,1],"40":[0,1],"41":[0,1],"42":[0,1]},"_coverageSchema":"43e27e138ebf9cfc5966b082cf9a028302ed4184","hash":"32adcbb34ca3382df6cd2f3fc3656659170cb234","contentHash":"18e1a5ee5863e4cb7dc2c6e25caea792467957374b95eee9755a9b8b28fa354b"},"/home/admin1/Desktop/fundoo(apollo)/server.js":{"path":"/home/admin1/Desktop/fundoo(apollo)/server.js","statementMap":{"0":{"start":{"line":18,"column":25},"end":{"line":18,"column":49}},"1":{"start":{"line":19,"column":0},"end":{"line":19,"column":27}},"2":{"start":{"line":20,"column":16},"end":{"line":20,"column":34}},"3":{"start":{"line":21,"column":21},"end":{"line":21,"column":60}},"4":{"start":{"line":22,"column":18},"end":{"line":22,"column":73}},"5":{"start":{"line":23,"column":17},"end":{"line":23,"column":50}},"6":{"start":{"line":24,"column":15},"end":{"line":24,"column":48}},"7":{"start":{"line":25,"column":12},"end":{"line":25,"column":42}},"8":{"start":{"line":26,"column":11},"end":{"line":26,"column":21}},"9":{"start":{"line":27,"column":13},"end":{"line":27,"column":20}},"10":{"start":{"line":28,"column":10},"end":{"line":28,"column":19}},"11":{"start":{"line":29,"column":14},"end":{"line":29,"column":48}},"12":{"start":{"line":33,"column":13},"end":{"line":41,"column":2}},"13":{"start":{"line":36,"column":27},"end":{"line":40,"column":5}},"14":{"start":{"line":50,"column":15},"end":{"line":50,"column":31}},"15":{"start":{"line":51,"column":0},"end":{"line":55,"column":3}},"16":{"start":{"line":53,"column":4},"end":{"line":53,"column":112}},"17":{"start":{"line":61,"column":0},"end":{"line":61,"column":23}}},"fnMap":{"0":{"name":"(anonymous_0)","decl":{"start":{"line":36,"column":13},"end":{"line":36,"column":14}},"loc":{"start":{"line":36,"column":27},"end":{"line":40,"column":5}},"line":36},"1":{"name":"(anonymous_1)","decl":{"start":{"line":51,"column":24},"end":{"line":51,"column":25}},"loc":{"start":{"line":51,"column":30},"end":{"line":55,"column":1}},"line":51}},"branchMap":{},"s":{"0":1,"1":1,"2":1,"3":1,"4":1,"5":1,"6":1,"7":1,"8":1,"9":1,"10":1,"11":1,"12":1,"13":43,"14":1,"15":1,"16":1,"17":1},"f":{"0":43,"1":1},"b":{},"_coverageSchema":"43e27e138ebf9cfc5966b082cf9a028302ed4184","hash":"6fa1bba165de9780155671eda9b3d7c10b006823","contentHash":"3f9fb01ee1a7b9d5edf17e4b0a20bc1f4c4b7a779d09a4a1d9154b5858c5b57a"},"/home/admin1/Desktop/fundoo(apollo)/Apollo-Graphql/Types/types.js":{"path":"/home/admin1/Desktop/fundoo(apollo)/Apollo-Graphql/Types/types.js","statementMap":{"0":{"start":{"line":19,"column":16},"end":{"line":19,"column":40}},"1":{"start":{"line":30,"column":17},"end":{"line":186,"column":3}},"2":{"start":{"line":192,"column":0},"end":{"line":192,"column":30}}},"fnMap":{},"branchMap":{},"s":{"0":1,"1":1,"2":1},"f":{},"b":{},"_coverageSchema":"43e27e138ebf9cfc5966b082cf9a028302ed4184","hash":"ab9a7461e369811906b6fb269647f8c5ec452d9f","contentHash":"1dc2c81fe953e930e9a1c829bd39e483b54d797fc044198cdd779c3b1758f59d"},"/home/admin1/Desktop/fundoo(apollo)/Apollo-Graphql/Resolver/resolver.js":{"path":"/home/admin1/Desktop/fundoo(apollo)/Apollo-Graphql/Resolver/resolver.js","statementMap":{"0":{"start":{"line":17,"column":14},"end":{"line":17,"column":36}},"1":{"start":{"line":18,"column":15},"end":{"line":21,"column":2}},"2":{"start":{"line":22,"column":19},"end":{"line":22,"column":53}},"3":{"start":{"line":23,"column":18},"end":{"line":23,"column":51}},"4":{"start":{"line":24,"column":19},"end":{"line":24,"column":59}},"5":{"start":{"line":25,"column":13},"end":{"line":25,"column":43}},"6":{"start":{"line":26,"column":18},"end":{"line":26,"column":53}},"7":{"start":{"line":27,"column":18},"end":{"line":27,"column":53}},"8":{"start":{"line":28,"column":16},"end":{"line":28,"column":49}},"9":{"start":{"line":29,"column":18},"end":{"line":29,"column":53}},"10":{"start":{"line":30,"column":26},"end":{"line":30,"column":69}},"11":{"start":{"line":31,"column":32},"end":{"line":31,"column":81}},"12":{"start":{"line":32,"column":15},"end":{"line":32,"column":57}},"13":{"start":{"line":33,"column":20},"end":{"line":33,"column":67}},"14":{"start":{"line":34,"column":14},"end":{"line":34,"column":55}},"15":{"start":{"line":35,"column":23},"end":{"line":35,"column":73}},"16":{"start":{"line":36,"column":22},"end":{"line":36,"column":71}},"17":{"start":{"line":37,"column":15},"end":{"line":37,"column":57}},"18":{"start":{"line":38,"column":15},"end":{"line":38,"column":57}},"19":{"start":{"line":39,"column":20},"end":{"line":39,"column":68}},"20":{"start":{"line":40,"column":18},"end":{"line":40,"column":64}},"21":{"start":{"line":41,"column":20},"end":{"line":41,"column":68}},"22":{"start":{"line":42,"column":19},"end":{"line":42,"column":65}},"23":{"start":{"line":43,"column":17},"end":{"line":43,"column":61}},"24":{"start":{"line":44,"column":19},"end":{"line":44,"column":65}},"25":{"start":{"line":45,"column":17},"end":{"line":45,"column":61}},"26":{"start":{"line":46,"column":23},"end":{"line":46,"column":73}},"27":{"start":{"line":47,"column":17},"end":{"line":47,"column":61}},"28":{"start":{"line":48,"column":23},"end":{"line":48,"column":73}},"29":{"start":{"line":49,"column":14},"end":{"line":49,"column":55}},"30":{"start":{"line":50,"column":20},"end":{"line":50,"column":67}},"31":{"start":{"line":51,"column":24},"end":{"line":51,"column":75}},"32":{"start":{"line":52,"column":28},"end":{"line":52,"column":83}},"33":{"start":{"line":53,"column":19},"end":{"line":53,"column":68}},"34":{"start":{"line":54,"column":19},"end":{"line":54,"column":68}},"35":{"start":{"line":55,"column":26},"end":{"line":55,"column":82}},"36":{"start":{"line":56,"column":24},"end":{"line":56,"column":78}},"37":{"start":{"line":57,"column":23},"end":{"line":57,"column":76}},"38":{"start":{"line":58,"column":29},"end":{"line":58,"column":88}},"39":{"start":{"line":59,"column":27},"end":{"line":59,"column":84}},"40":{"start":{"line":60,"column":26},"end":{"line":60,"column":82}},"41":{"start":{"line":61,"column":29},"end":{"line":61,"column":88}},"42":{"start":{"line":62,"column":24},"end":{"line":62,"column":78}},"43":{"start":{"line":63,"column":24},"end":{"line":63,"column":78}},"44":{"start":{"line":64,"column":28},"end":{"line":64,"column":86}},"45":{"start":{"line":65,"column":28},"end":{"line":65,"column":86}},"46":{"start":{"line":66,"column":18},"end":{"line":66,"column":68}},"47":{"start":{"line":67,"column":25},"end":{"line":67,"column":85}},"48":{"start":{"line":68,"column":28},"end":{"line":68,"column":91}},"49":{"start":{"line":69,"column":30},"end":{"line":69,"column":91}},"50":{"start":{"line":70,"column":33},"end":{"line":70,"column":97}},"51":{"start":{"line":71,"column":29},"end":{"line":71,"column":88}},"52":{"start":{"line":72,"column":23},"end":{"line":72,"column":76}},"53":{"start":{"line":73,"column":29},"end":{"line":73,"column":89}},"54":{"start":{"line":74,"column":23},"end":{"line":74,"column":76}},"55":{"start":{"line":75,"column":26},"end":{"line":75,"column":88}},"56":{"start":{"line":76,"column":26},"end":{"line":76,"column":88}},"57":{"start":{"line":77,"column":26},"end":{"line":77,"column":88}},"58":{"start":{"line":78,"column":30},"end":{"line":78,"column":96}},"59":{"start":{"line":79,"column":33},"end":{"line":79,"column":102}},"60":{"start":{"line":80,"column":25},"end":{"line":80,"column":86}},"61":{"start":{"line":81,"column":25},"end":{"line":81,"column":86}},"62":{"start":{"line":82,"column":25},"end":{"line":82,"column":86}},"63":{"start":{"line":83,"column":21},"end":{"line":83,"column":78}},"64":{"start":{"line":84,"column":24},"end":{"line":84,"column":84}},"65":{"start":{"line":85,"column":29},"end":{"line":85,"column":94}},"66":{"start":{"line":90,"column":19},"end":{"line":90,"column":34}},"67":{"start":{"line":99,"column":0},"end":{"line":204,"column":1}},"68":{"start":{"line":172,"column":25},"end":{"line":172,"column":62}},"69":{"start":{"line":173,"column":12},"end":{"line":186,"column":13}},"70":{"start":{"line":174,"column":28},"end":{"line":174,"column":46}},"71":{"start":{"line":177,"column":29},"end":{"line":177,"column":47}},"72":{"start":{"line":178,"column":28},"end":{"line":178,"column":56}},"73":{"start":{"line":179,"column":16},"end":{"line":179,"column":58}},"74":{"start":{"line":184,"column":34},"end":{"line":184,"column":77}},"75":{"start":{"line":185,"column":16},"end":{"line":185,"column":34}},"76":{"start":{"line":191,"column":25},"end":{"line":191,"column":49}},"77":{"start":{"line":192,"column":25},"end":{"line":192,"column":55}},"78":{"start":{"line":193,"column":24},"end":{"line":193,"column":142}},"79":{"start":{"line":194,"column":12},"end":{"line":194,"column":24}},"80":{"start":{"line":199,"column":25},"end":{"line":199,"column":48}},"81":{"start":{"line":200,"column":12},"end":{"line":200,"column":25}},"82":{"start":{"line":210,"column":0},"end":{"line":210,"column":35}}},"fnMap":{"0":{"name":"(anonymous_0)","decl":{"start":{"line":90,"column":19},"end":{"line":90,"column":20}},"loc":{"start":{"line":90,"column":31},"end":{"line":90,"column":34}},"line":90},"1":{"name":"(anonymous_1)","decl":{"start":{"line":169,"column":8},"end":{"line":169,"column":9}},"loc":{"start":{"line":169,"column":44},"end":{"line":187,"column":9}},"line":169},"2":{"name":"(anonymous_2)","decl":{"start":{"line":190,"column":8},"end":{"line":190,"column":9}},"loc":{"start":{"line":190,"column":43},"end":{"line":195,"column":9}},"line":190},"3":{"name":"(anonymous_3)","decl":{"start":{"line":198,"column":8},"end":{"line":198,"column":9}},"loc":{"start":{"line":198,"column":44},"end":{"line":202,"column":9}},"line":198}},"branchMap":{"0":{"loc":{"start":{"line":173,"column":12},"end":{"line":186,"column":13}},"type":"if","locations":[{"start":{"line":173,"column":12},"end":{"line":186,"column":13}},{"start":{"line":173,"column":12},"end":{"line":186,"column":13}}],"line":173},"1":{"loc":{"start":{"line":177,"column":29},"end":{"line":177,"column":47}},"type":"binary-expr","locations":[{"start":{"line":177,"column":29},"end":{"line":177,"column":42}},{"start":{"line":177,"column":46},"end":{"line":177,"column":47}}],"line":177},"2":{"loc":{"start":{"line":178,"column":28},"end":{"line":178,"column":56}},"type":"binary-expr","locations":[{"start":{"line":178,"column":28},"end":{"line":178,"column":40}},{"start":{"line":178,"column":44},"end":{"line":178,"column":56}}],"line":178}},"s":{"0":1,"1":1,"2":1,"3":1,"4":1,"5":1,"6":1,"7":1,"8":1,"9":1,"10":1,"11":1,"12":1,"13":1,"14":1,"15":1,"16":1,"17":1,"18":1,"19":1,"20":1,"21":1,"22":1,"23":1,"24":1,"25":1,"26":1,"27":1,"28":1,"29":1,"30":1,"31":1,"32":1,"33":1,"34":1,"35":1,"36":1,"37":1,"38":1,"39":1,"40":1,"41":1,"42":1,"43":1,"44":1,"45":1,"46":1,"47":1,"48":1,"49":1,"50":1,"51":1,"52":1,"53":1,"54":1,"55":1,"56":1,"57":1,"58":1,"59":1,"60":1,"61":1,"62":1,"63":1,"64":1,"65":1,"66":1,"67":1,"68":0,"69":0,"70":0,"71":0,"72":0,"73":0,"74":0,"75":0,"76":0,"77":0,"78":0,"79":0,"80":0,"81":0,"82":1},"f":{"0":1,"1":0,"2":0,"3":0},"b":{"0":[0,0],"1":[0,0],"2":[0,0]},"_coverageSchema":"43e27e138ebf9cfc5966b082cf9a028302ed4184","hash":"a4223a513423fd484a092a3f957d7a4ca01fdafd","contentHash":"c3012b4378102ea18ac924f9f2ab1e6b7e4dabac203c12e69eb899975cba4608"},"/home/admin1/Desktop/fundoo(apollo)/model/labelSchema.js":{"path":"/home/admin1/Desktop/fundoo(apollo)/model/labelSchema.js","statementMap":{"0":{"start":{"line":18,"column":15},"end":{"line":18,"column":34}},"1":{"start":{"line":21,"column":18},"end":{"line":21,"column":33}},"2":{"start":{"line":30,"column":18},"end":{"line":42,"column":6}},"3":{"start":{"line":46,"column":16},"end":{"line":46,"column":52}},"4":{"start":{"line":47,"column":0},"end":{"line":47,"column":26}}},"fnMap":{},"branchMap":{},"s":{"0":1,"1":1,"2":1,"3":1,"4":1},"f":{},"b":{},"_coverageSchema":"43e27e138ebf9cfc5966b082cf9a028302ed4184","hash":"e6a6476bf10a50eff033387ecb656e1eddec21fe","contentHash":"32fcb0a817178e17b34c49e0a5d2f016172b47a4bbd8bc602b54064f0f3c39c9"},"/home/admin1/Desktop/fundoo(apollo)/model/noteSchema.js":{"path":"/home/admin1/Desktop/fundoo(apollo)/model/noteSchema.js","statementMap":{"0":{"start":{"line":18,"column":15},"end":{"line":18,"column":34}},"1":{"start":{"line":21,"column":18},"end":{"line":21,"column":33}},"2":{"start":{"line":35,"column":17},"end":{"line":71,"column":6}},"3":{"start":{"line":75,"column":19},"end":{"line":75,"column":54}},"4":{"start":{"line":81,"column":0},"end":{"line":81,"column":29}}},"fnMap":{},"branchMap":{},"s":{"0":1,"1":1,"2":1,"3":1,"4":1},"f":{},"b":{},"_coverageSchema":"43e27e138ebf9cfc5966b082cf9a028302ed4184","hash":"45385ecf7aee1822d042c7768d23bc90da02b477","contentHash":"63bf6f34c3ae08181111ef1a3de791c6ab1e3d41ce02c2eece7c85f214677af7"},"/home/admin1/Desktop/fundoo(apollo)/model/collabatorsSchema.js":{"path":"/home/admin1/Desktop/fundoo(apollo)/model/collabatorsSchema.js","statementMap":{"0":{"start":{"line":18,"column":15},"end":{"line":18,"column":34}},"1":{"start":{"line":21,"column":18},"end":{"line":21,"column":33}},"2":{"start":{"line":31,"column":25},"end":{"line":47,"column":6}},"3":{"start":{"line":51,"column":19},"end":{"line":51,"column":70}},"4":{"start":{"line":56,"column":0},"end":{"line":56,"column":29}}},"fnMap":{},"branchMap":{},"s":{"0":1,"1":1,"2":1,"3":1,"4":1},"f":{},"b":{},"_coverageSchema":"43e27e138ebf9cfc5966b082cf9a028302ed4184","hash":"aaee8c26355f9f0114baae22ee5a86bd30287020","contentHash":"bbe9097f9ff884d2d817b3fdd4e15e8f617f5632828454a951edf88a16b227e3"},"/home/admin1/Desktop/fundoo(apollo)/Apollo-Graphql/Query/query.js":{"path":"/home/admin1/Desktop/fundoo(apollo)/Apollo-Graphql/Query/query.js","statementMap":{"0":{"start":{"line":19,"column":16},"end":{"line":19,"column":49}},"1":{"start":{"line":20,"column":17},"end":{"line":20,"column":51}},"2":{"start":{"line":21,"column":17},"end":{"line":21,"column":50}},"3":{"start":{"line":22,"column":17},"end":{"line":22,"column":57}},"4":{"start":{"line":23,"column":18},"end":{"line":23,"column":68}},"5":{"start":{"line":26,"column":18},"end":{"line":26,"column":33}},"6":{"start":{"line":35,"column":0},"end":{"line":45,"column":1}},"7":{"start":{"line":36,"column":4},"end":{"line":40,"column":5}},"8":{"start":{"line":37,"column":8},"end":{"line":39,"column":9}},"9":{"start":{"line":41,"column":18},"end":{"line":41,"column":57}},"10":{"start":{"line":42,"column":15},"end":{"line":42,"column":100}},"11":{"start":{"line":43,"column":4},"end":{"line":43,"column":22}},"12":{"start":{"line":44,"column":4},"end":{"line":44,"column":15}},"13":{"start":{"line":54,"column":0},"end":{"line":58,"column":1}},"14":{"start":{"line":55,"column":21},"end":{"line":55,"column":109}},"15":{"start":{"line":56,"column":4},"end":{"line":56,"column":28}},"16":{"start":{"line":57,"column":4},"end":{"line":57,"column":21}},"17":{"start":{"line":67,"column":0},"end":{"line":73,"column":1}},"18":{"start":{"line":68,"column":17},"end":{"line":68,"column":41}},"19":{"start":{"line":69,"column":17},"end":{"line":69,"column":47}},"20":{"start":{"line":70,"column":21},"end":{"line":70,"column":122}},"21":{"start":{"line":71,"column":4},"end":{"line":71,"column":31}},"22":{"start":{"line":72,"column":4},"end":{"line":72,"column":21}},"23":{"start":{"line":83,"column":0},"end":{"line":86,"column":1}},"24":{"start":{"line":84,"column":21},"end":{"line":84,"column":51}},"25":{"start":{"line":85,"column":4},"end":{"line":85,"column":21}},"26":{"start":{"line":96,"column":0},"end":{"line":100,"column":1}},"27":{"start":{"line":97,"column":19},"end":{"line":97,"column":49}},"28":{"start":{"line":98,"column":4},"end":{"line":98,"column":29}},"29":{"start":{"line":99,"column":4},"end":{"line":99,"column":19}},"30":{"start":{"line":111,"column":0},"end":{"line":116,"column":1}},"31":{"start":{"line":112,"column":17},"end":{"line":112,"column":41}},"32":{"start":{"line":113,"column":21},"end":{"line":113,"column":101}},"33":{"start":{"line":114,"column":4},"end":{"line":114,"column":45}},"34":{"start":{"line":115,"column":4},"end":{"line":115,"column":21}},"35":{"start":{"line":127,"column":0},"end":{"line":132,"column":1}},"36":{"start":{"line":128,"column":17},"end":{"line":128,"column":47}},"37":{"start":{"line":129,"column":21},"end":{"line":129,"column":107}},"38":{"start":{"line":130,"column":4},"end":{"line":130,"column":45}},"39":{"start":{"line":131,"column":4},"end":{"line":131,"column":21}},"40":{"start":{"line":140,"column":0},"end":{"line":140,"column":34}}},"fnMap":{"0":{"name":"(anonymous_0)","decl":{"start":{"line":26,"column":18},"end":{"line":26,"column":19}},"loc":{"start":{"line":26,"column":30},"end":{"line":26,"column":33}},"line":26},"1":{"name":"(anonymous_1)","decl":{"start":{"line":35,"column":29},"end":{"line":35,"column":30}},"loc":{"start":{"line":35,"column":62},"end":{"line":45,"column":1}},"line":35},"2":{"name":"(anonymous_2)","decl":{"start":{"line":54,"column":34},"end":{"line":54,"column":35}},"loc":{"start":{"line":54,"column":58},"end":{"line":58,"column":1}},"line":54},"3":{"name":"(anonymous_3)","decl":{"start":{"line":67,"column":34},"end":{"line":67,"column":35}},"loc":{"start":{"line":67,"column":58},"end":{"line":73,"column":1}},"line":67},"4":{"name":"(anonymous_4)","decl":{"start":{"line":83,"column":34},"end":{"line":83,"column":35}},"loc":{"start":{"line":83,"column":58},"end":{"line":86,"column":1}},"line":83},"5":{"name":"(anonymous_5)","decl":{"start":{"line":96,"column":32},"end":{"line":96,"column":33}},"loc":{"start":{"line":96,"column":56},"end":{"line":100,"column":1}},"line":96},"6":{"name":"(anonymous_6)","decl":{"start":{"line":111,"column":42},"end":{"line":111,"column":43}},"loc":{"start":{"line":111,"column":66},"end":{"line":116,"column":1}},"line":111},"7":{"name":"(anonymous_7)","decl":{"start":{"line":127,"column":48},"end":{"line":127,"column":49}},"loc":{"start":{"line":127,"column":72},"end":{"line":132,"column":1}},"line":127}},"branchMap":{"0":{"loc":{"start":{"line":36,"column":4},"end":{"line":40,"column":5}},"type":"if","locations":[{"start":{"line":36,"column":4},"end":{"line":40,"column":5}},{"start":{"line":36,"column":4},"end":{"line":40,"column":5}}],"line":36}},"s":{"0":1,"1":1,"2":1,"3":1,"4":1,"5":1,"6":1,"7":0,"8":0,"9":0,"10":0,"11":0,"12":0,"13":1,"14":0,"15":0,"16":0,"17":1,"18":0,"19":0,"20":0,"21":0,"22":0,"23":1,"24":0,"25":0,"26":1,"27":0,"28":0,"29":0,"30":1,"31":0,"32":0,"33":0,"34":0,"35":1,"36":0,"37":0,"38":0,"39":0,"40":1},"f":{"0":1,"1":0,"2":0,"3":0,"4":0,"5":0,"6":0,"7":0},"b":{"0":[0,0]},"_coverageSchema":"43e27e138ebf9cfc5966b082cf9a028302ed4184","hash":"981d445512d2e348eb8baf9fffab7b77d0be6bd5","contentHash":"0214c7786409f2217893284eb13cf43e580fb666d4c9481f4f1f166c0afad446"},"/home/admin1/Desktop/fundoo(apollo)/model/userSchema.js":{"path":"/home/admin1/Desktop/fundoo(apollo)/model/userSchema.js","statementMap":{"0":{"start":{"line":18,"column":15},"end":{"line":18,"column":34}},"1":{"start":{"line":21,"column":18},"end":{"line":21,"column":33}},"2":{"start":{"line":38,"column":17},"end":{"line":87,"column":6}},"3":{"start":{"line":91,"column":11},"end":{"line":91,"column":45}},"4":{"start":{"line":96,"column":0},"end":{"line":96,"column":21}}},"fnMap":{},"branchMap":{},"s":{"0":1,"1":1,"2":1,"3":1,"4":1},"f":{},"b":{},"_coverageSchema":"43e27e138ebf9cfc5966b082cf9a028302ed4184","hash":"52d24b0538a91ec2a56bbde6a30d3949e67fba69","contentHash":"cc30d5c483ae69a71adbef0072c5667f2502f0616d3b17f918198df2bba5acca"},"/home/admin1/Desktop/fundoo(apollo)/Authentication/authenticationUser.js":{"path":"/home/admin1/Desktop/fundoo(apollo)/Authentication/authenticationUser.js","statementMap":{"0":{"start":{"line":18,"column":10},"end":{"line":18,"column":33}},"1":{"start":{"line":24,"column":0},"end":{"line":40,"column":1}},"2":{"start":{"line":25,"column":4},"end":{"line":39,"column":5}},"3":{"start":{"line":32,"column":20},"end":{"line":32,"column":61}},"4":{"start":{"line":33,"column":8},"end":{"line":33,"column":20}},"5":{"start":{"line":37,"column":8},"end":{"line":37,"column":81}},"6":{"start":{"line":38,"column":8},"end":{"line":38,"column":33}}},"fnMap":{"0":{"name":"(anonymous_0)","decl":{"start":{"line":24,"column":23},"end":{"line":24,"column":24}},"loc":{"start":{"line":24,"column":34},"end":{"line":40,"column":1}},"line":24}},"branchMap":{},"s":{"0":1,"1":1,"2":18,"3":18,"4":13,"5":5,"6":5},"f":{"0":18},"b":{},"_coverageSchema":"43e27e138ebf9cfc5966b082cf9a028302ed4184","hash":"e4d6f0e1932731dc9c1092aa36185649980a930b","contentHash":"72959e3e6e9344f6aff1f99680272b17a1ebbaf8670af2ecefd1bdd77852b5a0"},"/home/admin1/Desktop/fundoo(apollo)/Apollo-Graphql/Mutation/UserMutation.js":{"path":"/home/admin1/Desktop/fundoo(apollo)/Apollo-Graphql/Mutation/UserMutation.js","statementMap":{"0":{"start":{"line":18,"column":32},"end":{"line":18,"column":56}},"1":{"start":{"line":19,"column":12},"end":{"line":19,"column":34}},"2":{"start":{"line":20,"column":13},"end":{"line":20,"column":30}},"3":{"start":{"line":21,"column":19},"end":{"line":21,"column":42}},"4":{"start":{"line":22,"column":16},"end":{"line":22,"column":49}},"5":{"start":{"line":23,"column":17},"end":{"line":23,"column":51}},"6":{"start":{"line":24,"column":15},"end":{"line":24,"column":51}},"7":{"start":{"line":25,"column":18},"end":{"line":25,"column":68}},"8":{"start":{"line":28,"column":13},"end":{"line":31,"column":2}},"9":{"start":{"line":34,"column":17},"end":{"line":34,"column":19}},"10":{"start":{"line":37,"column":19},"end":{"line":37,"column":34}},"11":{"start":{"line":40,"column":19},"end":{"line":42,"column":1}},"12":{"start":{"line":52,"column":0},"end":{"line":137,"column":1}},"13":{"start":{"line":54,"column":4},"end":{"line":135,"column":5}},"14":{"start":{"line":57,"column":27},"end":{"line":57,"column":74}},"15":{"start":{"line":59,"column":8},"end":{"line":62,"column":9}},"16":{"start":{"line":61,"column":12},"end":{"line":61,"column":52}},"17":{"start":{"line":69,"column":8},"end":{"line":72,"column":9}},"18":{"start":{"line":71,"column":12},"end":{"line":71,"column":70}},"19":{"start":{"line":77,"column":21},"end":{"line":77,"column":68}},"20":{"start":{"line":78,"column":8},"end":{"line":81,"column":9}},"21":{"start":{"line":80,"column":12},"end":{"line":80,"column":56}},"22":{"start":{"line":86,"column":8},"end":{"line":86,"column":76}},"23":{"start":{"line":87,"column":23},"end":{"line":87,"column":44}},"24":{"start":{"line":92,"column":23},"end":{"line":92,"column":38}},"25":{"start":{"line":93,"column":8},"end":{"line":123,"column":9}},"26":{"start":{"line":95,"column":12},"end":{"line":95,"column":58}},"27":{"start":{"line":101,"column":24},"end":{"line":101,"column":115}},"28":{"start":{"line":111,"column":22},"end":{"line":111,"column":56}},"29":{"start":{"line":115,"column":12},"end":{"line":115,"column":57}},"30":{"start":{"line":119,"column":12},"end":{"line":122,"column":13}},"31":{"start":{"line":128,"column":8},"end":{"line":134,"column":9}},"32":{"start":{"line":129,"column":12},"end":{"line":129,"column":32}},"33":{"start":{"line":132,"column":12},"end":{"line":132,"column":47}},"34":{"start":{"line":133,"column":12},"end":{"line":133,"column":31}},"35":{"start":{"line":150,"column":0},"end":{"line":194,"column":1}},"36":{"start":{"line":151,"column":4},"end":{"line":193,"column":5}},"37":{"start":{"line":158,"column":26},"end":{"line":158,"column":65}},"38":{"start":{"line":159,"column":8},"end":{"line":162,"column":9}},"39":{"start":{"line":161,"column":12},"end":{"line":161,"column":55}},"40":{"start":{"line":171,"column":21},"end":{"line":173,"column":26}},"41":{"start":{"line":176,"column":8},"end":{"line":179,"column":9}},"42":{"start":{"line":178,"column":12},"end":{"line":178,"column":62}},"43":{"start":{"line":182,"column":8},"end":{"line":182,"column":56}},"44":{"start":{"line":186,"column":8},"end":{"line":192,"column":9}},"45":{"start":{"line":187,"column":12},"end":{"line":187,"column":32}},"46":{"start":{"line":190,"column":12},"end":{"line":190,"column":47}},"47":{"start":{"line":191,"column":12},"end":{"line":191,"column":31}},"48":{"start":{"line":208,"column":0},"end":{"line":293,"column":1}},"49":{"start":{"line":210,"column":4},"end":{"line":292,"column":5}},"50":{"start":{"line":213,"column":26},"end":{"line":213,"column":73}},"51":{"start":{"line":218,"column":8},"end":{"line":221,"column":9}},"52":{"start":{"line":219,"column":12},"end":{"line":219,"column":61}},"53":{"start":{"line":226,"column":19},"end":{"line":226,"column":66}},"54":{"start":{"line":227,"column":8},"end":{"line":230,"column":9}},"55":{"start":{"line":228,"column":12},"end":{"line":228,"column":66}},"56":{"start":{"line":233,"column":8},"end":{"line":236,"column":9}},"57":{"start":{"line":235,"column":12},"end":{"line":235,"column":54}},"58":{"start":{"line":242,"column":20},"end":{"line":242,"column":131}},"59":{"start":{"line":252,"column":17},"end":{"line":252,"column":27}},"60":{"start":{"line":257,"column":22},"end":{"line":257,"column":77}},"61":{"start":{"line":258,"column":8},"end":{"line":261,"column":9}},"62":{"start":{"line":259,"column":12},"end":{"line":259,"column":69}},"63":{"start":{"line":265,"column":24},"end":{"line":265,"column":70}},"64":{"start":{"line":268,"column":8},"end":{"line":268,"column":75}},"65":{"start":{"line":276,"column":8},"end":{"line":280,"column":9}},"66":{"start":{"line":285,"column":8},"end":{"line":291,"column":9}},"67":{"start":{"line":286,"column":12},"end":{"line":286,"column":32}},"68":{"start":{"line":289,"column":12},"end":{"line":289,"column":47}},"69":{"start":{"line":290,"column":12},"end":{"line":290,"column":31}},"70":{"start":{"line":306,"column":0},"end":{"line":377,"column":1}},"71":{"start":{"line":308,"column":4},"end":{"line":376,"column":5}},"72":{"start":{"line":311,"column":26},"end":{"line":311,"column":73}},"73":{"start":{"line":318,"column":8},"end":{"line":321,"column":9}},"74":{"start":{"line":320,"column":12},"end":{"line":320,"column":51}},"75":{"start":{"line":329,"column":19},"end":{"line":329,"column":66}},"76":{"start":{"line":330,"column":8},"end":{"line":333,"column":9}},"77":{"start":{"line":332,"column":12},"end":{"line":332,"column":68}},"78":{"start":{"line":340,"column":20},"end":{"line":340,"column":111}},"79":{"start":{"line":345,"column":18},"end":{"line":345,"column":57}},"80":{"start":{"line":354,"column":19},"end":{"line":354,"column":64}},"81":{"start":{"line":355,"column":8},"end":{"line":358,"column":9}},"82":{"start":{"line":357,"column":12},"end":{"line":357,"column":57}},"83":{"start":{"line":361,"column":8},"end":{"line":364,"column":9}},"84":{"start":{"line":369,"column":8},"end":{"line":375,"column":9}},"85":{"start":{"line":370,"column":12},"end":{"line":370,"column":32}},"86":{"start":{"line":373,"column":12},"end":{"line":373,"column":47}},"87":{"start":{"line":374,"column":12},"end":{"line":374,"column":31}},"88":{"start":{"line":390,"column":0},"end":{"line":446,"column":1}},"89":{"start":{"line":391,"column":4},"end":{"line":445,"column":5}},"90":{"start":{"line":398,"column":26},"end":{"line":398,"column":65}},"91":{"start":{"line":399,"column":8},"end":{"line":402,"column":9}},"92":{"start":{"line":401,"column":12},"end":{"line":401,"column":55}},"93":{"start":{"lin
[...]
olumn":53}},"226":{"start":{"line":940,"column":8},"end":{"line":942,"column":9}},"227":{"start":{"line":945,"column":8},"end":{"line":945,"column":34}},"228":{"start":{"line":946,"column":8},"end":{"line":946,"column":60}},"229":{"start":{"line":959,"column":0},"end":{"line":959,"column":43}}},"fnMap":{"0":{"name":"(anonymous_0)","decl":{"start":{"line":25,"column":27},"end":{"line":25,"column":28}},"loc":{"start":{"line":25,"column":39},"end":{"line":25,"column":42}},"line":25},"1":{"name":"(anonymous_1)","decl":{"start":{"line":38,"column":51},"end":{"line":38,"column":52}},"loc":{"start":{"line":38,"column":84},"end":{"line":117,"column":1}},"line":38},"2":{"name":"(anonymous_2)","decl":{"start":{"line":133,"column":51},"end":{"line":133,"column":52}},"loc":{"start":{"line":133,"column":84},"end":{"line":211,"column":1}},"line":133},"3":{"name":"(anonymous_3)","decl":{"start":{"line":227,"column":51},"end":{"line":227,"column":52}},"loc":{"start":{"line":227,"column":84},"end":{"line":278,"column":1}},"line":227},"4":{"name":"(anonymous_4)","decl":{"start":{"line":294,"column":55},"end":{"line":294,"column":56}},"loc":{"start":{"line":294,"column":88},"end":{"line":363,"column":1}},"line":294},"5":{"name":"(anonymous_5)","decl":{"start":{"line":380,"column":58},"end":{"line":380,"column":59}},"loc":{"start":{"line":380,"column":91},"end":{"line":462,"column":1}},"line":380},"6":{"name":"(anonymous_6)","decl":{"start":{"line":479,"column":50},"end":{"line":479,"column":51}},"loc":{"start":{"line":479,"column":83},"end":{"line":547,"column":1}},"line":479},"7":{"name":"(anonymous_7)","decl":{"start":{"line":562,"column":50},"end":{"line":562,"column":51}},"loc":{"start":{"line":562,"column":83},"end":{"line":651,"column":1}},"line":562},"8":{"name":"(anonymous_8)","decl":{"start":{"line":667,"column":50},"end":{"line":667,"column":51}},"loc":{"start":{"line":667,"column":83},"end":{"line":718,"column":1}},"line":667},"9":{"name":"(anonymous_9)","decl":{"start":{"line":735,"column":46},"end":{"line":735,"column":47}},"loc":{"start":{"line":735,"column":79},"end":{"line":787,"column":1}},"line":735},"10":{"name":"(anonymous_10)","decl":{"start":{"line":802,"column":49},"end":{"line":802,"column":50}},"loc":{"start":{"line":802,"column":82},"end":{"line":883,"column":1}},"line":802},"11":{"name":"(anonymous_11)","decl":{"start":{"line":898,"column":54},"end":{"line":898,"column":55}},"loc":{"start":{"line":898,"column":87},"end":{"line":948,"column":1}},"line":898}},"branchMap":{"0":{"loc":{"start":{"line":47,"column":8},"end":{"line":49,"column":9}},"type":"if","locations":[{"start":{"line":47,"column":8},"end":{"line":49,"column":9}},{"start":{"line":47,"column":8},"end":{"line":49,"column":9}}],"line":47},"1":{"loc":{"start":{"line":55,"column":8},"end":{"line":57,"column":9}},"type":"if","locations":[{"start":{"line":55,"column":8},"end":{"line":57,"column":9}},{"start":{"line":55,"column":8},"end":{"line":57,"column":9}}],"line":55},"2":{"loc":{"start":{"line":142,"column":8},"end":{"line":144,"column":9}},"type":"if","locations":[{"start":{"line":142,"column":8},"end":{"line":144,"column":9}},{"start":{"line":142,"column":8},"end":{"line":144,"column":9}}],"line":142},"3":{"loc":{"start":{"line":150,"column":8},"end":{"line":152,"column":9}},"type":"if","locations":[{"start":{"line":150,"column":8},"end":{"line":152,"column":9}},{"start":{"line":150,"column":8},"end":{"line":152,"column":9}}],"line":150},"4":{"loc":{"start":{"line":184,"column":8},"end":{"line":186,"column":9}},"type":"if","locations":[{"start":{"line":184,"column":8},"end":{"line":186,"column":9}},{"start":{"line":184,"column":8},"end":{"line":186,"column":9}}],"line":184},"5":{"loc":{"start":{"line":197,"column":8},"end":{"line":199,"column":9}},"type":"if","locations":[{"start":{"line":197,"column":8},"end":{"line":199,"column":9}},{"start":{"line":197,"column":8},"end":{"line":199,"column":9}}],"line":197},"6":{"loc":{"start":{"line":236,"column":8},"end":{"line":238,"column":9}},"type":"if","locations":[{"start":{"line":236,"column":8},"end":{"line":238,"column":9}},{"start":{"line":236,"column":8},"end":{"line":238,"column":9}}],"line":236},"7":{"loc":{"start":{"line":244,"column":8},"end":{"line":246,"column":9}},"type":"if","locations":[{"start":{"line":244,"column":8},"end":{"line":246,"column":9}},{"start":{"line":244,"column":8},"end":{"line":246,"column":9}}],"line":244},"8":{"loc":{"start":{"line":303,"column":8},"end":{"line":305,"column":9}},"type":"if","locations":[{"start":{"line":303,"column":8},"end":{"line":305,"column":9}},{"start":{"line":303,"column":8},"end":{"line":305,"column":9}}],"line":303},"9":{"loc":{"start":{"line":311,"column":8},"end":{"line":313,"column":9}},"type":"if","locations":[{"start":{"line":311,"column":8},"end":{"line":313,"column":9}},{"start":{"line":311,"column":8},"end":{"line":313,"column":9}}],"line":311},"10":{"loc":{"start":{"line":349,"column":8},"end":{"line":351,"column":9}},"type":"if","locations":[{"start":{"line":349,"column":8},"end":{"line":351,"column":9}},{"start":{"line":349,"column":8},"end":{"line":351,"column":9}}],"line":349},"11":{"loc":{"start":{"line":389,"column":8},"end":{"line":391,"column":9}},"type":"if","locations":[{"start":{"line":389,"column":8},"end":{"line":391,"column":9}},{"start":{"line":389,"column":8},"end":{"line":391,"column":9}}],"line":389},"12":{"loc":{"start":{"line":397,"column":8},"end":{"line":399,"column":9}},"type":"if","locations":[{"start":{"line":397,"column":8},"end":{"line":399,"column":9}},{"start":{"line":397,"column":8},"end":{"line":399,"column":9}}],"line":397},"13":{"loc":{"start":{"line":428,"column":12},"end":{"line":430,"column":13}},"type":"if","locations":[{"start":{"line":428,"column":12},"end":{"line":430,"column":13}},{"start":{"line":428,"column":12},"end":{"line":430,"column":13}}],"line":428},"14":{"loc":{"start":{"line":449,"column":8},"end":{"line":451,"column":9}},"type":"if","locations":[{"start":{"line":449,"column":8},"end":{"line":451,"column":9}},{"start":{"line":449,"column":8},"end":{"line":451,"column":9}}],"line":449},"15":{"loc":{"start":{"line":488,"column":8},"end":{"line":490,"column":9}},"type":"if","locations":[{"start":{"line":488,"column":8},"end":{"line":490,"column":9}},{"start":{"line":488,"column":8},"end":{"line":490,"column":9}}],"line":488},"16":{"loc":{"start":{"line":496,"column":8},"end":{"line":498,"column":9}},"type":"if","locations":[{"start":{"line":496,"column":8},"end":{"line":498,"column":9}},{"start":{"line":496,"column":8},"end":{"line":498,"column":9}}],"line":496},"17":{"loc":{"start":{"line":504,"column":8},"end":{"line":507,"column":9}},"type":"if","locations":[{"start":{"line":504,"column":8},"end":{"line":507,"column":9}},{"start":{"line":504,"column":8},"end":{"line":507,"column":9}}],"line":504},"18":{"loc":{"start":{"line":571,"column":8},"end":{"line":573,"column":9}},"type":"if","locations":[{"start":{"line":571,"column":8},"end":{"line":573,"column":9}},{"start":{"line":571,"column":8},"end":{"line":573,"column":9}}],"line":571},"19":{"loc":{"start":{"line":579,"column":8},"end":{"line":581,"column":9}},"type":"if","locations":[{"start":{"line":579,"column":8},"end":{"line":581,"column":9}},{"start":{"line":579,"column":8},"end":{"line":581,"column":9}}],"line":579},"20":{"loc":{"start":{"line":586,"column":8},"end":{"line":589,"column":9}},"type":"if","locations":[{"start":{"line":586,"column":8},"end":{"line":589,"column":9}},{"start":{"line":586,"column":8},"end":{"line":589,"column":9}}],"line":586},"21":{"loc":{"start":{"line":626,"column":8},"end":{"line":628,"column":9}},"type":"if","locations":[{"start":{"line":626,"column":8},"end":{"line":628,"column":9}},{"start":{"line":626,"column":8},"end":{"line":628,"column":9}}],"line":626},"22":{"loc":{"start":{"line":638,"column":8},"end":{"line":640,"column":9}},"type":"if","locations":[{"start":{"line":638,"column":8},"end":{"line":640,"column":9}},{"start":{"line":638,"column":8},"end":{"line":640,"column":9}}],"line":638},"23":{"loc":{"start":{"line":676,"column":8},"end":{"line":678,"column":9}},"type":"if","locations":[{"start":{"line":676,"column":8},"end":{"line":678,"column":9}},{"start":{"line":676,"column":8},"end":{"line":678,"column":9}}],"line":676},"24":{"loc":{"start":{"line":684,"column":8},"end":{"line":686,"column":9}},"type":"if","locations":[{"start":{"line":684,"column":8},"end":{"line":686,"column":9}},{"start":{"line":684,"column":8},"end":{"line":686,"column":9}}],"line":684},"25":{"loc":{"start":{"line":744,"column":8},"end":{"line":746,"column":9}},"type":"if","locations":[{"start":{"line":744,"column":8},"end":{"line":746,"column":9}},{"start":{"line":744,"column":8},"end":{"line":746,"column":9}}],"line":744},"26":{"loc":{"start":{"line":752,"column":8},"end":{"line":754,"column":9}},"type":"if","locations":[{"start":{"line":752,"column":8},"end":{"line":754,"column":9}},{"start":{"line":752,"column":8},"end":{"line":754,"column":9}}],"line":752},"27":{"loc":{"start":{"line":811,"column":8},"end":{"line":813,"column":9}},"type":"if","locations":[{"start":{"line":811,"column":8},"end":{"line":813,"column":9}},{"start":{"line":811,"column":8},"end":{"line":813,"column":9}}],"line":811},"28":{"loc":{"start":{"line":819,"column":8},"end":{"line":821,"column":9}},"type":"if","locations":[{"start":{"line":819,"column":8},"end":{"line":821,"column":9}},{"start":{"line":819,"column":8},"end":{"line":821,"column":9}}],"line":819},"29":{"loc":{"start":{"line":856,"column":8},"end":{"line":858,"column":9}},"type":"if","locations":[{"start":{"line":856,"column":8},"end":{"line":858,"column":9}},{"start":{"line":856,"column":8},"end":{"line":858,"column":9}}],"line":856},"30":{"loc":{"start":{"line":868,"column":8},"end":{"line":870,"column":9}},"type":"if","locations":[{"start":{"line":868,"column":8},"end":{"line":870,"column":9}},{"start":{"line":868,"column":8},"end":{"line":870,"column":9}}],"line":868},"31":{"loc":{"start":{"line":907,"column":8},"end":{"line":909,"column":9}},"type":"if","locations":[{"start":{"line":907,"column":8},"end":{"line":909,"column":9}},{"start":{"line":907,"column":8},"end":{"line":909,"column":9}}],"line":907},"32":{"loc":{"start":{"line":915,"column":8},"end":{"line":917,"column":9}},"type":"if","locations":[{"start":{"line":915,"column":8},"end":{"line":917,"column":9}},{"start":{"line":915,"column":8},"end":{"line":917,"column":9}}],"line":915}},"s":{"0":1,"1":1,"2":1,"3":1,"4":1,"5":1,"6":1,"7":1,"8":0,"9":0,"10":0,"11":0,"12":0,"13":0,"14":0,"15":0,"16":0,"17":0,"18":0,"19":0,"20":0,"21":0,"22":0,"23":0,"24":0,"25":0,"26":0,"27":0,"28":0,"29":0,"30":1,"31":0,"32":0,"33":0,"34":0,"35":0,"36":0,"37":0,"38":0,"39":0,"40":0,"41":0,"42":0,"43":0,"44":0,"45":0,"46":0,"47":0,"48":0,"49":0,"50":0,"51":0,"52":0,"53":1,"54":0,"55":0,"56":0,"57":0,"58":0,"59":0,"60":0,"61":0,"62":0,"63":0,"64":0,"65":0,"66":0,"67":0,"68":1,"69":0,"70":0,"71":0,"72":0,"73":0,"74":0,"75":0,"76":0,"77":0,"78":0,"79":0,"80":0,"81":0,"82":0,"83":0,"84":0,"85":0,"86":0,"87":1,"88":0,"89":0,"90":0,"91":0,"92":0,"93":0,"94":0,"95":0,"96":0,"97":0,"98":0,"99":0,"100":0,"101":0,"102":0,"103":0,"104":0,"105":0,"106":0,"107":0,"108":0,"109":0,"110":0,"111":0,"112":1,"113":0,"114":0,"115":0,"116":0,"117":0,"118":0,"119":0,"120":0,"121":0,"122":0,"123":0,"124":0,"125":0,"126":0,"127":0,"128":0,"129":0,"130":0,"131":0,"132":1,"133":0,"134":0,"135":0,"136":0,"137":0,"138":0,"139":0,"140":0,"141":0,"142":0,"143":0,"144":0,"145":0,"146":0,"147":0,"148":0,"149":0,"150":0,"151":0,"152":0,"153":0,"154":0,"155":0,"156":0,"157":0,"158":1,"159":0,"160":0,"161":0,"162":0,"163":0,"164":0,"165":0,"166":0,"167":0,"168":0,"169":0,"170":0,"171":0,"172":0,"173":0,"174":1,"175":0,"176":0,"177":0,"178":0,"179":0,"180":0,"181":0,"182":0,"183":0,"184":0,"185":0,"186":0,"187":0,"188":0,"189":0,"190":1,"191":0,"192":0,"193":0,"194":0,"195":0,"196":0,"197":0,"198":0,"199":0,"200":0,"201":0,"202":0,"203":0,"204":0,"205":0,"206":0,"207":0,"208":0,"209":0,"210":0,"211":0,"212":0,"213":0,"214":1,"215":0,"216":0,"217":0,"218":0,"219":0,"220":0,"221":0,"222":0,"223":0,"224":0,"225":0,"226":0,"227":0,"228":0,"229":1},"f":{"0":1,"1":0,"2":0,"3":0,"4":0,"5":0,"6":0,"7":0,"8":0,"9":0,"10":0,"11":0},"b":{"0":[0,0],"1":[0,0],"2":[0,0],"3":[0,0],"4":[0,0],"5":[0,0],"6":[0,0],"7":[0,0],"8":[0,0],"9":[0,0],"10":[0,0],"11":[0,0],"12":[0,0],"13":[0,0],"14":[0,0],"15":[0,0],"16":[0,0],"17":[0,0],"18":[0,0],"19":[0,0],"20":[0,0],"21":[0,0],"22":[0,0],"23":[0,0],"24":[0,0],"25":[0,0],"26":[0,0],"27":[0,0],"28":[0,0],"29":[0,0],"30":[0,0],"31":[0,0],"32":[0,0]},"_coverageSchema":"43e27e138ebf9cfc5966b082cf9a028302ed4184","hash":"42c7283c2f84c893931bb5711c4f60f7d62e9fb6","contentHash":"e61ae09456fa8bfc9c813b5bdcffa66439570698db781661b0ad80cc9ee507ba"},"/home/admin1/Desktop/fundoo(apollo)/model/gitIssueSchema.js":{"path":"/home/admin1/Desktop/fundoo(apollo)/model/gitIssueSchema.js","statementMap":{"0":{"start":{"line":18,"column":15},"end":{"line":18,"column":34}},"1":{"start":{"line":21,"column":18},"end":{"line":21,"column":33}},"2":{"start":{"line":35,"column":18},"end":{"line":65,"column":6}},"3":{"start":{"line":69,"column":16},"end":{"line":69,"column":55}},"4":{"start":{"line":70,"column":0},"end":{"line":70,"column":26}}},"fnMap":{},"branchMap":{},"s":{"0":1,"1":1,"2":1,"3":1,"4":1},"f":{},"b":{},"_coverageSchema":"43e27e138ebf9cfc5966b082cf9a028302ed4184","hash":"0f723594a85328cc63502d7204f5f35be2c657fa","contentHash":"e67b4ae25556ba006afcdf77018d8cb2f09966fa4227bfc52e21d47599d95d71"},"/home/admin1/Desktop/fundoo(apollo)/Mongoconfig/mongoose.js":{"path":"/home/admin1/Desktop/fundoo(apollo)/Mongoconfig/mongoose.js","statementMap":{"0":{"start":{"line":18,"column":13},"end":{"line":18,"column":32}},"1":{"start":{"line":19,"column":15},"end":{"line":19,"column":34}},"2":{"start":{"line":26,"column":0},"end":{"line":48,"column":2}},"3":{"start":{"line":27,"column":4},"end":{"line":27,"column":38}},"4":{"start":{"line":28,"column":4},"end":{"line":28,"column":40}},"5":{"start":{"line":31,"column":13},"end":{"line":31,"column":67}},"6":{"start":{"line":33,"column":4},"end":{"line":37,"column":6}},"7":{"start":{"line":35,"column":8},"end":{"line":35,"column":109}},"8":{"start":{"line":36,"column":8},"end":{"line":36,"column":111}},"9":{"start":{"line":38,"column":4},"end":{"line":41,"column":6}},"10":{"start":{"line":39,"column":8},"end":{"line":39,"column":96}},"11":{"start":{"line":40,"column":8},"end":{"line":40,"column":22}},"12":{"start":{"line":42,"column":4},"end":{"line":45,"column":6}},"13":{"start":{"line":43,"column":8},"end":{"line":43,"column":44}},"14":{"start":{"line":44,"column":8},"end":{"line":44,"column":23}},"15":{"start":{"line":47,"column":4},"end":{"line":47,"column":14}}},"fnMap":{"0":{"name":"(anonymous_0)","decl":{"start":{"line":26,"column":17},"end":{"line":26,"column":18}},"loc":{"start":{"line":26,"column":29},"end":{"line":48,"column":1}},"line":26},"1":{"name":"(anonymous_1)","decl":{"start":{"line":33,"column":35},"end":{"line":33,"column":36}},"loc":{"start":{"line":33,"column":47},"end":{"line":37,"column":5}},"line":33},"2":{"name":"(anonymous_2)","decl":{"start":{"line":38,"column":36},"end":{"line":38,"column":37}},"loc":{"start":{"line":38,"column":51},"end":{"line":41,"column":5}},"line":38},"3":{"name":"(anonymous_3)","decl":{"start":{"line":42,"column":41},"end":{"line":42,"column":42}},"loc":{"start":{"line":42,"column":53},"end":{"line":45,"column":5}},"line":42}},"branchMap":{},"s":{"0":1,"1":1,"2":1,"3":1,"4":1,"5":1,"6":1,"7":1,"8":1,"9":1,"10":0,"11":0,"12":1,"13":0,"14":0,"15":1},"f":{"0":1,"1":1,"2":0,"3":0},"b":{},"_coverageSchema":"43e27e138ebf9cfc5966b082cf9a028302ed4184","hash":"d359da6efb63d742d5c92a46e963b8cb72fa4a4b","contentHash":"b65ec719279ba13b7c2baea25e287fae093a9ed318ae8ab47c1130b6d97a725c"},"/home/admin1/Desktop/fundoo(apollo)/Mongoconfig/config.js":{"path":"/home/admin1/Desktop/fundoo(apollo)/Mongoconfig/config.js","statementMap":{"0":{"start":{"line":18,"column":0},"end":{"line":20,"column":1}}},"fnMap":{},"branchMap":{},"s":{"0":1},"f":{},"b":{},"_coverageSchema":"43e27e138ebf9cfc5966b082cf9a028302ed4184","hash":"f6bd4992605fd91a68006d657cc642cc5e0f9515","contentHash":"476856a1200bac4dc8d45cf2aa5ea19c19cfb6e167dc28ede8df97a8cf0e89a4"},"/home/admin1/Desktop/fundoo(apollo)/services/s3-services.js":{"path":"/home/admin1/Desktop/fundoo(apollo)/services/s3-services.js","statementMap":{"0":{"start":{"line":18,"column":10},"end":{"line":18,"column":28}},"1":{"start":{"line":19,"column":13},"end":{"line":19,"column":30}},"2":{"start":{"line":20,"column":15},"end":{"line":20,"column":35}},"3":{"start":{"line":23,"column":9},"end":{"line":28,"column":2}},"4":{"start":{"line":35,"column":13},"end":{"line":46,"column":2}},"5":{"start":{"line":40,"column":12},"end":{"line":40,"column":52}},"6":{"start":{"line":43,"column":12},"end":{"line":43,"column":43}},"7":{"start":{"line":52,"column":0},"end":{"line":52,"column":23}}},"fnMap":{"0":{"name":"(anonymous_0)","decl":{"start":{"line":39,"column":18},"end":{"line":39,"column":19}},"loc":{"start":{"line":39,"column":43},"end":{"line":41,"column":9}},"line":39},"1":{"name":"(anonymous_1)","decl":{"start":{"line":42,"column":13},"end":{"line":42,"column":14}},"loc":{"start":{"line":42,"column":38},"end":{"line":44,"column":9}},"line":42}},"branchMap":{},"s":{"0":1,"1":1,"2":1,"3":1,"4":1,"5":0,"6":0,"7":1},"f":{"0":0,"1":0},"b":{},"_coverageSchema":"43e27e138ebf9cfc5966b082cf9a028302ed4184","hash":"8e8ba456bd406f6017821d513bf558bf42dcc4e5","contentHash":"154ab8409122ec5a98beadf1d39907fd55b4c0fc8dd0e42fc962ccbd5b05199b"},"/home/admin1/Desktop/fundoo(apollo)/Mongoconfig/redis.js":{"path":"/home/admin1/Desktop/fundoo(apollo)/Mongoconfig/redis.js","statementMap":{"0":{"start":{"line":18,"column":14},"end":{"line":18,"column":36}},"1":{"start":{"line":19,"column":15},"end":{"line":22,"column":2}},"2":{"start":{"line":29,"column":0},"end":{"line":40,"column":2}},"3":{"start":{"line":31,"column":4},"end":{"line":35,"column":7}},"4":{"start":{"line":33,"column":8},"end":{"line":33,"column":109}},"5":{"start":{"line":37,"column":4},"end":{"line":39,"column":7}},"6":{"start":{"line":38,"column":8},"end":{"line":38,"column":51}}},"fnMap":{"0":{"name":"(anonymous_0)","decl":{"start":{"line":29,"column":17},"end":{"line":29,"column":18}},"loc":{"start":{"line":29,"column":29},"end":{"line":40,"column":1}},"line":29},"1":{"name":"(anonymous_1)","decl":{"start":{"line":31,"column":25},"end":{"line":31,"column":26}},"loc":{"start":{"line":31,"column":37},"end":{"line":35,"column":5}},"line":31},"2":{"name":"(anonymous_2)","decl":{"start":{"line":37,"column":23},"end":{"line":37,"column":24}},"loc":{"start":{"line":37,"column":38},"end":{"line":39,"column":5}},"line":37}},"branchMap":{},"s":{"0":1,"1":1,"2":1,"3":1,"4":1,"5":1,"6":0},"f":{"0":1,"1":1,"2":0},"b":{},"_coverageSchema":"43e27e138ebf9cfc5966b082cf9a028302ed4184","hash":"9a41f34ff1d4a357d23132b4f5da32c312ce2999","contentHash":"9b97ed108a64aef495c00e12a57b0a327f18617b857e6aa3442d85cf1f36fcff"},"/home/admin1/Desktop/fundoo(apollo)/ElasticSearch/elastic.js":{"path":"/home/admin1/Desktop/fundoo(apollo)/ElasticSearch/elastic.js","statementMap":{"0":{"start":{"line":18,"column":20},"end":{"line":18,"column":44}},"1":{"start":{"line":21,"column":13},"end":{"line":27,"column":1}},"2":{"start":{"line":29,"column":0},"end":{"line":29,"column":101}},"3":{"start":{"line":30,"column":0},"end":{"line":30,"column":101}},"4":{"start":{"line":31,"column":0},"end":{"line":31,"column":101}},"5":{"start":{"line":36,"column":0},"end":{"line":36,"column":24}}},"fnMap":{},"branchMap":{},"s":{"0":1,"1":1,"2":1,"3":1,"4":1,"5":1},"f":{},"b":{},"_coverageSchema":"43e27e138ebf9cfc5966b082cf9a028302ed4184","hash":"eeab09ed503b3cd795366d625ddf76c957a1affa","contentHash":"ea8edbacd8187d0301795a89a48193b0bb0617447db3bfd44fb5049a36b25b2e"}}