<?xml version="1.0" ?>
<!DOCTYPE coverage SYSTEM "http://cobertura.sourceforge.net/xml/coverage-04.dtd">
<coverage lines-valid="1525" lines-covered="780" line-rate="0.5115" branches-valid="530" branches-covered="136" branch-rate="0.2566" timestamp="1561550230909" complexity="0" version="0.1">
  <sources>
    <source>/home/admin1/Desktop/fundoo(apollo)</source>
  </sources>
  <packages>
    <package name="fundoo(apollo)" line-rate="1" branch-rate="1">
      <classes>
        <class name="server.js" filename="server.js" line-rate="1" branch-rate="1">
          <methods>
            <method name="(anonymous_0)" hits="47" signature="()V">
              <lines>
                <line number="36" hits="47"/>
              </lines>
            </method>
            <method name="(anonymous_1)" hits="1" signature="()V">
              <lines>
                <line number="51" hits="1"/>
              </lines>
            </method>
          </methods>
          <lines>
            <line number="18" hits="1" branch="false"/>
            <line number="19" hits="1" branch="false"/>
            <line number="20" hits="1" branch="false"/>
            <line number="21" hits="1" branch="false"/>
            <line number="22" hits="1" branch="false"/>
            <line number="23" hits="1" branch="false"/>
            <line number="24" hits="1" branch="false"/>
            <line number="25" hits="1" branch="false"/>
            <line number="26" hits="1" branch="false"/>
            <line number="27" hits="1" branch="false"/>
            <line number="28" hits="1" branch="false"/>
            <line number="29" hits="1" branch="false"/>
            <line number="33" hits="1" branch="false"/>
            <line number="36" hits="47" branch="false"/>
            <line number="50" hits="1" branch="false"/>
            <line number="51" hits="1" branch="false"/>
            <line number="53" hits="1" branch="false"/>
            <line number="61" hits="1" branch="false"/>
          </lines>
        </class>
      </classes>
    </package>
    <package name="fundoo(apollo).Apollo-Graphql.Mutation" line-rate="0.3539" branch-rate="0.2066">
      <classes>
        <class name="UserMutation.js" filename="Apollo-Graphql/Mutation/UserMutation.js" line-rate="0.6484000000000001" branch-rate="0.375">
          <methods>
            <method name="(anonymous_0)" hits="1" signature="()V">
              <lines>
                <line number="37" hits="1"/>
              </lines>
            </method>
            <method name="(anonymous_1)" hits="4" signature="()V">
              <lines>
                <line number="52" hits="4"/>
              </lines>
            </method>
            <method name="(anonymous_2)" hits="1" signature="()V">
              <lines>
                <line number="150" hits="1"/>
              </lines>
            </method>
            <method name="(anonymous_3)" hits="4" signature="()V">
              <lines>
                <line number="208" hits="4"/>
              </lines>
            </method>
            <method name="(anonymous_4)" hits="3" signature="()V">
              <lines>
                <line number="306" hits="3"/>
              </lines>
            </method>
            <method name="(anonymous_5)" hits="2" signature="()V">
              <lines>
                <line number="390" hits="2"/>
              </lines>
            </method>
            <method name="(anonymous_6)" hits="0" signature="()V">
              <lines>
                <line number="458" hits="0"/>
              </lines>
            </method>
            <method name="(anonymous_7)" hits="0" signature="()V">
              <lines>
                <line number="514" hits="0"/>
              </lines>
            </method>
          </methods>
          <lines>
            <line number="18" hits="1" branch="false"/>
            <line number="19" hits="1" branch="false"/>
            <line number="20" hits="1" branch="false"/>
            <line number="21" hits="1" branch="false"/>
            <line number="22" hits="1" branch="false"/>
            <line number="23" hits="1" branch="false"/>
            <line number="24" hits="1" branch="false"/>
            <line number="25" hits="1" branch="false"/>
            <line number="28" hits="1" branch="false"/>
            <line number="34" hits="1" branch="false"/>
            <line number="37" hits="1" branch="false"/>
            <line number="40" hits="1" branch="false"/>
            <line number="52" hits="1" branch="false"/>
            <line number="54" hits="4" branch="false"/>
            <line number="57" hits="4" branch="false"/>
            <line number="59" hits="4" branch="true" condition-coverage="100% (2/2)"/>
            <line number="61" hits="1" branch="false"/>
            <line number="69" hits="3" branch="true" condition-coverage="100% (2/2)"/>
            <line number="71" hits="1" branch="false"/>
            <line number="77" hits="2" branch="false"/>
            <line number="78" hits="2" branch="true" condition-coverage="100% (2/2)"/>
            <line number="80" hits="1" branch="false"/>
            <line number="86" hits="1" branch="false"/>
            <line number="87" hits="1" branch="false"/>
            <line number="92" hits="1" branch="false"/>
            <line number="93" hits="1" branch="true" condition-coverage="50% (1/2)"/>
            <line number="95" hits="0" branch="false"/>
            <line number="101" hits="1" branch="false"/>
            <line number="111" hits="1" branch="false"/>
            <line number="115" hits="1" branch="false"/>
            <line number="119" hits="1" branch="false"/>
            <line number="128" hits="0" branch="true" condition-coverage="0% (0/6)"/>
            <line number="129" hits="0" branch="false"/>
            <line number="132" hits="0" branch="false"/>
            <line number="133" hits="0" branch="false"/>
            <line number="150" hits="1" branch="false"/>
            <line number="151" hits="1" branch="false"/>
            <line number="158" hits="1" branch="false"/>
            <line number="159" hits="1" branch="true" condition-coverage="50% (1/2)"/>
            <line number="161" hits="0" branch="false"/>
            <line number="171" hits="1" branch="false"/>
            <line number="176" hits="1" branch="true" condition-coverage="50% (1/2)"/>
            <line number="178" hits="0" branch="false"/>
            <line number="182" hits="1" branch="false"/>
            <line number="186" hits="0" branch="true" condition-coverage="0% (0/6)"/>
            <line number="187" hits="0" branch="false"/>
            <line number="190" hits="0" branch="false"/>
            <line number="191" hits="0" branch="false"/>
            <line number="208" hits="1" branch="false"/>
            <line number="210" hits="4" branch="false"/>
            <line number="213" hits="4" branch="false"/>
            <line number="218" hits="4" branch="true" condition-coverage="100% (2/2)"/>
            <line number="219" hits="1" branch="false"/>
            <line number="226" hits="3" branch="false"/>
            <line number="227" hits="3" branch="true" condition-coverage="100% (2/2)"/>
            <line number="228" hits="1" branch="false"/>
            <line number="233" hits="2" branch="true" condition-coverage="50% (1/2)"/>
            <line number="235" hits="0" branch="false"/>
            <line number="242" hits="2" branch="false"/>
            <line number="252" hits="2" branch="false"/>
            <line number="257" hits="2" branch="false"/>
            <line number="258" hits="2" branch="true" condition-coverage="100% (2/2)"/>
            <line number="259" hits="1" branch="false"/>
            <line number="265" hits="1" branch="false"/>
            <line number="268" hits="1" branch="false"/>
            <line number="276" hits="1" branch="false"/>
            <line number="285" hits="3" branch="true" condition-coverage="83.33333333333334% (5/6)"/>
            <line number="286" hits="0" branch="false"/>
            <line number="289" hits="3" branch="false"/>
            <line number="290" hits="3" branch="false"/>
            <line number="306" hits="1" branch="false"/>
            <line number="308" hits="3" branch="false"/>
            <line number="311" hits="3" branch="false"/>
            <line number="318" hits="3" branch="true" condition-coverage="100% (2/2)"/>
            <line number="320" hits="1" branch="false"/>
            <line number="329" hits="2" branch="false"/>
            <line number="330" hits="2" branch="true" condition-coverage="100% (2/2)"/>
            <line number="332" hits="1" branch="false"/>
            <line number="340" hits="1" branch="false"/>
            <line number="345" hits="1" branch="false"/>
            <line number="354" hits="1" branch="false"/>
            <line number="355" hits="1" branch="true" condition-coverage="50% (1/2)"/>
            <line number="357" hits="0" branch="false"/>
            <line number="361" hits="1" branch="false"/>
            <line number="369" hits="0" branch="true" condition-coverage="0% (0/6)"/>
            <line number="370" hits="0" branch="false"/>
            <line number="373" hits="0" branch="false"/>
            <line number="374" hits="0" branch="false"/>
            <line number="390" hits="1" branch="false"/>
            <line number="391" hits="2" branch="false"/>
            <line number="398" hits="2" branch="false"/>
            <line number="399" hits="2" branch="true" condition-coverage="50% (1/2)"/>
            <line number="401" hits="0" branch="false"/>
            <line number="407" hits="2" branch="true" condition-coverage="100% (2/2)"/>
            <line number="409" hits="1" branch="false"/>
            <line number="415" hits="1" branch="false"/>
            <line number="425" hits="1" branch="false"/>
            <line number="429" hits="1" branch="true" condition-coverage="50% (1/2)"/>
            <line number="431" hits="0" branch="false"/>
            <line number="435" hits="1" branch="false"/>
            <line number="438" hits="0" branch="true" condition-coverage="0% (0/6)"/>
            <line number="439" hits="0" branch="false"/>
            <line number="442" hits="0" branch="false"/>
            <line number="443" hits="0" branch="false"/>
            <line number="458" hits="1" branch="false"/>
            <line number="460" hits="0" branch="false"/>
            <line number="467" hits="0" branch="false"/>
            <line number="468" hits="0" branch="true" condition-coverage="0% (0/2)"/>
            <line number="470" hits="0" branch="false"/>
            <line number="473" hits="0" branch="false"/>
            <line number="483" hits="0" branch="true" condition-coverage="0% (0/2)"/>
            <line number="485" hits="0" branch="false"/>
            <line number="489" hits="0" branch="false"/>
            <line number="493" hits="0" branch="true" condition-coverage="0% (0/6)"/>
            <line number="494" hits="0" branch="false"/>
            <line number="497" hits="0" branch="false"/>
            <line number="498" hits="0" branch="false"/>
            <line number="514" hits="1" branch="false"/>
            <line number="516" hits="0" branch="false"/>
            <line number="520" hits="0" branch="false"/>
            <line number="522" hits="0" branch="true" condition-coverage="0% (0/2)"/>
            <line number="524" hits="0" branch="false"/>
            <line number="528" hits="0" branch="false"/>
            <line number="532" hits="0" branch="true" condition-coverage="0% (0/6)"/>
            <line number="533" hits="0" branch="false"/>
            <line number="536" hits="0" branch="false"/>
            <line number="537" hits="0" branch="false"/>
            <line number="545" hits="1" branch="false"/>
          </lines>
        </class>
        <class name="collaboratorMutation.js" filename="Apollo-Graphql/Mutation/collaboratorMutation.js" line-rate="0.5556" branch-rate="0.2667">
          <methods>
            <method name="(anonymous_0)" hits="1" signature="()V">
              <lines>
                <line number="25" hits="1"/>
              </lines>
            </method>
            <method name="(anonymous_1)" hits="2" signature="()V">
              <lines>
                <line number="42" hits="2"/>
              </lines>
            </method>
            <method name="(anonymous_2)" hits="1" signature="()V">
              <lines>
                <line number="139" hits="1"/>
              </lines>
            </method>
          </methods>
          <lines>
            <line number="17" hits="1" branch="false"/>
            <line number="18" hits="1" branch="false"/>
            <line number="19" hits="1" branch="false"/>
            <line number="20" hits="1" branch="false"/>
            <line number="21" hits="1" branch="false"/>
            <line number="25" hits="1" branch="false"/>
            <line number="29" hits="1" branch="false"/>
            <line number="42" hits="1" branch="false"/>
            <line number="44" hits="2" branch="false"/>
            <line number="47" hits="2" branch="true" condition-coverage="50% (1/2)"/>
            <line number="48" hits="0" branch="false"/>
            <line number="55" hits="2" branch="false"/>
            <line number="61" hits="2" branch="false"/>
            <line number="62" hits="2" branch="true" condition-coverage="50% (1/2)"/>
            <line number="63" hits="0" branch="false"/>
            <line number="70" hits="2" branch="false"/>
            <line number="71" hits="2" branch="true" condition-coverage="50% (1/2)"/>
            <line number="72" hits="0" branch="false"/>
            <line number="79" hits="2" branch="false"/>
            <line number="80" hits="2" branch="true" condition-coverage="50% (1/2)"/>
            <line number="81" hits="2" branch="false"/>
            <line number="86" hits="0" branch="false"/>
            <line number="94" hits="0" branch="false"/>
            <line number="98" hits="0" branch="false"/>
            <line number="99" hits="0" branch="false"/>
            <line number="103" hits="0" branch="false"/>
            <line number="105" hits="0" branch="true" condition-coverage="0% (0/2)"/>
            <line number="106" hits="0" branch="false"/>
            <line number="107" hits="0" branch="false"/>
            <line number="111" hits="0" branch="false"/>
            <line number="116" hits="0" branch="true" condition-coverage="0% (0/6)"/>
            <line number="117" hits="0" branch="false"/>
            <line number="120" hits="0" branch="false"/>
            <line number="121" hits="0" branch="false"/>
            <line number="139" hits="1" branch="false"/>
            <line number="141" hits="1" branch="false"/>
            <line number="144" hits="1" branch="true" condition-coverage="50% (1/2)"/>
            <line number="145" hits="0" branch="false"/>
            <line number="152" hits="1" branch="false"/>
            <line number="158" hits="1" branch="false"/>
            <line number="159" hits="1" branch="true" condition-coverage="50% (1/2)"/>
            <line number="160" hits="0" branch="false"/>
            <line number="167" hits="1" branch="false"/>
            <line number="168" hits="1" branch="true" condition-coverage="50% (1/2)"/>
            <line number="169" hits="0" branch="false"/>
            <line number="176" hits="1" branch="false"/>
            <line number="177" hits="1" branch="true" condition-coverage="50% (1/2)"/>
            <line number="178" hits="0" branch="false"/>
            <line number="182" hits="1" branch="false"/>
            <line number="187" hits="0" branch="true" condition-coverage="0% (0/6)"/>
            <line number="188" hits="0" branch="false"/>
            <line number="191" hits="0" branch="false"/>
            <line number="192" hits="0" branch="false"/>
            <line number="203" hits="1" branch="false"/>
          </lines>
        </class>
        <class name="gitAuthMutation.js" filename="Apollo-Graphql/Mutation/gitAuthMutation.js" line-rate="0.3478" branch-rate="0.2727">
          <methods>
            <method name="(anonymous_0)" hits="1" signature="()V">
              <lines>
                <line number="28" hits="1"/>
              </lines>
            </method>
            <method name="(anonymous_1)" hits="1" signature="()V">
              <lines>
                <line number="38" hits="1"/>
              </lines>
            </method>
            <method name="(anonymous_2)" hits="1" signature="()V">
              <lines>
                <line number="76" hits="1"/>
              </lines>
            </method>
            <method name="(anonymous_3)" hits="0" signature="()V">
              <lines>
                <line number="92" hits="0"/>
              </lines>
            </method>
            <method name="(anonymous_4)" hits="0" signature="()V">
              <lines>
                <line number="102" hits="0"/>
              </lines>
            </method>
            <method name="getToken" hits="0" signature="()V">
              <lines>
                <line number="112" hits="0"/>
              </lines>
            </method>
            <method name="(anonymous_6)" hits="0" signature="()V">
              <lines>
                <line number="127" hits="0"/>
              </lines>
            </method>
            <method name="(anonymous_7)" hits="0" signature="()V">
              <lines>
                <line number="167" hits="0"/>
              </lines>
            </method>
            <method name="(anonymous_8)" hits="1" signature="()V">
              <lines>
                <line number="185" hits="1"/>
              </lines>
            </method>
            <method name="(anonymous_9)" hits="1" signature="()V">
              <lines>
                <line number="240" hits="1"/>
              </lines>
            </method>
            <method name="(anonymous_10)" hits="0" signature="()V">
              <lines>
                <line number="278" hits="0"/>
              </lines>
            </method>
            <method name="(anonymous_11)" hits="1" signature="()V">
              <lines>
                <line number="325" hits="1"/>
              </lines>
            </method>
            <method name="(anonymous_12)" hits="0" signature="()V">
              <lines>
                <line number="364" hits="0"/>
              </lines>
            </method>
            <method name="(anonymous_13)" hits="1" signature="()V">
              <lines>
                <line number="390" hits="1"/>
              </lines>
            </method>
            <method name="(anonymous_14)" hits="0" signature="()V">
              <lines>
                <line number="429" hits="0"/>
              </lines>
            </method>
            <method name="(anonymous_15)" hits="1" signature="()V">
              <lines>
                <line number="455" hits="1"/>
              </lines>
            </method>
            <method name="(anonymous_16)" hits="1" signature="()V">
              <lines>
                <line number="540" hits="1"/>
              </lines>
            </method>
            <method name="(anonymous_17)" hits="0" signature="()V">
              <lines>
                <line number="605" hits="0"/>
              </lines>
            </method>
            <method name="(anonymous_18)" hits="1" signature="()V">
              <lines>
                <line number="692" hits="1"/>
              </lines>
            </method>
            <method name="(anonymous_19)" hits="1" signature="()V">
              <lines>
                <line number="761" hits="1"/>
              </lines>
            </method>
            <method name="(anonymous_20)" hits="0" signature="()V">
              <lines>
                <line number="828" hits="0"/>
              </lines>
            </method>
            <method name="(anonymous_21)" hits="0" signature="()V">
              <lines>
                <line number="899" hits="0"/>
              </lines>
            </method>
            <method name="(anonymous_22)" hits="0" signature="()V">
              <lines>
                <line number="966" hits="0"/>
              </lines>
            </method>
            <method name="(anonymous_23)" hits="0" signature="()V">
              <lines>
                <line number="1031" hits="0"/>
              </lines>
            </method>
            <method name="(anonymous_24)" hits="0" signature="()V">
              <lines>
                <line number="1104" hits="0"/>
              </lines>
            </method>
          </methods>
          <lines>
            <line number="18" hits="1" branch="false"/>
            <line number="19" hits="1" branch="false"/>
            <line number="20" hits="1" branch="false"/>
            <line number="21" hits="1" branch="false"/>
            <line number="22" hits="1" branch="false"/>
            <line number="23" hits="1" branch="false"/>
            <line number="24" hits="1" branch="false"/>
            <line number="25" hits="1" branch="false"/>
            <line number="28" hits="1" branch="false"/>
            <line number="38" hits="1" branch="false"/>
            <line number="39" hits="1" branch="false"/>
            <line number="46" hits="1" branch="false"/>
            <line number="50" hits="1" branch="false"/>
            <line number="51" hits="1" branch="true" condition-coverage="50% (1/2)"/>
            <line number="52" hits="0" branch="false"/>
            <line number="56" hits="1" branch="false"/>
            <line number="61" hits="0" branch="false"/>
            <line number="76" hits="1" branch="false"/>
            <line number="85" hits="1" branch="false"/>
            <line number="95" hits="0" branch="false"/>
            <line number="98" hits="0" branch="false"/>
            <line number="99" hits="0" branch="false"/>
            <line number="103" hits="0" branch="false"/>
            <line number="120" hits="0" branch="false"/>
            <line number="128" hits="0" branch="false"/>
            <line number="129" hits="0" branch="false"/>
            <line number="133" hits="0" branch="false"/>
            <line number="143" hits="0" branch="false"/>
            <line number="144" hits="0" branch="false"/>
            <line number="149" hits="0" branch="false"/>
            <line number="153" hits="0" branch="false"/>
            <line number="154" hits="0" branch="false"/>
            <line number="157" hits="0" branch="true" condition-coverage="0% (0/2)"/>
            <line number="158" hits="0" branch="false"/>
            <line number="162" hits="0" branch="false"/>
            <line number="168" hits="0" branch="false"/>
            <line number="173" hits="1" branch="false"/>
            <line number="185" hits="1" branch="false"/>
            <line number="186" hits="1" branch="false"/>
            <line number="192" hits="1" branch="false"/>
            <line number="193" hits="1" branch="true" condition-coverage="50% (1/2)"/>
            <line number="194" hits="0" branch="false"/>
            <line number="203" hits="1" branch="false"/>
            <line number="204" hits="1" branch="true" condition-coverage="50% (1/2)"/>
            <line number="205" hits="0" branch="false"/>
            <line number="209" hits="1" branch="false"/>
            <line number="210" hits="1" branch="false"/>
            <line number="213" hits="1" branch="true" condition-coverage="50% (1/2)"/>
            <line number="214" hits="0" branch="false"/>
            <line number="218" hits="1" branch="false"/>
            <line number="222" hits="0" branch="false"/>
            <line number="223" hits="0" branch="false"/>
            <line number="240" hits="1" branch="false"/>
            <line number="241" hits="1" branch="false"/>
            <line number="248" hits="1" branch="false"/>
            <line number="249" hits="1" branch="true" condition-coverage="50% (1/2)"/>
            <line number="250" hits="0" branch="false"/>
            <line number="255" hits="1" branch="false"/>
            <line number="256" hits="1" branch="true" condition-coverage="50% (1/2)"/>
            <line number="257" hits="0" branch="false"/>
            <line number="262" hits="1" branch="false"/>
            <line number="271" hits="0" branch="false"/>
            <line number="282" hits="0" branch="false"/>
            <line number="283" hits="0" branch="false"/>
            <line number="284" hits="0" branch="false"/>
            <line number="285" hits="0" branch="false"/>
            <line number="288" hits="0" branch="false"/>
            <line number="289" hits="0" branch="true" condition-coverage="0% (0/2)"/>
            <line number="292" hits="0" branch="false"/>
            <line number="299" hits="0" branch="false"/>
            <line number="305" hits="0" branch="false"/>
            <line number="308" hits="1" branch="false"/>
            <line number="309" hits="1" branch="false"/>
            <line number="325" hits="1" branch="false"/>
            <line number="326" hits="1" branch="false"/>
            <line number="333" hits="1" branch="false"/>
            <line number="334" hits="1" branch="true" condition-coverage="50% (1/2)"/>
            <line number="335" hits="0" branch="false"/>
            <line number="340" hits="1" branch="false"/>
            <line number="341" hits="1" branch="true" condition-coverage="50% (1/2)"/>
            <line number="342" hits="0" branch="false"/>
            <line number="347" hits="1" branch="false"/>
            <line number="348" hits="0" branch="false"/>
            <line number="357" hits="0" branch="false"/>
            <line number="365" hits="0" branch="false"/>
            <line number="369" hits="0" branch="false"/>
            <line number="372" hits="1" branch="false"/>
            <line number="373" hits="1" branch="false"/>
            <line number="390" hits="1" branch="false"/>
            <line number="391" hits="1" branch="false"/>
            <line number="398" hits="1" branch="false"/>
            <line number="399" hits="1" branch="true" condition-coverage="50% (1/2)"/>
            <line number="400" hits="0" branch="false"/>
            <line number="405" hits="1" branch="false"/>
            <line number="406" hits="1" branch="true" condition-coverage="50% (1/2)"/>
            <line number="407" hits="0" branch="false"/>
            <line number="412" hits="1" branch="false"/>
            <line number="413" hits="0" branch="false"/>
            <line number="422" hits="0" branch="false"/>
            <line number="430" hits="0" branch="false"/>
            <line number="434" hits="0" branch="false"/>
            <line number="437" hits="1" branch="false"/>
            <line number="438" hits="1" branch="false"/>
            <line number="455" hits="1" branch="false"/>
            <line number="456" hits="1" branch="false"/>
            <line number="463" hits="1" branch="false"/>
            <line number="464" hits="1" branch="true" condition-coverage="50% (1/2)"/>
            <line number="465" hits="0" branch="false"/>
            <line number="471" hits="1" branch="false"/>
            <line number="472" hits="1" branch="true" condition-coverage="50% (1/2)"/>
            <line number="473" hits="0" branch="false"/>
            <line number="479" hits="1" branch="false"/>
            <line number="489" hits="0" branch="false"/>
            <line number="493" hits="0" branch="false"/>
            <line number="497" hits="0" branch="false"/>
            <line number="506" hits="0" branch="false"/>
            <line number="508" hits="0" branch="false"/>
            <line number="514" hits="0" branch="false"/>
            <line number="516" hits="0" branch="false"/>
            <line number="519" hits="0" branch="false"/>
            <line number="523" hits="1" branch="false"/>
            <line number="540" hits="1" branch="false"/>
            <line number="541" hits="1" branch="false"/>
            <line number="548" hits="1" branch="false"/>
            <line number="549" hits="1" branch="true" condition-coverage="50% (1/2)"/>
            <line number="550" hits="0" branch="false"/>
            <line number="556" hits="1" branch="false"/>
            <line number="557" hits="1" branch="true" condition-coverage="50% (1/2)"/>
            <line number="558" hits="0" branch="false"/>
            <line number="564" hits="1" branch="false"/>
            <line number="565" hits="0" branch="false"/>
            <line number="575" hits="0" branch="false"/>
            <line number="578" hits="0" branch="false"/>
            <line number="581" hits="0" branch="false"/>
            <line number="584" hits="0" branch="false"/>
            <line number="588" hits="1" branch="false"/>
            <line number="605" hits="1" branch="false"/>
            <line number="606" hits="0" branch="false"/>
            <line number="613" hits="0" branch="false"/>
            <line number="614" hits="0" branch="true" condition-coverage="0% (0/2)"/>
            <line number="615" hits="0" branch="false"/>
            <line number="621" hits="0" branch="false"/>
            <line number="622" hits="0" branch="true" condition-coverage="0% (0/2)"/>
            <line number="623" hits="0" branch="false"/>
            <line number="629" hits="0" branch="false"/>
            <line number="630" hits="0" branch="false"/>
            <line number="635" hits="0" branch="false"/>
            <line number="639" hits="0" branch="false"/>
            <line number="645" hits="0" branch="false"/>
            <line number="646" hits="0" branch="false"/>
            <line number="647" hits="0" branch="false"/>
            <line number="651" hits="0" branch="false"/>
            <line number="652" hits="0" branch="true" condition-coverage="0% (0/2)"/>
            <line number="655" hits="0" branch="false"/>
            <line number="662" hits="0" branch="false"/>
            <line number="668" hits="0" branch="false"/>
            <line number="674" hits="0" branch="false"/>
            <line number="675" hits="0" branch="false"/>
            <line number="692" hits="1" branch="false"/>
            <line number="693" hits="1" branch="false"/>
            <line number="700" hits="1" branch="false"/>
            <line number="701" hits="1" branch="true" condition-coverage="50% (1/2)"/>
            <line number="702" hits="0" branch="false"/>
            <line number="708" hits="1" branch="false"/>
            <line number="709" hits="1" branch="true" condition-coverage="50% (1/2)"/>
            <line number="710" hits="0" branch="false"/>
            <line number="716" hits="1" branch="false"/>
            <line number="717" hits="0" branch="false"/>
            <line number="718" hits="0" branch="false"/>
            <line number="723" hits="0" branch="false"/>
            <line number="730" hits="0" branch="false"/>
            <line number="734" hits="0" branch="false"/>
            <line number="737" hits="0" branch="false"/>
            <line number="743" hits="1" branch="false"/>
            <line number="744" hits="1" branch="false"/>
            <line number="761" hits="1" branch="false"/>
            <line number="762" hits="1" branch="false"/>
            <line number="769" hits="1" branch="false"/>
            <line number="770" hits="1" branch="true" condition-coverage="50% (1/2)"/>
            <line number="771" hits="0" branch="false"/>
            <line number="777" hits="1" branch="false"/>
            <line number="778" hits="1" branch="true" condition-coverage="50% (1/2)"/>
            <line number="779" hits="0" branch="false"/>
            <line number="785" hits="1" branch="false"/>
            <line number="786" hits="0" branch="false"/>
            <line number="791" hits="0" branch="false"/>
            <line number="798" hits="0" branch="false"/>
            <line number="804" hits="0" branch="false"/>
            <line number="809" hits="1" branch="false"/>
            <line number="810" hits="1" branch="false"/>
            <line number="828" hits="1" branch="false"/>
            <line number="829" hits="0" branch="false"/>
            <line number="836" hits="0" branch="false"/>
            <line number="837" hits="0" branch="true" condition-coverage="0% (0/2)"/>
            <line number="838" hits="0" branch="false"/>
            <line number="844" hits="0" branch="false"/>
            <line number="845" hits="0" branch="true" condition-coverage="0% (0/2)"/>
            <line number="846" hits="0" branch="false"/>
            <line number="852" hits="0" branch="false"/>
            <line number="853" hits="0" branch="false"/>
            <line number="862" hits="0" branch="false"/>
            <line number="864" hits="0" branch="false"/>
            <line number="870" hits="0" branch="false"/>
            <line number="872" hits="0" branch="false"/>
            <line number="873" hits="0" branch="false"/>
            <line number="877" hits="0" branch="false"/>
            <line number="880" hits="0" branch="false"/>
            <line number="881" hits="0" branch="false"/>
            <line number="899" hits="1" branch="false"/>
            <line number="900" hits="0" branch="false"/>
            <line number="907" hits="0" branch="false"/>
            <line number="908" hits="0" branch="true" condition-coverage="0% (0/2)"/>
            <line number="909" hits="0" branch="false"/>
            <line number="915" hits="0" branch="false"/>
            <line number="916" hits="0" branch="true" condition-coverage="0% (0/2)"/>
            <line number="917" hits="0" branch="false"/>
            <line number="923" hits="0" branch="false"/>
            <line number="924" hits="0" branch="false"/>
            <line number="933" hits="0" branch="false"/>
            <line number="937" hits="0" branch="false"/>
            <line number="939" hits="0" branch="false"/>
            <line number="940" hits="0" branch="false"/>
            <line number="944" hits="0" branch="false"/>
            <line number="947" hits="0" branch="false"/>
            <line number="948" hits="0" branch="false"/>
            <line number="966" hits="1" branch="false"/>
            <line number="967" hits="0" branch="false"/>
            <line number="974" hits="0" branch="false"/>
            <line number="975" hits="0" branch="true" condition-coverage="0% (0/2)"/>
            <line number="976" hits="0" branch="false"/>
            <line number="982" hits="0" branch="false"/>
            <line number="983" hits="0" branch="true" condition-coverage="0% (0/2)"/>
            <line number="984" hits="0" branch="false"/>
            <line number="990" hits="0" branch="false"/>
            <line number="995" hits="0" branch="false"/>
            <line number="1002" hits="0" branch="false"/>
            <line number="1006" hits="0" branch="false"/>
            <line number="1009" hits="0" branch="false"/>
            <line number="1014" hits="0" branch="false"/>
            <line number="1015" hits="0" branch="false"/>
            <line number="1031" hits="1" branch="false"/>
            <line number="1032" hits="0" branch="false"/>
            <line number="1039" hits="0" branch="false"/>
            <line number="1040" hits="0" branch="true" condition-coverage="0% (0/2)"/>
            <line number="1041" hits="0" branch="false"/>
            <line number="1047" hits="0" branch="false"/>
            <line number="1048" hits="0" branch="true" condition-coverage="0% (0/2)"/>
            <line number="1049" hits="0" branch="false"/>
            <line number="1055" hits="0" branch="false"/>
            <line number="1064" hits="0" branch="false"/>
            <line number="1068" hits="0" branch="false"/>
            <line number="1070" hits="0" branch="false"/>
            <line number="1074" hits="0" branch="false"/>
            <line number="1075" hits="0" branch="false"/>
            <line number="1076" hits="0" branch="false"/>
            <line number="1080" hits="0" branch="false"/>
            <line number="1085" hits="0" branch="false"/>
            <line number="1086" hits="0" branch="false"/>
            <line number="1104" hits="1" branch="false"/>
            <line number="1105" hits="0" branch="false"/>
            <line number="1112" hits="0" branch="false"/>
            <line number="1113" hits="0" branch="true" condition-coverage="0% (0/2)"/>
            <line number="1114" hits="0" branch="false"/>
            <line number="1120" hits="0" branch="false"/>
            <line number="1121" hits="0" branch="true" condition-coverage="0% (0/2)"/>
            <line number="1122" hits="0" branch="false"/>
            <line number="1128" hits="0" branch="false"/>
            <line number="1129" hits="0" branch="false"/>
            <line number="1138" hits="0" branch="false"/>
            <line number="1140" hits="0" branch="false"/>
            <line number="1155" hits="0" branch="false"/>
            <line number="1157" hits="0" branch="false"/>
            <line number="1159" hits="0" branch="false"/>
            <line number="1164" hits="0" branch="false"/>
            <line number="1165" hits="0" branch="false"/>
            <line number="1178" hits="1" branch="false"/>
          </lines>
        </class>
        <class name="gitCollaborators.js" filename="Apollo-Graphql/Mutation/gitCollaborators.js" line-rate="0.1754" branch-rate="0">
          <methods>
            <method name="(anonymous_0)" hits="1" signature="()V">
              <lines>
                <line number="23" hits="1"/>
              </lines>
            </method>
            <method name="(anonymous_1)" hits="0" signature="()V">
              <lines>
                <line number="40" hits="0"/>
              </lines>
            </method>
            <method name="(anonymous_2)" hits="0" signature="()V">
              <lines>
                <line number="109" hits="0"/>
              </lines>
            </method>
            <method name="(anonymous_3)" hits="0" signature="()V">
              <lines>
                <line number="173" hits="0"/>
              </lines>
            </method>
          </methods>
          <lines>
            <line number="17" hits="1" branch="false"/>
            <line number="18" hits="1" branch="false"/>
            <line number="19" hits="1" branch="false"/>
            <line number="20" hits="1" branch="false"/>
            <line number="23" hits="1" branch="false"/>
            <line number="27" hits="1" branch="false"/>
            <line number="40" hits="1" branch="false"/>
            <line number="41" hits="0" branch="false"/>
            <line number="48" hits="0" branch="false"/>
            <line number="49" hits="0" branch="true" condition-coverage="0% (0/2)"/>
            <line number="50" hits="0" branch="false"/>
            <line number="56" hits="0" branch="false"/>
            <line number="57" hits="0" branch="true" condition-coverage="0% (0/2)"/>
            <line number="58" hits="0" branch="false"/>
            <line number="64" hits="0" branch="false"/>
            <line number="73" hits="0" branch="false"/>
            <line number="83" hits="0" branch="false"/>
            <line number="86" hits="0" branch="true" condition-coverage="0% (0/6)"/>
            <line number="87" hits="0" branch="false"/>
            <line number="90" hits="0" branch="false"/>
            <line number="91" hits="0" branch="false"/>
            <line number="109" hits="1" branch="false"/>
            <line number="110" hits="0" branch="false"/>
            <line number="117" hits="0" branch="false"/>
            <line number="118" hits="0" branch="true" condition-coverage="0% (0/2)"/>
            <line number="119" hits="0" branch="false"/>
            <line number="123" hits="0" branch="false"/>
            <line number="124" hits="0" branch="true" condition-coverage="0% (0/2)"/>
            <line number="125" hits="0" branch="false"/>
            <line number="129" hits="0" branch="false"/>
            <line number="138" hits="0" branch="false"/>
            <line number="148" hits="0" branch="false"/>
            <line number="151" hits="0" branch="true" condition-coverage="0% (0/6)"/>
            <line number="152" hits="0" branch="false"/>
            <line number="155" hits="0" branch="false"/>
            <line number="156" hits="0" branch="false"/>
            <line number="173" hits="1" branch="false"/>
            <line number="174" hits="0" branch="false"/>
            <line number="181" hits="0" branch="false"/>
            <line number="182" hits="0" branch="true" condition-coverage="0% (0/2)"/>
            <line number="183" hits="0" branch="false"/>
            <line number="187" hits="0" branch="false"/>
            <line number="188" hits="0" branch="true" condition-coverage="0% (0/2)"/>
            <line number="189" hits="0" branch="false"/>
            <line number="193" hits="0" branch="false"/>
            <line number="202" hits="0" branch="false"/>
            <line number="210" hits="0" branch="false"/>
            <line number="213" hits="0" branch="false"/>
            <line number="214" hits="0" branch="false"/>
            <line number="215" hits="0" branch="false"/>
            <line number="216" hits="0" branch="false"/>
            <line number="220" hits="0" branch="false"/>
            <line number="226" hits="0" branch="true" condition-coverage="0% (0/6)"/>
            <line number="227" hits="0" branch="false"/>
            <line number="230" hits="0" branch="false"/>
            <line number="231" hits="0" branch="false"/>
            <line number="243" hits="1" branch="false"/>
          </lines>
        </class>
        <class name="labelAndIssueMutation.js" filename="Apollo-Graphql/Mutation/labelAndIssueMutation.js" line-rate="0.0833" branch-rate="0">
          <methods>
            <method name="(anonymous_0)" hits="1" signature="()V">
              <lines>
                <line number="25" hits="1"/>
              </lines>
            </method>
            <method name="(anonymous_1)" hits="0" signature="()V">
              <lines>
                <line number="38" hits="0"/>
              </lines>
            </method>
            <method name="(anonymous_2)" hits="0" signature="()V">
              <lines>
                <line number="133" hits="0"/>
              </lines>
            </method>
            <method name="(anonymous_3)" hits="0" signature="()V">
              <lines>
                <line number="227" hits="0"/>
              </lines>
            </method>
            <method name="(anonymous_4)" hits="0" signature="()V">
              <lines>
                <line number="294" hits="0"/>
              </lines>
            </method>
            <method name="(anonymous_5)" hits="0" signature="()V">
              <lines>
                <line number="380" hits="0"/>
              </lines>
            </method>
            <method name="(anonymous_6)" hits="0" signature="()V">
              <lines>
                <line number="479" hits="0"/>
              </lines>
            </method>
            <method name="(anonymous_7)" hits="0" signature="()V">
              <lines>
                <line number="562" hits="0"/>
              </lines>
            </method>
            <method name="(anonymous_8)" hits="0" signature="()V">
              <lines>
                <line number="667" hits="0"/>
              </lines>
            </method>
            <method name="(anonymous_9)" hits="0" signature="()V">
              <lines>
                <line number="735" hits="0"/>
              </lines>
            </method>
            <method name="(anonymous_10)" hits="0" signature="()V">
              <lines>
                <line number="802" hits="0"/>
              </lines>
            </method>
            <method name="(anonymous_11)" hits="0" signature="()V">
              <lines>
                <line number="898" hits="0"/>
              </lines>
            </method>
          </methods>
          <lines>
            <line number="16" hits="1" branch="false"/>
            <line number="17" hits="1" branch="false"/>
            <line number="18" hits="1" branch="false"/>
            <line number="19" hits="1" branch="false"/>
            <line number="20" hits="1" branch="false"/>
            <line number="21" hits="1" branch="false"/>
            <line number="25" hits="1" branch="false"/>
            <line number="38" hits="1" branch="false"/>
            <line number="39" hits="0" branch="false"/>
            <line number="46" hits="0" branch="false"/>
            <line number="47" hits="0" branch="true" condition-coverage="0% (0/2)"/>
            <line number="48" hits="0" branch="false"/>
            <line number="54" hits="0" branch="false"/>
            <line number="55" hits="0" branch="true" condition-coverage="0% (0/2)"/>
            <line number="56" hits="0" branch="false"/>
            <line number="62" hits="0" branch="false"/>
            <line number="63" hits="0" branch="false"/>
            <line number="68" hits="0" branch="false"/>
            <line number="75" hits="0" branch="false"/>
            <line number="81" hits="0" branch="false"/>
            <line number="82" hits="0" branch="false"/>
            <line number="87" hits="0" branch="false"/>
            <line number="88" hits="0" branch="false"/>
            <line number="94" hits="0" branch="false"/>
            <line number="105" hits="0" branch="false"/>
            <line number="106" hits="0" branch="false"/>
            <line number="109" hits="0" branch="false"/>
            <line number="114" hits="0" branch="false"/>
            <line number="115" hits="0" branch="false"/>
            <line number="133" hits="1" branch="false"/>
            <line number="134" hits="0" branch="false"/>
            <line number="141" hits="0" branch="false"/>
            <line number="142" hits="0" branch="true" condition-coverage="0% (0/2)"/>
            <line number="143" hits="0" branch="false"/>
            <line number="149" hits="0" branch="false"/>
            <line number="150" hits="0" branch="true" condition-coverage="0% (0/2)"/>
            <line number="151" hits="0" branch="false"/>
            <line number="157" hits="0" branch="false"/>
            <line number="158" hits="0" branch="false"/>
            <line number="163" hits="0" branch="false"/>
            <line number="170" hits="0" branch="false"/>
            <line number="175" hits="0" branch="false"/>
            <line number="182" hits="0" branch="false"/>
            <line number="183" hits="0" branch="false"/>
            <line number="184" hits="0" branch="true" condition-coverage="0% (0/2)"/>
            <line number="185" hits="0" branch="false"/>
            <line number="190" hits="0" branch="false"/>
            <line number="197" hits="0" branch="true" condition-coverage="0% (0/2)"/>
            <line number="198" hits="0" branch="false"/>
            <line number="203" hits="0" branch="false"/>
            <line number="208" hits="0" branch="false"/>
            <line number="209" hits="0" branch="false"/>
            <line number="227" hits="1" branch="false"/>
            <line number="228" hits="0" branch="false"/>
            <line number="235" hits="0" branch="false"/>
            <line number="236" hits="0" branch="true" condition-coverage="0% (0/2)"/>
            <line number="237" hits="0" branch="false"/>
            <line number="243" hits="0" branch="false"/>
            <line number="244" hits="0" branch="true" condition-coverage="0% (0/2)"/>
            <line number="245" hits="0" branch="false"/>
            <line number="251" hits="0" branch="false"/>
            <line number="252" hits="0" branch="false"/>
            <line number="257" hits="0" branch="false"/>
            <line number="264" hits="0" branch="false"/>
            <line number="270" hits="0" branch="false"/>
            <line number="275" hits="0" branch="false"/>
            <line number="276" hits="0" branch="false"/>
            <line number="294" hits="1" branch="false"/>
            <line number="295" hits="0" branch="false"/>
            <line number="302" hits="0" branch="false"/>
            <line number="303" hits="0" branch="true" condition-coverage="0% (0/2)"/>
            <line number="304" hits="0" branch="false"/>
            <line number="310" hits="0" branch="false"/>
            <line number="311" hits="0" branch="true" condition-coverage="0% (0/2)"/>
            <line number="312" hits="0" branch="false"/>
            <line number="318" hits="0" branch="false"/>
            <line number="319" hits="0" branch="false"/>
            <line number="324" hits="0" branch="false"/>
            <line number="331" hits="0" branch="false"/>
            <line number="336" hits="0" branch="false"/>
            <line number="340" hits="0" branch="false"/>
            <line number="349" hits="0" branch="true" condition-coverage="0% (0/2)"/>
            <line number="350" hits="0" branch="false"/>
            <line number="355" hits="0" branch="false"/>
            <line number="360" hits="0" branch="false"/>
            <line number="361" hits="0" branch="false"/>
            <line number="380" hits="1" branch="false"/>
            <line number="381" hits="0" branch="false"/>
            <line number="388" hits="0" branch="false"/>
            <line number="389" hits="0" branch="true" condition-coverage="0% (0/2)"/>
            <line number="390" hits="0" branch="false"/>
            <line number="396" hits="0" branch="false"/>
            <line number="397" hits="0" branch="true" condition-coverage="0% (0/2)"/>
            <line number="398" hits="0" branch="false"/>
            <line number="404" hits="0" branch="false"/>
            <line number="405" hits="0" branch="false"/>
            <line number="410" hits="0" branch="false"/>
            <line number="416" hits="0" branch="false"/>
            <line number="421" hits="0" branch="false"/>
            <line number="425" hits="0" branch="false"/>
            <line number="427" hits="0" branch="false"/>
            <line number="428" hits="0" branch="true" condition-coverage="0% (0/2)"/>
            <line number="429" hits="0" branch="false"/>
            <line number="436" hits="0" branch="false"/>
            <line number="440" hits="0" branch="false"/>
            <line number="449" hits="0" branch="true" condition-coverage="0% (0/2)"/>
            <line number="450" hits="0" branch="false"/>
            <line number="454" hits="0" branch="false"/>
            <line number="459" hits="0" branch="false"/>
            <line number="460" hits="0" branch="false"/>
            <line number="479" hits="1" branch="false"/>
            <line number="480" hits="0" branch="false"/>
            <line number="487" hits="0" branch="false"/>
            <line number="488" hits="0" branch="true" condition-coverage="0% (0/2)"/>
            <line number="489" hits="0" branch="false"/>
            <line number="495" hits="0" branch="false"/>
            <line number="496" hits="0" branch="true" condition-coverage="0% (0/2)"/>
            <line number="497" hits="0" branch="false"/>
            <line number="503" hits="0" branch="false"/>
            <line number="504" hits="0" branch="true" condition-coverage="0% (0/2)"/>
            <line number="506" hits="0" branch="false"/>
            <line number="513" hits="0" branch="false"/>
            <line number="514" hits="0" branch="false"/>
            <line number="523" hits="0" branch="false"/>
            <line number="525" hits="0" branch="false"/>
            <line number="533" hits="0" branch="false"/>
            <line number="535" hits="0" branch="false"/>
            <line number="539" hits="0" branch="false"/>
            <line number="544" hits="0" branch="false"/>
            <line number="545" hits="0" branch="false"/>
            <line number="562" hits="1" branch="false"/>
            <line number="563" hits="0" branch="false"/>
            <line number="570" hits="0" branch="false"/>
            <line number="571" hits="0" branch="true" condition-coverage="0% (0/2)"/>
            <line number="572" hits="0" branch="false"/>
            <line number="578" hits="0" branch="false"/>
            <line number="579" hits="0" branch="true" condition-coverage="0% (0/2)"/>
            <line number="580" hits="0" branch="false"/>
            <line number="585" hits="0" branch="false"/>
            <line number="586" hits="0" branch="true" condition-coverage="0% (0/2)"/>
            <line number="588" hits="0" branch="false"/>
            <line number="593" hits="0" branch="false"/>
            <line number="594" hits="0" branch="false"/>
            <line number="603" hits="0" branch="false"/>
            <line number="605" hits="0" branch="false"/>
            <line number="614" hits="0" branch="false"/>
            <line number="617" hits="0" branch="false"/>
            <line number="624" hits="0" branch="false"/>
            <line number="626" hits="0" branch="true" condition-coverage="0% (0/2)"/>
            <line number="627" hits="0" branch="false"/>
            <line number="632" hits="0" branch="false"/>
            <line number="638" hits="0" branch="true" condition-coverage="0% (0/2)"/>
            <line number="639" hits="0" branch="false"/>
            <line number="643" hits="0" branch="false"/>
            <line number="648" hits="0" branch="false"/>
            <line number="649" hits="0" branch="false"/>
            <line number="667" hits="1" branch="false"/>
            <line number="668" hits="0" branch="false"/>
            <line number="675" hits="0" branch="false"/>
            <line number="676" hits="0" branch="true" condition-coverage="0% (0/2)"/>
            <line number="677" hits="0" branch="false"/>
            <line number="683" hits="0" branch="false"/>
            <line number="684" hits="0" branch="true" condition-coverage="0% (0/2)"/>
            <line number="685" hits="0" branch="false"/>
            <line number="691" hits="0" branch="false"/>
            <line number="692" hits="0" branch="false"/>
            <line number="701" hits="0" branch="false"/>
            <line number="705" hits="0" branch="false"/>
            <line number="707" hits="0" branch="false"/>
            <line number="710" hits="0" branch="false"/>
            <line number="715" hits="0" branch="false"/>
            <line number="716" hits="0" branch="false"/>
            <line number="735" hits="1" branch="false"/>
            <line number="736" hits="0" branch="false"/>
            <line number="743" hits="0" branch="false"/>
            <line number="744" hits="0" branch="true" condition-coverage="0% (0/2)"/>
            <line number="745" hits="0" branch="false"/>
            <line number="751" hits="0" branch="false"/>
            <line number="752" hits="0" branch="true" condition-coverage="0% (0/2)"/>
            <line number="753" hits="0" branch="false"/>
            <line number="759" hits="0" branch="false"/>
            <line number="760" hits="0" branch="false"/>
            <line number="769" hits="0" branch="false"/>
            <line number="773" hits="0" branch="false"/>
            <line number="775" hits="0" branch="false"/>
            <line number="778" hits="0" branch="false"/>
            <line number="784" hits="0" branch="false"/>
            <line number="785" hits="0" branch="false"/>
            <line number="802" hits="1" branch="false"/>
            <line number="803" hits="0" branch="false"/>
            <line number="810" hits="0" branch="false"/>
            <line number="811" hits="0" branch="true" condition-coverage="0% (0/2)"/>
            <line number="812" hits="0" branch="false"/>
            <line number="818" hits="0" branch="false"/>
            <line number="819" hits="0" branch="true" condition-coverage="0% (0/2)"/>
            <line number="820" hits="0" branch="false"/>
            <line number="826" hits="0" branch="false"/>
            <line number="827" hits="0" branch="false"/>
            <line number="836" hits="0" branch="false"/>
            <line number="838" hits="0" branch="false"/>
            <line number="845" hits="0" branch="false"/>
            <line number="847" hits="0" branch="false"/>
            <line number="854" hits="0" branch="false"/>
            <line number="855" hits="0" branch="false"/>
            <line number="856" hits="0" branch="true" condition-coverage="0% (0/2)"/>
            <line number="857" hits="0" branch="false"/>
            <line number="862" hits="0" branch="false"/>
            <line number="868" hits="0" branch="true" condition-coverage="0% (0/2)"/>
            <line number="869" hits="0" branch="false"/>
            <line number="874" hits="0" branch="false"/>
            <line number="880" hits="0" branch="false"/>
            <line number="881" hits="0" branch="false"/>
            <line number="898" hits="1" branch="false"/>
            <line number="899" hits="0" branch="false"/>
            <line number="906" hits="0" branch="false"/>
            <line number="907" hits="0" branch="true" condition-coverage="0% (0/2)"/>
            <line number="908" hits="0" branch="false"/>
            <line number="914" hits="0" branch="false"/>
            <line number="915" hits="0" branch="true" condition-coverage="0% (0/2)"/>
            <line number="916" hits="0" branch="false"/>
            <line number="922" hits="0" branch="false"/>
            <line number="923" hits="0" branch="false"/>
            <line number="932" hits="0" branch="false"/>
            <line number="936" hits="0" branch="false"/>
            <line number="940" hits="0" branch="false"/>
            <line number="945" hits="0" branch="false"/>
            <line number="946" hits="0" branch="false"/>
            <line number="959" hits="1" branch="false"/>
          </lines>
        </class>
        <class name="labelMutation.js" filename="Apollo-Graphql/Mutation/labelMutation.js" line-rate="0.6604000000000001" branch-rate="0.29410000000000003">
          <methods>
            <method name="(anonymous_0)" hits="1" signature="()V">
              <lines>
                <line number="27" hits="1"/>
              </lines>
            </method>
            <method name="(anonymous_1)" hits="3" signature="()V">
              <lines>
                <line number="43" hits="3"/>
              </lines>
            </method>
            <method name="(anonymous_2)" hits="1" signature="()V">
              <lines>
                <line number="119" hits="1"/>
              </lines>
            </method>
            <method name="(anonymous_3)" hits="1" signature="()V">
              <lines>
                <line number="175" hits="1"/>
              </lines>
            </method>
          </methods>
          <lines>
            <line number="18" hits="1" branch="false"/>
            <line number="19" hits="1" branch="false"/>
            <line number="23" hits="1" branch="false"/>
            <line number="24" hits="1" branch="false"/>
            <line number="27" hits="1" branch="false"/>
            <line number="30" hits="1" branch="false"/>
            <line number="43" hits="1" branch="false"/>
            <line number="44" hits="3" branch="false"/>
            <line number="50" hits="3" branch="true" condition-coverage="100% (2/2)"/>
            <line number="51" hits="1" branch="false"/>
            <line number="60" hits="2" branch="false"/>
            <line number="61" hits="2" branch="true" condition-coverage="50% (1/2)"/>
            <line number="62" hits="0" branch="false"/>
            <line number="64" hits="2" branch="false"/>
            <line number="71" hits="2" branch="true" condition-coverage="100% (2/2)"/>
            <line number="72" hits="1" branch="false"/>
            <line number="78" hits="1" branch="false"/>
            <line number="79" hits="1" branch="false"/>
            <line number="83" hits="1" branch="false"/>
            <line number="89" hits="1" branch="true" condition-coverage="50% (1/2)"/>
            <line number="90" hits="0" branch="false"/>
            <line number="92" hits="1" branch="false"/>
            <line number="97" hits="0" branch="true" condition-coverage="0% (0/6)"/>
            <line number="98" hits="0" branch="false"/>
            <line number="101" hits="0" branch="false"/>
            <line number="102" hits="0" branch="false"/>
            <line number="119" hits="1" branch="false"/>
            <line number="120" hits="1" branch="false"/>
            <line number="127" hits="1" branch="false"/>
            <line number="128" hits="1" branch="true" condition-coverage="50% (1/2)"/>
            <line number="129" hits="0" branch="false"/>
            <line number="135" hits="1" branch="false"/>
            <line number="147" hits="1" branch="true" condition-coverage="50% (1/2)"/>
            <line number="148" hits="1" branch="false"/>
            <line number="150" hits="0" branch="false"/>
            <line number="155" hits="0" branch="true" condition-coverage="0% (0/6)"/>
            <line number="156" hits="0" branch="false"/>
            <line number="159" hits="0" branch="false"/>
            <line number="160" hits="0" branch="false"/>
            <line number="175" hits="1" branch="false"/>
            <line number="176" hits="1" branch="false"/>
            <line number="183" hits="1" branch="false"/>
            <line number="184" hits="1" branch="true" condition-coverage="50% (1/2)"/>
            <line number="185" hits="0" branch="false"/>
            <line number="195" hits="1" branch="false"/>
            <line number="196" hits="1" branch="true" condition-coverage="50% (1/2)"/>
            <line number="197" hits="1" branch="false"/>
            <line number="199" hits="0" branch="false"/>
            <line number="204" hits="0" branch="true" condition-coverage="0% (0/6)"/>
            <line number="205" hits="0" branch="false"/>
            <line number="208" hits="0" branch="false"/>
            <line number="209" hits="0" branch="false"/>
            <line number="217" hits="1" branch="false"/>
          </lines>
        </class>
        <class name="noteMutation.js" filename="Apollo-Graphql/Mutation/noteMutation.js" line-rate="0.40740000000000004" branch-rate="0.193">
          <methods>
            <method name="(anonymous_0)" hits="1" signature="()V">
              <lines>
                <line number="23" hits="1"/>
              </lines>
            </method>
            <method name="(anonymous_1)" hits="4" signature="()V">
              <lines>
                <line number="39" hits="4"/>
              </lines>
            </method>
            <method name="(anonymous_2)" hits="1" signature="()V">
              <lines>
                <line number="126" hits="1"/>
              </lines>
            </method>
            <method name="(anonymous_3)" hits="1" signature="()V">
              <lines>
                <line number="170" hits="1"/>
              </lines>
            </method>
            <method name="(anonymous_4)" hits="0" signature="()V">
              <lines>
                <line number="207" hits="0"/>
              </lines>
            </method>
            <method name="(anonymous_5)" hits="0" signature="()V">
              <lines>
                <line number="260" hits="0"/>
              </lines>
            </method>
            <method name="(anonymous_6)" hits="2" signature="()V">
              <lines>
                <line number="319" hits="2"/>
              </lines>
            </method>
            <method name="(anonymous_7)" hits="2" signature="()V">
              <lines>
                <line number="378" hits="2"/>
              </lines>
            </method>
            <method name="(anonymous_8)" hits="1" signature="()V">
              <lines>
                <line number="428" hits="1"/>
              </lines>
            </method>
            <method name="(anonymous_9)" hits="1" signature="()V">
              <lines>
                <line number="495" hits="1"/>
              </lines>
            </method>
            <method name="(anonymous_10)" hits="0" signature="()V">
              <lines>
                <line number="560" hits="0"/>
              </lines>
            </method>
            <method name="(anonymous_11)" hits="0" signature="()V">
              <lines>
                <line number="626" hits="0"/>
              </lines>
            </method>
          </methods>
          <lines>
            <line number="18" hits="1" branch="false"/>
            <line number="19" hits="1" branch="false"/>
            <line number="20" hits="1" branch="false"/>
            <line number="23" hits="1" branch="false"/>
            <line number="26" hits="1" branch="false"/>
            <line number="39" hits="1" branch="false"/>
            <line number="40" hits="4" branch="false"/>
            <line number="47" hits="4" branch="true" condition-coverage="100% (2/2)"/>
            <line number="48" hits="1" branch="false"/>
            <line number="50" hits="3" branch="true" condition-coverage="100% (2/2)"/>
            <line number="51" hits="1" branch="false"/>
            <line number="61" hits="2" branch="false"/>
            <line number="62" hits="2" branch="true" condition-coverage="50% (1/2)"/>
            <line number="63" hits="0" branch="false"/>
            <line number="69" hits="2" branch="false"/>
            <line number="75" hits="2" branch="true" condition-coverage="50% (1/2)"/>
            <line number="76" hits="2" branch="false"/>
            <line number="82" hits="0" branch="false"/>
            <line number="93" hits="0" branch="false"/>
            <line number="99" hits="0" branch="true" condition-coverage="0% (0/2)"/>
            <line number="100" hits="0" branch="false"/>
            <line number="102" hits="0" branch="false"/>
            <line number="107" hits="0" branch="true" condition-coverage="0% (0/6)"/>
            <line number="108" hits="0" branch="false"/>
            <line number="111" hits="0" branch="false"/>
            <line number="112" hits="0" branch="false"/>
            <line number="126" hits="1" branch="false"/>
            <line number="127" hits="1" branch="false"/>
            <line number="131" hits="1" branch="false"/>
            <line number="144" hits="1" branch="true" condition-coverage="50% (1/2)"/>
            <line number="145" hits="0" branch="false"/>
            <line number="147" hits="1" branch="false"/>
            <line number="152" hits="0" branch="true" condition-coverage="0% (0/6)"/>
            <line number="153" hits="0" branch="false"/>
            <line number="156" hits="0" branch="false"/>
            <line number="157" hits="0" branch="false"/>
            <line number="170" hits="1" branch="false"/>
            <line number="171" hits="1" branch="false"/>
            <line number="179" hits="1" branch="false"/>
            <line number="180" hits="1" branch="true" condition-coverage="50% (1/2)"/>
            <line number="181" hits="1" branch="false"/>
            <line number="183" hits="0" branch="false"/>
            <line number="188" hits="0" branch="true" condition-coverage="0% (0/6)"/>
            <line number="189" hits="0" branch="false"/>
            <line number="192" hits="0" branch="false"/>
            <line number="193" hits="0" branch="false"/>
            <line number="207" hits="1" branch="false"/>
            <line number="208" hits="0" branch="false"/>
            <line number="212" hits="0" branch="false"/>
            <line number="217" hits="0" branch="true" condition-coverage="0% (0/2)"/>
            <line number="218" hits="0" branch="false"/>
            <line number="224" hits="0" branch="false"/>
            <line number="232" hits="0" branch="true" condition-coverage="0% (0/2)"/>
            <line number="233" hits="0" branch="false"/>
            <line number="235" hits="0" branch="false"/>
            <line number="240" hits="0" branch="true" condition-coverage="0% (0/6)"/>
            <line number="241" hits="0" branch="false"/>
            <line number="244" hits="0" branch="false"/>
            <line number="245" hits="0" branch="false"/>
            <line number="260" hits="1" branch="false"/>
            <line number="261" hits="0" branch="false"/>
            <line number="265" hits="0" branch="false"/>
            <line number="270" hits="0" branch="true" condition-coverage="0% (0/2)"/>
            <line number="271" hits="0" branch="false"/>
            <line number="277" hits="0" branch="false"/>
            <line number="285" hits="0" branch="true" condition-coverage="0% (0/2)"/>
            <line number="286" hits="0" branch="false"/>
            <line number="288" hits="0" branch="false"/>
            <line number="289" hits="0" branch="true" condition-coverage="0% (0/2)"/>
            <line number="290" hits="0" branch="false"/>
            <line number="295" hits="0" branch="false"/>
            <line number="300" hits="0" branch="true" condition-coverage="0% (0/6)"/>
            <line number="301" hits="0" branch="false"/>
            <line number="304" hits="0" branch="false"/>
            <line number="305" hits="0" branch="false"/>
            <line number="319" hits="1" branch="false"/>
            <line number="320" hits="2" branch="false"/>
            <line number="324" hits="2" branch="false"/>
            <line number="328" hits="2" branch="true" condition-coverage="100% (2/2)"/>
            <line number="329" hits="1" branch="false"/>
            <line number="334" hits="1" branch="false"/>
            <line number="335" hits="1" branch="false"/>
            <line number="339" hits="1" branch="false"/>
            <line number="352" hits="0" branch="true" condition-coverage="0% (0/2)"/>
            <line number="353" hits="0" branch="false"/>
            <line number="357" hits="0" branch="false"/>
            <line number="361" hits="1" branch="true" condition-coverage="83.33333333333334% (5/6)"/>
            <line number="362" hits="0" branch="false"/>
            <line number="365" hits="1" branch="false"/>
            <line number="366" hits="1" branch="false"/>
            <line number="378" hits="1" branch="false"/>
            <line number="379" hits="2" branch="false"/>
            <line number="383" hits="2" branch="false"/>
            <line number="386" hits="2" branch="true" condition-coverage="100% (2/2)"/>
            <line number="387" hits="1" branch="false"/>
            <line number="393" hits="1" branch="false"/>
            <line number="394" hits="1" branch="false"/>
            <line number="400" hits="1" branch="true" condition-coverage="50% (1/2)"/>
            <line number="401" hits="0" branch="false"/>
            <line number="405" hits="1" branch="false"/>
            <line number="409" hits="0" branch="true" condition-coverage="0% (0/6)"/>
            <line number="410" hits="0" branch="false"/>
            <line number="413" hits="0" branch="false"/>
            <line number="414" hits="0" branch="false"/>
            <line number="428" hits="1" branch="false"/>
            <line number="429" hits="1" branch="false"/>
            <line number="437" hits="1" branch="false"/>
            <line number="438" hits="1" branch="true" condition-coverage="50% (1/2)"/>
            <line number="439" hits="0" branch="false"/>
            <line number="445" hits="1" branch="false"/>
            <line number="446" hits="1" branch="false"/>
            <line number="450" hits="1" branch="true" condition-coverage="50% (1/2)"/>
            <line number="457" hits="0" branch="false"/>
            <line number="465" hits="0" branch="false"/>
            <line number="469" hits="1" branch="false"/>
            <line number="473" hits="0" branch="true" condition-coverage="0% (0/6)"/>
            <line number="474" hits="0" branch="false"/>
            <line number="477" hits="0" branch="false"/>
            <line number="478" hits="0" branch="false"/>
            <line number="495" hits="1" branch="false"/>
            <line number="496" hits="1" branch="false"/>
            <line number="504" hits="1" branch="false"/>
            <line number="505" hits="1" branch="true" condition-coverage="50% (1/2)"/>
            <line number="506" hits="0" branch="false"/>
            <line number="510" hits="1" branch="false"/>
            <line number="513" hits="1" branch="true" condition-coverage="50% (1/2)"/>
            <line number="515" hits="1" branch="false"/>
            <line number="524" hits="0" branch="false"/>
            <line number="533" hits="0" branch="false"/>
            <line number="538" hits="0" branch="true" condition-coverage="0% (0/6)"/>
            <line number="539" hits="0" branch="false"/>
            <line number="542" hits="0" branch="false"/>
            <line number="543" hits="0" branch="false"/>
            <line number="560" hits="1" branch="false"/>
            <line number="561" hits="0" branch="false"/>
            <line number="569" hits="0" branch="false"/>
            <line number="570" hits="0" branch="true" condition-coverage="0% (0/2)"/>
            <line number="571" hits="0" branch="false"/>
            <line number="575" hits="0" branch="false"/>
            <line number="578" hits="0" branch="true" condition-coverage="0% (0/2)"/>
            <line number="586" hits="0" branch="false"/>
            <line number="594" hits="0" branch="false"/>
            <line number="599" hits="0" branch="false"/>
            <line number="603" hits="0" branch="true" condition-coverage="0% (0/6)"/>
            <line number="604" hits="0" branch="false"/>
            <line number="607" hits="0" branch="false"/>
            <line number="608" hits="0" branch="false"/>
            <line number="626" hits="1" branch="false"/>
            <line number="627" hits="0" branch="false"/>
            <line number="635" hits="0" branch="false"/>
            <line number="636" hits="0" branch="true" condition-coverage="0% (0/2)"/>
            <line number="637" hits="0" branch="false"/>
            <line number="643" hits="0" branch="false"/>
            <line number="648" hits="0" branch="true" condition-coverage="0% (0/2)"/>
            <line number="650" hits="0" branch="false"/>
            <line number="659" hits="0" branch="false"/>
            <line number="667" hits="0" branch="false"/>
            <line number="672" hits="0" branch="true" condition-coverage="0% (0/6)"/>
            <line number="673" hits="0" branch="false"/>
            <line number="676" hits="0" branch="false"/>
            <line number="677" hits="0" branch="false"/>
            <line number="690" hits="1" branch="false"/>
          </lines>
        </class>
        <class name="uploadPicMutation.js" filename="Apollo-Graphql/Mutation/uploadPicMutation.js" line-rate="0.35710000000000003" branch-rate="0">
          <methods>
            <method name="(anonymous_0)" hits="1" signature="()V">
              <lines>
                <line number="24" hits="1"/>
              </lines>
            </method>
            <method name="(anonymous_1)" hits="0" signature="()V">
              <lines>
                <line number="33" hits="0"/>
              </lines>
            </method>
          </methods>
          <lines>
            <line number="18" hits="1" branch="false"/>
            <line number="19" hits="1" branch="false"/>
            <line number="24" hits="1" branch="false"/>
            <line number="33" hits="1" branch="false"/>
            <line number="34" hits="0" branch="true" condition-coverage="0% (0/2)"/>
            <line number="39" hits="0" branch="false"/>
            <line number="40" hits="0" branch="true" condition-coverage="0% (0/2)"/>
            <line number="41" hits="0" branch="false"/>
            <line number="43" hits="0" branch="false"/>
            <line number="48" hits="0" branch="false"/>
            <line number="49" hits="0" branch="true" condition-coverage="0% (0/2)"/>
            <line number="50" hits="0" branch="false"/>
            <line number="57" hits="0" branch="false"/>
            <line number="65" hits="1" branch="false"/>
          </lines>
        </class>
      </classes>
    </package>
    <package name="fundoo(apollo).Apollo-Graphql.Query" line-rate="0.34149999999999997" branch-rate="0">
      <classes>
        <class name="query.js" filename="Apollo-Graphql/Query/query.js" line-rate="0.34149999999999997" branch-rate="0">
          <methods>
            <method name="(anonymous_0)" hits="1" signature="()V">
              <lines>
                <line number="26" hits="1"/>
              </lines>
            </method>
            <method name="(anonymous_1)" hits="0" signature="()V">
              <lines>
                <line number="35" hits="0"/>
              </lines>
            </method>
            <method name="(anonymous_2)" hits="0" signature="()V">
              <lines>
                <line number="54" hits="0"/>
              </lines>
            </method>
            <method name="(anonymous_3)" hits="0" signature="()V">
              <lines>
                <line number="67" hits="0"/>
              </lines>
            </method>
            <method name="(anonymous_4)" hits="0" signature="()V">
              <lines>
                <line number="83" hits="0"/>
              </lines>
            </method>
            <method name="(anonymous_5)" hits="0" signature="()V">
              <lines>
                <line number="96" hits="0"/>
              </lines>
            </method>
            <method name="(anonymous_6)" hits="0" signature="()V">
              <lines>
                <line number="111" hits="0"/>
              </lines>
            </method>
            <method name="(anonymous_7)" hits="0" signature="()V">
              <lines>
                <line number="127" hits="0"/>
              </lines>
            </method>
          </methods>
          <lines>
            <line number="19" hits="1" branch="false"/>
            <line number="20" hits="1" branch="false"/>
            <line number="21" hits="1" branch="false"/>
            <line number="22" hits="1" branch="false"/>
            <line number="23" hits="1" branch="false"/>
            <line number="26" hits="1" branch="false"/>
            <line number="35" hits="1" branch="false"/>
            <line number="36" hits="0" branch="true" condition-coverage="0% (0/2)"/>
            <line number="37" hits="0" branch="false"/>
            <line number="41" hits="0" branch="false"/>
            <line number="42" hits="0" branch="false"/>
            <line number="43" hits="0" branch="false"/>
            <line number="44" hits="0" branch="false"/>
            <line number="54" hits="1" branch="false"/>
            <line number="55" hits="0" branch="false"/>
            <line number="56" hits="0" branch="false"/>
            <line number="57" hits="0" branch="false"/>
            <line number="67" hits="1" branch="false"/>
            <line number="68" hits="0" branch="false"/>
            <line number="69" hits="0" branch="false"/>
            <line number="70" hits="0" branch="false"/>
            <line number="71" hits="0" branch="false"/>
            <line number="72" hits="0" branch="false"/>
            <line number="83" hits="1" branch="false"/>
            <line number="84" hits="0" branch="false"/>
            <line number="85" hits="0" branch="false"/>
[...]
            <line number="19" hits="1" branch="false"/>
            <line number="20" hits="1" branch="false"/>
            <line number="21" hits="1" branch="false"/>
            <line number="22" hits="1" branch="false"/>
            <line number="23" hits="1" branch="false"/>
            <line number="24" hits="1" branch="false"/>
            <line number="25" hits="1" branch="false"/>
            <line number="26" hits="1" branch="false"/>
            <line number="34" hits="47" branch="false"/>
            <line number="35" hits="47" branch="false"/>
            <line number="36" hits="47" branch="false"/>
            <line number="55" hits="1" branch="false"/>
            <line number="66" hits="1" branch="false"/>
            <line number="67" hits="1" branch="false"/>
            <line number="76" hits="1" branch="true" condition-coverage="50% (1/2)"/>
            <line number="77" hits="0" branch="false"/>
            <line number="81" hits="1" branch="false"/>
            <line number="82" hits="1" branch="false"/>
            <line number="83" hits="1" branch="false"/>
            <line number="100" hits="1" branch="false"/>
            <line number="101" hits="1" branch="false"/>
            <line number="102" hits="1" branch="false"/>
            <line number="111" hits="1" branch="true" condition-coverage="50% (1/2)"/>
            <line number="112" hits="0" branch="false"/>
            <line number="116" hits="1" branch="false"/>
            <line number="117" hits="1" branch="false"/>
            <line number="133" hits="1" branch="false"/>
            <line number="134" hits="1" branch="false"/>
            <line number="135" hits="1" branch="false"/>
            <line number="144" hits="1" branch="true" condition-coverage="50% (1/2)"/>
            <line number="145" hits="0" branch="false"/>
            <line number="149" hits="1" branch="false"/>
            <line number="150" hits="1" branch="false"/>
            <line number="167" hits="1" branch="false"/>
            <line number="168" hits="1" branch="false"/>
            <line number="169" hits="1" branch="false"/>
            <line number="178" hits="1" branch="true" condition-coverage="50% (1/2)"/>
            <line number="179" hits="0" branch="false"/>
            <line number="183" hits="1" branch="false"/>
            <line number="184" hits="1" branch="false"/>
            <line number="200" hits="1" branch="false"/>
            <line number="201" hits="1" branch="false"/>
            <line number="211" hits="1" branch="true" condition-coverage="50% (1/2)"/>
            <line number="212" hits="0" branch="false"/>
            <line number="216" hits="1" branch="false"/>
            <line number="217" hits="1" branch="false"/>
            <line number="234" hits="1" branch="false"/>
            <line number="235" hits="1" branch="false"/>
            <line number="246" hits="1" branch="true" condition-coverage="50% (1/2)"/>
            <line number="247" hits="0" branch="false"/>
            <line number="251" hits="1" branch="false"/>
            <line number="252" hits="1" branch="false"/>
            <line number="253" hits="1" branch="false"/>
            <line number="269" hits="1" branch="false"/>
            <line number="270" hits="1" branch="false"/>
            <line number="271" hits="1" branch="false"/>
            <line number="282" hits="1" branch="true" condition-coverage="50% (1/2)"/>
            <line number="283" hits="0" branch="false"/>
            <line number="287" hits="1" branch="false"/>
            <line number="288" hits="1" branch="false"/>
            <line number="305" hits="1" branch="false"/>
            <line number="306" hits="1" branch="false"/>
            <line number="307" hits="1" branch="false"/>
            <line number="318" hits="1" branch="true" condition-coverage="50% (1/2)"/>
            <line number="319" hits="0" branch="false"/>
            <line number="323" hits="1" branch="false"/>
            <line number="324" hits="1" branch="false"/>
            <line number="341" hits="1" branch="false"/>
            <line number="342" hits="1" branch="false"/>
            <line number="343" hits="1" branch="false"/>
            <line number="354" hits="1" branch="true" condition-coverage="50% (1/2)"/>
            <line number="355" hits="0" branch="false"/>
            <line number="359" hits="1" branch="false"/>
            <line number="360" hits="1" branch="false"/>
            <line number="375" hits="1" branch="false"/>
            <line number="376" hits="1" branch="false"/>
            <line number="387" hits="1" branch="true" condition-coverage="50% (1/2)"/>
            <line number="388" hits="0" branch="false"/>
            <line number="392" hits="1" branch="false"/>
            <line number="393" hits="1" branch="false"/>
            <line number="394" hits="1" branch="false"/>
            <line number="411" hits="1" branch="false"/>
            <line number="412" hits="1" branch="false"/>
            <line number="413" hits="1" branch="false"/>
            <line number="424" hits="1" branch="true" condition-coverage="50% (1/2)"/>
            <line number="425" hits="0" branch="false"/>
            <line number="429" hits="1" branch="false"/>
            <line number="430" hits="1" branch="false"/>
            <line number="447" hits="1" branch="false"/>
            <line number="448" hits="1" branch="false"/>
            <line number="449" hits="1" branch="false"/>
            <line number="460" hits="1" branch="true" condition-coverage="50% (1/2)"/>
            <line number="461" hits="0" branch="false"/>
            <line number="465" hits="1" branch="false"/>
            <line number="466" hits="1" branch="false"/>
            <line number="482" hits="1" branch="false"/>
            <line number="483" hits="1" branch="false"/>
            <line number="484" hits="1" branch="false"/>
            <line number="495" hits="1" branch="true" condition-coverage="50% (1/2)"/>
            <line number="496" hits="0" branch="false"/>
            <line number="500" hits="1" branch="false"/>
            <line number="501" hits="1" branch="false"/>
            <line number="519" hits="1" branch="false"/>
            <line number="520" hits="1" branch="false"/>
            <line number="521" hits="1" branch="false"/>
            <line number="532" hits="1" branch="true" condition-coverage="50% (1/2)"/>
            <line number="533" hits="0" branch="false"/>
            <line number="537" hits="1" branch="false"/>
            <line number="538" hits="1" branch="false"/>
            <line number="563" hits="1" branch="false"/>
            <line number="575" hits="1" branch="false"/>
            <line number="576" hits="1" branch="false"/>
            <line number="587" hits="1" branch="true" condition-coverage="50% (1/2)"/>
            <line number="588" hits="0" branch="false"/>
            <line number="592" hits="1" branch="false"/>
            <line number="593" hits="1" branch="false"/>
            <line number="612" hits="1" branch="false"/>
            <line number="613" hits="1" branch="false"/>
            <line number="614" hits="1" branch="false"/>
            <line number="625" hits="1" branch="true" condition-coverage="50% (1/2)"/>
            <line number="626" hits="0" branch="false"/>
            <line number="630" hits="1" branch="false"/>
            <line number="631" hits="1" branch="false"/>
            <line number="650" hits="1" branch="false"/>
            <line number="651" hits="1" branch="false"/>
            <line number="652" hits="1" branch="false"/>
            <line number="663" hits="1" branch="true" condition-coverage="50% (1/2)"/>
            <line number="664" hits="0" branch="false"/>
            <line number="668" hits="1" branch="false"/>
            <line number="669" hits="1" branch="false"/>
            <line number="687" hits="1" branch="false"/>
            <line number="688" hits="1" branch="false"/>
            <line number="699" hits="1" branch="true" condition-coverage="50% (1/2)"/>
            <line number="700" hits="0" branch="false"/>
            <line number="704" hits="1" branch="false"/>
            <line number="705" hits="1" branch="false"/>
            <line number="722" hits="1" branch="false"/>
            <line number="723" hits="1" branch="false"/>
            <line number="734" hits="1" branch="true" condition-coverage="50% (1/2)"/>
            <line number="735" hits="0" branch="false"/>
            <line number="739" hits="1" branch="false"/>
            <line number="740" hits="1" branch="false"/>
            <line number="766" hits="1" branch="false"/>
            <line number="779" hits="1" branch="false"/>
            <line number="780" hits="1" branch="false"/>
            <line number="791" hits="1" branch="true" condition-coverage="50% (1/2)"/>
            <line number="792" hits="0" branch="false"/>
            <line number="796" hits="1" branch="false"/>
            <line number="797" hits="0" branch="false"/>
            <line number="815" hits="1" branch="false"/>
            <line number="816" hits="1" branch="false"/>
            <line number="817" hits="1" branch="false"/>
            <line number="828" hits="1" branch="true" condition-coverage="50% (1/2)"/>
            <line number="829" hits="0" branch="false"/>
            <line number="833" hits="1" branch="false"/>
            <line number="834" hits="1" branch="false"/>
            <line number="852" hits="1" branch="false"/>
            <line number="853" hits="1" branch="false"/>
            <line number="854" hits="1" branch="false"/>
            <line number="865" hits="1" branch="true" condition-coverage="50% (1/2)"/>
            <line number="866" hits="0" branch="false"/>
            <line number="870" hits="1" branch="false"/>
            <line number="871" hits="1" branch="false"/>
            <line number="890" hits="1" branch="false"/>
            <line number="891" hits="1" branch="false"/>
            <line number="892" hits="1" branch="false"/>
            <line number="903" hits="1" branch="true" condition-coverage="50% (1/2)"/>
            <line number="904" hits="0" branch="false"/>
            <line number="908" hits="1" branch="false"/>
            <line number="909" hits="1" branch="false"/>
            <line number="927" hits="1" branch="false"/>
            <line number="928" hits="1" branch="false"/>
            <line number="939" hits="1" branch="true" condition-coverage="50% (1/2)"/>
            <line number="940" hits="0" branch="false"/>
            <line number="944" hits="1" branch="false"/>
            <line number="945" hits="0" branch="false"/>
            <line number="962" hits="1" branch="false"/>
            <line number="963" hits="1" branch="false"/>
            <line number="974" hits="1" branch="true" condition-coverage="50% (1/2)"/>
            <line number="975" hits="0" branch="false"/>
            <line number="979" hits="1" branch="false"/>
            <line number="980" hits="1" branch="false"/>
            <line number="997" hits="1" branch="false"/>
            <line number="998" hits="1" branch="false"/>
            <line number="1009" hits="1" branch="true" condition-coverage="50% (1/2)"/>
            <line number="1010" hits="0" branch="false"/>
            <line number="1014" hits="1" branch="false"/>
            <line number="1015" hits="0" branch="false"/>
            <line number="1034" hits="1" branch="false"/>
            <line number="1035" hits="1" branch="false"/>
            <line number="1036" hits="1" branch="false"/>
            <line number="1047" hits="1" branch="true" condition-coverage="50% (1/2)"/>
            <line number="1048" hits="0" branch="false"/>
            <line number="1052" hits="1" branch="false"/>
            <line number="1053" hits="1" branch="false"/>
            <line number="1071" hits="1" branch="false"/>
            <line number="1072" hits="1" branch="false"/>
            <line number="1083" hits="1" branch="true" condition-coverage="50% (1/2)"/>
            <line number="1084" hits="0" branch="false"/>
            <line number="1088" hits="1" branch="false"/>
            <line number="1089" hits="1" branch="false"/>
            <line number="1107" hits="1" branch="false"/>
            <line number="1108" hits="1" branch="false"/>
            <line number="1109" hits="1" branch="false"/>
            <line number="1120" hits="1" branch="true" condition-coverage="50% (1/2)"/>
            <line number="1121" hits="0" branch="false"/>
            <line number="1125" hits="1" branch="false"/>
            <line number="1126" hits="1" branch="false"/>
            <line number="1146" hits="1" branch="false"/>
            <line number="1147" hits="1" branch="false"/>
            <line number="1158" hits="1" branch="true" condition-coverage="50% (1/2)"/>
            <line number="1159" hits="0" branch="false"/>
            <line number="1163" hits="1" branch="false"/>
            <line number="1164" hits="0" branch="false"/>
            <line number="1182" hits="1" branch="false"/>
            <line number="1183" hits="1" branch="false"/>
            <line number="1194" hits="1" branch="true" condition-coverage="50% (1/2)"/>
            <line number="1195" hits="0" branch="false"/>
            <line number="1199" hits="1" branch="false"/>
            <line number="1200" hits="0" branch="false"/>
            <line number="1219" hits="1" branch="false"/>
            <line number="1220" hits="1" branch="false"/>
            <line number="1231" hits="1" branch="true" condition-coverage="50% (1/2)"/>
            <line number="1232" hits="1" branch="false"/>
            <line number="1236" hits="0" branch="false"/>
            <line number="1237" hits="0" branch="false"/>
            <line number="1256" hits="1" branch="false"/>
            <line number="1257" hits="1" branch="false"/>
            <line number="1258" hits="1" branch="false"/>
            <line number="1269" hits="1" branch="true" condition-coverage="50% (1/2)"/>
            <line number="1270" hits="1" branch="false"/>
            <line number="1274" hits="0" branch="false"/>
            <line number="1275" hits="0" branch="false"/>
            <line number="1294" hits="1" branch="false"/>
            <line number="1295" hits="1" branch="false"/>
            <line number="1306" hits="1" branch="true" condition-coverage="50% (1/2)"/>
            <line number="1307" hits="1" branch="false"/>
            <line number="1311" hits="0" branch="false"/>
            <line number="1312" hits="0" branch="false"/>
            <line number="1331" hits="1" branch="false"/>
            <line number="1332" hits="1" branch="false"/>
            <line number="1343" hits="1" branch="true" condition-coverage="50% (1/2)"/>
            <line number="1344" hits="0" branch="false"/>
            <line number="1348" hits="1" branch="false"/>
            <line number="1349" hits="0" branch="false"/>
            <line number="1368" hits="1" branch="false"/>
            <line number="1369" hits="1" branch="false"/>
            <line number="1370" hits="1" branch="false"/>
            <line number="1381" hits="1" branch="true" condition-coverage="50% (1/2)"/>
            <line number="1382" hits="0" branch="false"/>
            <line number="1386" hits="1" branch="false"/>
            <line number="1387" hits="1" branch="false"/>
            <line number="1407" hits="1" branch="false"/>
            <line number="1408" hits="1" branch="false"/>
            <line number="1419" hits="1" branch="true" condition-coverage="50% (1/2)"/>
            <line number="1420" hits="0" branch="false"/>
            <line number="1424" hits="1" branch="false"/>
            <line number="1425" hits="1" branch="false"/>
            <line number="1453" hits="1" branch="false"/>
            <line number="1466" hits="1" branch="false"/>
            <line number="1467" hits="1" branch="false"/>
            <line number="1477" hits="1" branch="true" condition-coverage="50% (1/2)"/>
            <line number="1478" hits="0" branch="false"/>
            <line number="1482" hits="1" branch="false"/>
            <line number="1483" hits="1" branch="false"/>
            <line number="1501" hits="1" branch="false"/>
            <line number="1502" hits="1" branch="false"/>
            <line number="1513" hits="1" branch="true" condition-coverage="50% (1/2)"/>
            <line number="1514" hits="0" branch="false"/>
            <line number="1518" hits="1" branch="false"/>
            <line number="1519" hits="1" branch="false"/>
            <line number="1520" hits="1" branch="false"/>
            <line number="1539" hits="1" branch="false"/>
            <line number="1540" hits="1" branch="false"/>
            <line number="1551" hits="1" branch="true" condition-coverage="50% (1/2)"/>
            <line number="1552" hits="0" branch="false"/>
            <line number="1556" hits="1" branch="false"/>
            <line number="1557" hits="1" branch="false"/>
            <line number="1575" hits="1" branch="false"/>
            <line number="1576" hits="1" branch="false"/>
            <line number="1587" hits="1" branch="true" condition-coverage="50% (1/2)"/>
            <line number="1588" hits="0" branch="false"/>
            <line number="1592" hits="1" branch="false"/>
            <line number="1593" hits="0" branch="false"/>
            <line number="1612" hits="1" branch="false"/>
            <line number="1613" hits="1" branch="false"/>
            <line number="1624" hits="1" branch="true" condition-coverage="50% (1/2)"/>
            <line number="1625" hits="0" branch="false"/>
            <line number="1629" hits="1" branch="false"/>
            <line number="1630" hits="0" branch="false"/>
            <line number="1649" hits="1" branch="false"/>
            <line number="1650" hits="1" branch="false"/>
            <line number="1661" hits="1" branch="true" condition-coverage="50% (1/2)"/>
            <line number="1662" hits="0" branch="false"/>
            <line number="1666" hits="1" branch="false"/>
            <line number="1667" hits="0" branch="false"/>
            <line number="1686" hits="1" branch="false"/>
            <line number="1687" hits="1" branch="false"/>
            <line number="1698" hits="1" branch="true" condition-coverage="50% (1/2)"/>
            <line number="1699" hits="0" branch="false"/>
            <line number="1703" hits="1" branch="false"/>
            <line number="1704" hits="0" branch="false"/>
            <line number="1723" hits="1" branch="false"/>
            <line number="1724" hits="1" branch="false"/>
            <line number="1735" hits="1" branch="true" condition-coverage="50% (1/2)"/>
            <line number="1736" hits="0" branch="false"/>
            <line number="1740" hits="1" branch="false"/>
            <line number="1741" hits="0" branch="false"/>
            <line number="1760" hits="1" branch="false"/>
            <line number="1761" hits="1" branch="false"/>
            <line number="1762" hits="1" branch="false"/>
            <line number="1773" hits="1" branch="true" condition-coverage="50% (1/2)"/>
            <line number="1774" hits="0" branch="false"/>
            <line number="1778" hits="1" branch="false"/>
            <line number="1779" hits="0" branch="false"/>
            <line number="1798" hits="1" branch="false"/>
            <line number="1799" hits="1" branch="false"/>
            <line number="1800" hits="1" branch="false"/>
            <line number="1811" hits="1" branch="true" condition-coverage="50% (1/2)"/>
            <line number="1812" hits="0" branch="false"/>
            <line number="1816" hits="1" branch="false"/>
            <line number="1817" hits="0" branch="false"/>
          </lines>
        </class>
      </classes>
    </package>
  </packages>
</coverage>
