TN:
SF:/home/admin1/Desktop/fundoo(apollo)/server.js
FN:36,(anonymous_0)
FN:51,(anonymous_1)
FNF:2
FNH:2
FNDA:47,(anonymous_0)
FNDA:1,(anonymous_1)
DA:18,1
DA:19,1
DA:20,1
DA:21,1
DA:22,1
DA:23,1
DA:24,1
DA:25,1
DA:26,1
DA:27,1
DA:28,1
DA:29,1
DA:33,1
DA:36,47
DA:50,1
DA:51,1
DA:53,1
DA:61,1
LF:18
LH:18
BRF:0
BRH:0
end_of_record
TN:
SF:/home/admin1/Desktop/fundoo(apollo)/Apollo-Graphql/Mutation/UserMutation.js
FN:37,(anonymous_0)
FN:52,(anonymous_1)
FN:150,(anonymous_2)
FN:208,(anonymous_3)
FN:306,(anonymous_4)
FN:390,(anonymous_5)
FN:458,(anonymous_6)
FN:514,(anonymous_7)
FNF:8
FNH:6
FNDA:1,(anonymous_0)
FNDA:4,(anonymous_1)
FNDA:1,(anonymous_2)
FNDA:4,(anonymous_3)
FNDA:3,(anonymous_4)
FNDA:2,(anonymous_5)
FNDA:0,(anonymous_6)
FNDA:0,(anonymous_7)
DA:18,1
DA:19,1
DA:20,1
DA:21,1
DA:22,1
DA:23,1
DA:24,1
DA:25,1
DA:28,1
DA:34,1
DA:37,1
DA:40,1
DA:52,1
DA:54,4
DA:57,4
DA:59,4
DA:61,1
DA:69,3
DA:71,1
DA:77,2
DA:78,2
DA:80,1
DA:86,1
DA:87,1
DA:92,1
DA:93,1
DA:95,0
DA:101,1
DA:111,1
DA:115,1
DA:119,1
DA:128,0
DA:129,0
DA:132,0
DA:133,0
DA:150,1
DA:151,1
DA:158,1
DA:159,1
DA:161,0
DA:171,1
DA:176,1
DA:178,0
DA:182,1
DA:186,0
DA:187,0
DA:190,0
DA:191,0
DA:208,1
DA:210,4
DA:213,4
DA:218,4
DA:219,1
DA:226,3
DA:227,3
DA:228,1
DA:233,2
DA:235,0
DA:242,2
DA:252,2
DA:257,2
DA:258,2
DA:259,1
DA:265,1
DA:268,1
DA:276,1
DA:285,3
DA:286,0
DA:289,3
DA:290,3
DA:306,1
DA:308,3
DA:311,3
DA:318,3
DA:320,1
DA:329,2
DA:330,2
DA:332,1
DA:340,1
DA:345,1
DA:354,1
DA:355,1
DA:357,0
DA:361,1
DA:369,0
DA:370,0
DA:373,0
DA:374,0
DA:390,1
DA:391,2
DA:398,2
DA:399,2
DA:401,0
DA:407,2
DA:409,1
DA:415,1
DA:425,1
DA:429,1
DA:431,0
DA:435,1
DA:438,0
DA:439,0
DA:442,0
DA:443,0
DA:458,1
DA:460,0
DA:467,0
DA:468,0
DA:470,0
DA:473,0
DA:483,0
DA:485,0
DA:489,0
DA:493,0
DA:494,0
DA:497,0
DA:498,0
DA:514,1
DA:516,0
DA:520,0
DA:522,0
DA:524,0
DA:528,0
DA:532,0
DA:533,0
DA:536,0
DA:537,0
DA:545,1
LF:128
LH:83
BRDA:59,0,0,1
BRDA:59,0,1,3
BRDA:69,1,0,1
BRDA:69,1,1,2
BRDA:78,2,0,1
BRDA:78,2,1,1
BRDA:93,3,0,0
BRDA:93,3,1,1
BRDA:128,4,0,0
BRDA:128,4,1,0
BRDA:128,5,0,0
BRDA:128,5,1,0
BRDA:128,5,2,0
BRDA:128,5,3,0
BRDA:159,6,0,0
BRDA:159,6,1,1
BRDA:176,7,0,0
BRDA:176,7,1,1
BRDA:186,8,0,0
BRDA:186,8,1,0
BRDA:186,9,0,0
BRDA:186,9,1,0
BRDA:186,9,2,0
BRDA:186,9,3,0
BRDA:218,10,0,1
BRDA:218,10,1,3
BRDA:227,11,0,1
BRDA:227,11,1,2
BRDA:233,12,0,0
BRDA:233,12,1,2
BRDA:258,13,0,1
BRDA:258,13,1,1
BRDA:285,14,0,0
BRDA:285,14,1,3
BRDA:285,15,0,3
BRDA:285,15,1,3
BRDA:285,15,2,3
BRDA:285,15,3,3
BRDA:318,16,0,1
BRDA:318,16,1,2
BRDA:330,17,0,1
BRDA:330,17,1,1
BRDA:355,18,0,0
BRDA:355,18,1,1
BRDA:369,19,0,0
BRDA:369,19,1,0
BRDA:369,20,0,0
BRDA:369,20,1,0
BRDA:369,20,2,0
BRDA:369,20,3,0
BRDA:399,21,0,0
BRDA:399,21,1,2
BRDA:407,22,0,1
BRDA:407,22,1,1
BRDA:429,23,0,0
BRDA:429,23,1,1
BRDA:438,24,0,0
BRDA:438,24,1,0
BRDA:438,25,0,0
BRDA:438,25,1,0
BRDA:438,25,2,0
BRDA:438,25,3,0
BRDA:468,26,0,0
BRDA:468,26,1,0
BRDA:483,27,0,0
BRDA:483,27,1,0
BRDA:493,28,0,0
BRDA:493,28,1,0
BRDA:493,29,0,0
BRDA:493,29,1,0
BRDA:493,29,2,0
BRDA:493,29,3,0
BRDA:522,30,0,0
BRDA:522,30,1,0
BRDA:532,31,0,0
BRDA:532,31,1,0
BRDA:532,32,0,0
BRDA:532,32,1,0
BRDA:532,32,2,0
BRDA:532,32,3,0
BRF:80
BRH:30
end_of_record
TN:
SF:/home/admin1/Desktop/fundoo(apollo)/Apollo-Graphql/Mutation/collaboratorMutation.js
FN:25,(anonymous_0)
FN:42,(anonymous_1)
FN:139,(anonymous_2)
FNF:3
FNH:3
FNDA:1,(anonymous_0)
FNDA:2,(anonymous_1)
FNDA:1,(anonymous_2)
DA:17,1
DA:18,1
DA:19,1
DA:20,1
DA:21,1
DA:25,1
DA:29,1
DA:42,1
DA:44,2
DA:47,2
DA:48,0
DA:55,2
DA:61,2
DA:62,2
DA:63,0
DA:70,2
DA:71,2
DA:72,0
DA:79,2
DA:80,2
DA:81,2
DA:86,0
DA:94,0
DA:98,0
DA:99,0
DA:103,0
DA:105,0
DA:106,0
DA:107,0
DA:111,0
DA:116,0
DA:117,0
DA:120,0
DA:121,0
DA:139,1
DA:141,1
DA:144,1
DA:145,0
DA:152,1
DA:158,1
DA:159,1
DA:160,0
DA:167,1
DA:168,1
DA:169,0
DA:176,1
DA:177,1
DA:178,0
DA:182,1
DA:187,0
DA:188,0
DA:191,0
DA:192,0
DA:203,1
LF:54
LH:30
BRDA:47,0,0,0
BRDA:47,0,1,2
BRDA:62,1,0,0
BRDA:62,1,1,2
BRDA:71,2,0,0
BRDA:71,2,1,2
BRDA:80,3,0,2
BRDA:80,3,1,0
BRDA:105,4,0,0
BRDA:105,4,1,0
BRDA:116,5,0,0
BRDA:116,5,1,0
BRDA:116,6,0,0
BRDA:116,6,1,0
BRDA:116,6,2,0
BRDA:116,6,3,0
BRDA:144,7,0,0
BRDA:144,7,1,1
BRDA:159,8,0,0
BRDA:159,8,1,1
BRDA:168,9,0,0
BRDA:168,9,1,1
BRDA:177,10,0,0
BRDA:177,10,1,1
BRDA:187,11,0,0
BRDA:187,11,1,0
BRDA:187,12,0,0
BRDA:187,12,1,0
BRDA:187,12,2,0
BRDA:187,12,3,0
BRF:30
BRH:8
end_of_record
TN:
SF:/home/admin1/Desktop/fundoo(apollo)/Apollo-Graphql/Mutation/gitAuthMutation.js
FN:28,(anonymous_0)
FN:38,(anonymous_1)
FN:76,(anonymous_2)
FN:92,(anonymous_3)
FN:102,(anonymous_4)
FN:112,getToken
FN:127,(anonymous_6)
FN:167,(anonymous_7)
FN:185,(anonymous_8)
FN:240,(anonymous_9)
FN:278,(anonymous_10)
FN:325,(anonymous_11)
FN:364,(anonymous_12)
FN:390,(anonymous_13)
FN:429,(anonymous_14)
FN:455,(anonymous_15)
FN:540,(anonymous_16)
FN:605,(anonymous_17)
FN:692,(anonymous_18)
FN:761,(anonymous_19)
FN:828,(anonymous_20)
FN:899,(anonymous_21)
FN:966,(anonymous_22)
FN:1031,(anonymous_23)
FN:1104,(anonymous_24)
FNF:25
FNH:11
FNDA:1,(anonymous_0)
FNDA:1,(anonymous_1)
FNDA:1,(anonymous_2)
FNDA:0,(anonymous_3)
FNDA:0,(anonymous_4)
FNDA:0,getToken
FNDA:0,(anonymous_6)
FNDA:0,(anonymous_7)
FNDA:1,(anonymous_8)
FNDA:1,(anonymous_9)
FNDA:0,(anonymous_10)
FNDA:1,(anonymous_11)
FNDA:0,(anonymous_12)
FNDA:1,(anonymous_13)
FNDA:0,(anonymous_14)
FNDA:1,(anonymous_15)
FNDA:1,(anonymous_16)
FNDA:0,(anonymous_17)
FNDA:1,(anonymous_18)
FNDA:1,(anonymous_19)
FNDA:0,(anonymous_20)
FNDA:0,(anonymous_21)
FNDA:0,(anonymous_22)
FNDA:0,(anonymous_23)
FNDA:0,(anonymous_24)
DA:18,1
DA:19,1
DA:20,1
DA:21,1
DA:22,1
DA:23,1
DA:24,1
DA:25,1
DA:28,1
DA:38,1
DA:39,1
DA:46,1
DA:50,1
DA:51,1
DA:52,0
DA:56,1
DA:61,0
DA:76,1
DA:85,1
DA:95,0
DA:98,0
DA:99,0
DA:103,0
DA:120,0
DA:128,0
DA:129,0
DA:133,0
DA:143,0
DA:144,0
DA:149,0
DA:153,0
DA:154,0
DA:157,0
DA:158,0
DA:162,0
DA:168,0
DA:173,1
DA:185,1
DA:186,1
DA:192,1
DA:193,1
DA:194,0
DA:203,1
DA:204,1
DA:205,0
DA:209,1
DA:210,1
DA:213,1
DA:214,0
DA:218,1
DA:222,0
DA:223,0
DA:240,1
DA:241,1
DA:248,1
DA:249,1
DA:250,0
DA:255,1
DA:256,1
DA:257,0
DA:262,1
DA:271,0
DA:282,0
DA:283,0
DA:284,0
DA:285,0
DA:288,0
DA:289,0
DA:292,0
DA:299,0
DA:305,0
DA:308,1
DA:309,1
DA:325,1
DA:326,1
DA:333,1
DA:334,1
DA:335,0
DA:340,1
DA:341,1
DA:342,0
DA:347,1
DA:348,0
DA:357,0
DA:365,0
DA:369,0
DA:372,1
DA:373,1
DA:390,1
DA:391,1
DA:398,1
DA:399,1
DA:400,0
DA:405,1
DA:406,1
DA:407,0
DA:412,1
DA:413,0
DA:422,0
DA:430,0
DA:434,0
DA:437,1
DA:438,1
DA:455,1
DA:456,1
DA:463,1
DA:464,1
DA:465,0
DA:471,1
DA:472,1
DA:473,0
DA:479,1
DA:489,0
DA:493,0
DA:497,0
DA:506,0
DA:508,0
DA:514,0
DA:516,0
DA:519,0
DA:523,1
DA:540,1
DA:541,1
DA:548,1
DA:549,1
DA:550,0
DA:556,1
DA:557,1
DA:558,0
DA:564,1
DA:565,0
DA:575,0
DA:578,0
DA:581,0
DA:584,0
DA:588,1
DA:605,1
DA:606,0
DA:613,0
DA:614,0
DA:615,0
DA:621,0
DA:622,0
DA:623,0
DA:629,0
DA:630,0
DA:635,0
DA:639,0
DA:645,0
DA:646,0
DA:647,0
DA:651,0
DA:652,0
DA:655,0
DA:662,0
DA:668,0
DA:674,0
DA:675,0
DA:692,1
DA:693,1
DA:700,1
DA:701,1
DA:702,0
DA:708,1
DA:709,1
DA:710,0
DA:716,1
DA:717,0
DA:718,0
DA:723,0
DA:730,0
DA:734,0
DA:737,0
DA:743,1
DA:744,1
DA:761,1
DA:762,1
DA:769,1
DA:770,1
DA:771,0
DA:777,1
DA:778,1
DA:779,0
DA:785,1
DA:786,0
DA:791,0
DA:798,0
DA:804,0
DA:809,1
DA:810,1
DA:828,1
DA:829,0
DA:836,0
DA:837,0
DA:838,0
DA:844,0
DA:845,0
DA:846,0
DA:852,0
DA:853,0
DA:862,0
DA:864,0
DA:870,0
DA:872,0
DA:873,0
DA:877,0
DA:880,0
DA:881,0
DA:899,1
DA:900,0
DA:907,0
DA:908,0
DA:909,0
DA:915,0
DA:916,0
DA:917,0
DA:923,0
DA:924,0
DA:933,0
DA:937,0
DA:939,0
DA:940,0
DA:944,0
DA:947,0
DA:948,0
DA:966,1
DA:967,0
DA:974,0
DA:975,0
DA:976,0
DA:982,0
DA:983,0
DA:984,0
DA:990,0
DA:995,0
DA:1002,0
DA:1006,0
DA:1009,0
DA:1014,0
DA:1015,0
DA:1031,1
DA:1032,0
DA:1039,0
DA:1040,0
DA:1041,0
DA:1047,0
DA:1048,0
DA:1049,0
DA:1055,0
DA:1064,0
DA:1068,0
DA:1070,0
DA:1074,0
DA:1075,0
DA:1076,0
DA:1080,0
DA:1085,0
DA:1086,0
DA:1104,1
DA:1105,0
DA:1112,0
DA:1113,0
DA:1114,0
DA:1120,0
DA:1121,0
DA:1122,0
DA:1128,0
DA:1129,0
DA:1138,0
DA:1140,0
DA:1155,0
DA:1157,0
DA:1159,0
DA:1164,0
DA:1165,0
DA:1178,1
LF:276
LH:96
BRDA:51,0,0,0
BRDA:51,0,1,1
BRDA:157,1,0,0
BRDA:157,1,1,0
BRDA:193,2,0,0
BRDA:193,2,1,1
BRDA:204,3,0,0
BRDA:204,3,1,1
BRDA:213,4,0,0
BRDA:213,4,1,1
BRDA:249,5,0,0
BRDA:249,5,1,1
BRDA:256,6,0,0
BRDA:256,6,1,1
BRDA:289,7,0,0
BRDA:289,7,1,0
BRDA:334,8,0,0
BRDA:334,8,1,1
BRDA:341,9,0,0
BRDA:341,9,1,1
BRDA:399,10,0,0
BRDA:399,10,1,1
BRDA:406,11,0,0
BRDA:406,11,1,1
BRDA:464,12,0,0
BRDA:464,12,1,1
BRDA:472,13,0,0
BRDA:472,13,1,1
BRDA:549,14,0,0
BRDA:549,14,1,1
BRDA:557,15,0,0
BRDA:557,15,1,1
BRDA:614,16,0,0
BRDA:614,16,1,0
BRDA:622,17,0,0
BRDA:622,17,1,0
BRDA:652,18,0,0
BRDA:652,18,1,0
BRDA:701,19,0,0
BRDA:701,19,1,1
BRDA:709,20,0,0
BRDA:709,20,1,1
BRDA:770,21,0,0
BRDA:770,21,1,1
BRDA:778,22,0,0
BRDA:778,22,1,1
BRDA:837,23,0,0
BRDA:837,23,1,0
BRDA:845,24,0,0
BRDA:845,24,1,0
BRDA:908,25,0,0
BRDA:908,25,1,0
BRDA:916,26,0,0
BRDA:916,26,1,0
BRDA:975,27,0,0
BRDA:975,27,1,0
BRDA:983,28,0,0
BRDA:983,28,1,0
BRDA:1040,29,0,0
BRDA:1040,29,1,0
BRDA:1048,30,0,0
BRDA:1048,30,1,0
BRDA:1113,31,0,0
BRDA:1113,31,1,0
BRDA:1121,32,0,0
BRDA:1121,32,1,0
BRF:66
BRH:18
end_of_record
TN:
SF:/home/admin1/Desktop/fundoo(apollo)/Apollo-Graphql/Mutation/gitCollaborators.js
FN:23,(anonymous_0)
FN:40,(anonymous_1)
FN:109,(anonymous_2)
FN:173,(anonymous_3)
FNF:4
FNH:1
FNDA:1,(anonymous_0)
FNDA:0,(anonymous_1)
FNDA:0,(anonymous_2)
FNDA:0,(anonymous_3)
DA:17,1
DA:18,1
DA:19,1
DA:20,1
DA:23,1
DA:27,1
DA:40,1
DA:41,0
DA:48,0
DA:49,0
DA:50,0
DA:56,0
DA:57,0
DA:58,0
DA:64,0
DA:73,0
DA:83,0
DA:86,0
DA:87,0
DA:90,0
DA:91,0
DA:109,1
DA:110,0
DA:117,0
DA:118,0
DA:119,0
DA:123,0
DA:124,0
DA:125,0
DA:129,0
DA:138,0
DA:148,0
DA:151,0
DA:152,0
DA:155,0
DA:156,0
DA:173,1
DA:174,0
DA:181,0
DA:182,0
DA:183,0
DA:187,0
DA:188,0
DA:189,0
DA:193,0
DA:202,0
DA:210,0
DA:213,0
DA:214,0
DA:215,0
DA:216,0
DA:220,0
DA:226,0
DA:227,0
DA:230,0
DA:231,0
DA:243,1
LF:57
LH:10
BRDA:49,0,0,0
BRDA:49,0,1,0
BRDA:57,1,0,0
BRDA:57,1,1,0
BRDA:86,2,0,0
BRDA:86,2,1,0
BRDA:86,3,0,0
BRDA:86,3,1,0
BRDA:86,3,2,0
BRDA:86,3,3,0
BRDA:118,4,0,0
BRDA:118,4,1,0
BRDA:124,5,0,0
BRDA:124,5,1,0
BRDA:151,6,0,0
BRDA:151,6,1,0
BRDA:151,7,0,0
BRDA:151,7,1,0
BRDA:151,7,2,0
BRDA:151,7,3,0
BRDA:182,8,0,0
BRDA:182,8,1,0
BRDA:188,9,0,0
BRDA:188,9,1,0
BRDA:226,10,0,0
BRDA:226,10,1,0
BRDA:226,11,0,0
BRDA:226,11,1,0
BRDA:226,11,2,0
BRDA:226,11,3,0
BRF:30
BRH:0
end_of_record
TN:
SF:/home/admin1/Desktop/fundoo(apollo)/Apollo-Graphql/Mutation/labelAndIssueMutation.js
FN:25,(anonymous_0)
FN:38,(anonymous_1)
FN:133,(anonymous_2)
FN:227,(anonymous_3)
FN:294,(anonymous_4)
FN:380,(anonymous_5)
FN:479,(anonymous_6)
FN:562,(anonymous_7)
FN:667,(anonymous_8)
FN:735,(anonymous_9)
FN:802,(anonymous_10)
FN:898,(anonymous_11)
FNF:12
FNH:1
FNDA:1,(anonymous_0)
FNDA:0,(anonymous_1)
FNDA:0,(anonymous_2)
FNDA:0,(anonymous_3)
FNDA:0,(anonymous_4)
FNDA:0,(anonymous_5)
FNDA:0,(anonymous_6)
FNDA:0,(anonymous_7)
FNDA:0,(anonymous_8)
FNDA:0,(anonymous_9)
FNDA:0,(anonymous_10)
FNDA:0,(anonymous_11)
DA:16,1
DA:17,1
DA:18,1
DA:19,1
DA:20,1
DA:21,1
DA:25,1
DA:38,1
DA:39,0
DA:46,0
DA:47,0
DA:48,0
DA:54,0
DA:55,0
DA:56,0
DA:62,0
DA:63,0
DA:68,0
DA:75,0
DA:81,0
DA:82,0
DA:87,0
DA:88,0
DA:94,0
DA:105,0
DA:106,0
DA:109,0
DA:114,0
DA:115,0
DA:133,1
DA:134,0
DA:141,0
DA:142,0
DA:143,0
DA:149,0
DA:150,0
DA:151,0
DA:157,0
DA:158,0
DA:163,0
DA:170,0
DA:175,0
DA:182,0
DA:183,0
DA:184,0
DA:185,0
DA:190,0
DA:197,0
DA:198,0
DA:203,0
DA:208,0
DA:209,0
DA:227,1
DA:228,0
DA:235,0
DA:236,0
DA:237,0
DA:243,0
DA:244,0
DA:245,0
DA:251,0
DA:252,0
DA:257,0
DA:264,0
DA:270,0
DA:275,0
DA:276,0
DA:294,1
DA:295,0
DA:302,0
DA:303,0
DA:304,0
DA:310,0
DA:311,0
DA:312,0
DA:318,0
DA:319,0
DA:324,0
DA:331,0
DA:336,0
DA:340,0
DA:349,0
DA:350,0
DA:355,0
DA:360,0
DA:361,0
DA:380,1
DA:381,0
DA:388,0
DA:389,0
DA:390,0
DA:396,0
DA:397,0
DA:398,0
DA:404,0
DA:405,0
DA:410,0
DA:416,0
DA:421,0
DA:425,0
DA:427,0
DA:428,0
DA:429,0
DA:436,0
DA:440,0
DA:449,0
DA:450,0
DA:454,0
DA:459,0
DA:460,0
DA:479,1
DA:480,0
DA:487,0
DA:488,0
DA:489,0
DA:495,0
DA:496,0
DA:497,0
DA:503,0
DA:504,0
DA:506,0
DA:513,0
DA:514,0
DA:523,0
DA:525,0
DA:533,0
DA:535,0
DA:539,0
DA:544,0
DA:545,0
DA:562,1
DA:563,0
DA:570,0
DA:571,0
DA:572,0
DA:578,0
DA:579,0
DA:580,0
DA:585,0
DA:586,0
DA:588,0
DA:593,0
DA:594,0
DA:603,0
DA:605,0
DA:614,0
DA:617,0
DA:624,0
DA:626,0
DA:627,0
DA:632,0
DA:638,0
DA:639,0
DA:643,0
DA:648,0
DA:649,0
DA:667,1
DA:668,0
DA:675,0
DA:676,0
DA:677,0
DA:683,0
DA:684,0
DA:685,0
DA:691,0
DA:692,0
DA:701,0
DA:705,0
DA:707,0
DA:710,0
DA:715,0
DA:716,0
DA:735,1
DA:736,0
DA:743,0
DA:744,0
DA:745,0
DA:751,0
DA:752,0
DA:753,0
DA:759,0
DA:760,0
DA:769,0
DA:773,0
DA:775,0
DA:778,0
DA:784,0
DA:785,0
DA:802,1
DA:803,0
DA:810,0
DA:811,0
DA:812,0
DA:818,0
DA:819,0
DA:820,0
DA:826,0
DA:827,0
DA:836,0
DA:838,0
DA:845,0
DA:847,0
DA:854,0
DA:855,0
DA:856,0
DA:857,0
DA:862,0
DA:868,0
DA:869,0
DA:874,0
DA:880,0
DA:881,0
DA:898,1
DA:899,0
DA:906,0
DA:907,0
DA:908,0
DA:914,0
DA:915,0
DA:916,0
DA:922,0
DA:923,0
DA:932,0
DA:936,0
DA:940,0
DA:945,0
DA:946,0
DA:959,1
LF:228
LH:19
BRDA:47,0,0,0
BRDA:47,0,1,0
BRDA:55,1,0,0
BRDA:55,1,1,0
BRDA:142,2,0,0
BRDA:142,2,1,0
BRDA:150,3,0,0
BRDA:150,3,1,0
BRDA:184,4,0,0
BRDA:184,4,1,0
BRDA:197,5,0,0
BRDA:197,5,1,0
BRDA:236,6,0,0
BRDA:236,6,1,0
BRDA:244,7,0,0
BRDA:244,7,1,0
BRDA:303,8,0,0
BRDA:303,8,1,0
BRDA:311,9,0,0
BRDA:311,9,1,0
BRDA:349,10,0,0
BRDA:349,10,1,0
BRDA:389,11,0,0
BRDA:389,11,1,0
BRDA:397,12,0,0
BRDA:397,12,1,0
BRDA:428,13,0,0
BRDA:428,13,1,0
BRDA:449,14,0,0
BRDA:449,14,1,0
BRDA:488,15,0,0
BRDA:488,15,1,0
BRDA:496,16,0,0
BRDA:496,16,1,0
BRDA:504,17,0,0
BRDA:504,17,1,0
BRDA:571,18,0,0
BRDA:571,18,1,0
BRDA:579,19,0,0
BRDA:579,19,1,0
BRDA:586,20,0,0
BRDA:586,20,1,0
BRDA:626,21,0,0
BRDA:626,21,1,0
BRDA:638,22,0,0
BRDA:638,22,1,0
BRDA:676,23,0,0
BRDA:676,23,1,0
BRDA:684,24,0,0
BRDA:684,24,1,0
BRDA:744,25,0,0
BRDA:744,25,1,0
BRDA:752,26,0,0
BRDA:752,26,1,0
BRDA:811,27,0,0
BRDA:811,27,1,0
BRDA:819,28,0,0
BRDA:819,28,1,0
BRDA:856,29,0,0
BRDA:856,29,1,0
BRDA:868,30,0,0
BRDA:868,30,1,0
BRDA:907,31,0,0
BRDA:907,31,1,0
BRDA:915,32,0,0
BRDA:915,32,1,0
BRF:66
BRH:0
end_of_record
TN:
SF:/home/admin1/Desktop/fundoo(apollo)/Apollo-Graphql/Mutation/labelMutation.js
FN:27,(anonymous_0)
FN:43,(anonymous_1)
FN:119,(anonymous_2)
FN:175,(anonymous_3)
FNF:4
FNH:4
FNDA:1,(anonymous_0)
FNDA:3,(anonymous_1)
FNDA:1,(anonymous_2)
FNDA:1,(anonymous_3)
DA:18,1
DA:19,1
DA:23,1
DA:24,1
DA:27,1
DA:30,1
DA:43,1
DA:44,3
DA:50,3
DA:51,1
DA:60,2
DA:61,2
DA:62,0
DA:64,2
DA:71,2
DA:72,1
DA:78,1
DA:79,1
DA:83,1
DA:89,1
DA:90,0
DA:92,1
DA:97,0
DA:98,0
DA:101,0
DA:102,0
DA:119,1
DA:120,1
DA:127,1
DA:128,1
DA:129,0
DA:135,1
DA:147,1
DA:148,1
DA:150,0
DA:155,0
DA:156,0
DA:159,0
DA:160,0
DA:175,1
DA:176,1
DA:183,1
DA:184,1
DA:185,0
DA:195,1
DA:196,1
DA:197,1
DA:199,0
DA:204,0
DA:205,0
DA:208,0
DA:209,0
DA:217,1
LF:53
LH:35
BRDA:50,0,0,1
BRDA:50,0,1,2
BRDA:61,1,0,0
BRDA:61,1,1,2
BRDA:71,2,0,1
BRDA:71,2,1,1
BRDA:89,3,0,0
BRDA:89,3,1,1
BRDA:97,4,0,0
BRDA:97,4,1,0
BRDA:97,5,0,0
BRDA:97,5,1,0
BRDA:97,5,2,0
BRDA:97,5,3,0
BRDA:128,6,0,0
BRDA:128,6,1,1
BRDA:147,7,0,1
BRDA:147,7,1,0
BRDA:155,8,0,0
BRDA:155,8,1,0
BRDA:155,9,0,0
BRDA:155,9,1,0
BRDA:155,9,2,0
BRDA:155,9,3,0
BRDA:184,10,0,0
BRDA:184,10,1,1
BRDA:196,11,0,1
BRDA:196,11,1,0
BRDA:204,12,0,0
BRDA:204,12,1,0
BRDA:204,13,0,0
BRDA:204,13,1,0
BRDA:204,13,2,0
BRDA:204,13,3,0
BRF:34
BRH:10
end_of_record
TN:
SF:/home/admin1/Desktop/fundoo(apollo)/Apollo-Graphql/Mutation/noteMutation.js
FN:23,(anonymous_0)
FN:39,(anonymous_1)
FN:126,(anonymous_2)
FN:170,(anonymous_3)
FN:207,(anonymous_4)
FN:260,(anonymous_5)
FN:319,(anonymous_6)
FN:378,(anonymous_7)
FN:428,(anonymous_8)
FN:495,(anonymous_9)
FN:560,(anonymous_10)
FN:626,(anonymous_11)
FNF:12
FNH:8
FNDA:1,(anonymous_0)
FNDA:4,(anonymous_1)
FNDA:1,(anonymous_2)
FNDA:1,(anonymous_3)
FNDA:0,(anonymous_4)
FNDA:0,(anonymous_5)
FNDA:2,(anonymous_6)
FNDA:2,(anonymous_7)
FNDA:1,(anonymous_8)
FNDA:1,(anonymous_9)
FNDA:0,(anonymous_10)
FNDA:0,(anonymous_11)
DA:18,1
DA:19,1
DA:20,1
DA:23,1
DA:26,1
DA:39,1
DA:40,4
DA:47,4
DA:48,1
DA:50,3
DA:51,1
DA:61,2
DA:62,2
DA:63,0
DA:69,2
DA:75,2
DA:76,2
DA:82,0
DA:93,0
DA:99,0
DA:100,0
DA:102,0
DA:107,0
DA:108,0
DA:111,0
DA:112,0
DA:126,1
DA:127,1
DA:131,1
DA:144,1
DA:145,0
DA:147,1
DA:152,0
DA:153,0
DA:156,0
DA:157,0
DA:170,1
DA:171,1
DA:179,1
DA:180,1
DA:181,1
DA:183,0
DA:188,0
DA:189,0
DA:192,0
DA:193,0
DA:207,1
DA:208,0
DA:212,0
DA:217,0
DA:218,0
DA:224,0
DA:232,0
DA:233,0
DA:235,0
DA:240,0
DA:241,0
DA:244,0
DA:245,0
DA:260,1
DA:261,0
DA:265,0
DA:270,0
DA:271,0
DA:277,0
DA:285,0
DA:286,0
DA:288,0
DA:289,0
DA:290,0
DA:295,0
DA:300,0
DA:301,0
DA:304,0
DA:305,0
DA:319,1
DA:320,2
DA:324,2
DA:328,2
DA:329,1
DA:334,1
DA:335,1
DA:339,1
DA:352,0
DA:353,0
DA:357,0
DA:361,1
DA:362,0
DA:365,1
DA:366,1
DA:378,1
DA:379,2
DA:383,2
DA:386,2
DA:387,1
DA:393,1
DA:394,1
DA:400,1
DA:401,0
DA:405,1
DA:409,0
DA:410,0
DA:413,0
DA:414,0
DA:428,1
DA:429,1
DA:437,1
DA:438,1
DA:439,0
DA:445,1
DA:446,1
DA:450,1
DA:457,0
DA:465,0
DA:469,1
DA:473,0
DA:474,0
DA:477,0
DA:478,0
DA:495,1
DA:496,1
DA:504,1
DA:505,1
DA:506,0
DA:510,1
DA:513,1
DA:515,1
DA:524,0
DA:533,0
DA:538,0
DA:539,0
DA:542,0
DA:543,0
DA:560,1
DA:561,0
DA:569,0
DA:570,0
DA:571,0
DA:575,0
DA:578,0
DA:586,0
DA:594,0
DA:599,0
DA:603,0
DA:604,0
DA:607,0
DA:608,0
DA:626,1
DA:627,0
DA:635,0
DA:636,0
DA:637,0
DA:643,0
DA:648,0
DA:650,0
DA:659,0
DA:667,0
DA:672,0
DA:673,0
DA:676,0
DA:677,0
DA:690,1
LF:162
LH:66
BRDA:47,0,0,1
BRDA:47,0,1,3
BRDA:50,1,0,1
BRDA:50,1,1,2
BRDA:62,2,0,0
BRDA:62,2,1,2
BRDA:75,3,0,2
BRDA:75,3,1,0
BRDA:99,4,0,0
BRDA:99,4,1,0
BRDA:107,5,0,0
BRDA:107,5,1,0
BRDA:107,6,0,0
BRDA:107,6,1,0
BRDA:107,6,2,0
BRDA:107,6,3,0
BRDA:144,7,0,0
BRDA:144,7,1,1
BRDA:152,8,0,0
BRDA:152,8,1,0
BRDA:152,9,0,0
BRDA:152,9,1,0
BRDA:152,9,2,0
BRDA:152,9,3,0
BRDA:180,10,0,1
BRDA:180,10,1,0
BRDA:188,11,0,0
BRDA:188,11,1,0
BRDA:188,12,0,0
BRDA:188,12,1,0
BRDA:188,12,2,0
BRDA:188,12,3,0
BRDA:217,13,0,0
BRDA:217,13,1,0
BRDA:232,14,0,0
BRDA:232,14,1,0
BRDA:240,15,0,0
BRDA:240,15,1,0
BRDA:240,16,0,0
BRDA:240,16,1,0
BRDA:240,16,2,0
BRDA:240,16,3,0
BRDA:270,17,0,0
BRDA:270,17,1,0
BRDA:285,18,0,0
BRDA:285,18,1,0
BRDA:289,19,0,0
BRDA:289,19,1,0
BRDA:300,20,0,0
BRDA:300,20,1,0
BRDA:300,21,0,0
BRDA:300,21,1,0
BRDA:300,21,2,0
BRDA:300,21,3,0
BRDA:328,22,0,1
BRDA:328,22,1,1
BRDA:352,23,0,0
BRDA:352,23,1,0
BRDA:361,24,0,0
BRDA:361,24,1,1
BRDA:361,25,0,1
BRDA:361,25,1,1
BRDA:361,25,2,1
BRDA:361,25,3,1
BRDA:386,26,0,1
BRDA:386,26,1,1
BRDA:400,27,0,0
BRDA:400,27,1,1
BRDA:409,28,0,0
BRDA:409,28,1,0
BRDA:409,29,0,0
BRDA:409,29,1,0
BRDA:409,29,2,0
BRDA:409,29,3,0
BRDA:438,30,0,0
BRDA:438,30,1,1
BRDA:450,31,0,0
BRDA:450,31,1,1
BRDA:473,32,0,0
BRDA:473,32,1,0
BRDA:473,33,0,0
BRDA:473,33,1,0
BRDA:473,33,2,0
BRDA:473,33,3,0
BRDA:505,34,0,0
BRDA:505,34,1,1
BRDA:513,35,0,1
BRDA:513,35,1,0
BRDA:538,36,0,0
BRDA:538,36,1,0
BRDA:538,37,0,0
BRDA:538,37,1,0
BRDA:538,37,2,0
BRDA:538,37,3,0
BRDA:570,38,0,0
BRDA:570,38,1,0
BRDA:578,39,0,0
BRDA:578,39,1,0
BRDA:603,40,0,0
BRDA:603,40,1,0
BRDA:603,41,0,0
BRDA:603,41,1,0
BRDA:603,41,2,0
BRDA:603,41,3,0
BRDA:636,42,0,0
BRDA:636,42,1,0
BRDA:648,43,0,0
BRDA:648,43,1,0
BRDA:672,44,0,0
BRDA:672,44,1,0
BRDA:672,45,0,0
BRDA:672,45,1,0
BRDA:672,45,2,0
BRDA:672,45,3,0
BRF:114
BRH:22
end_of_record
TN:
SF:/home/admin1/Desktop/fundoo(apollo)/Apollo-Graphql/Mutation/uploadPicMutation.js
FN:24,(anonymous_0)
FN:33,(anonymous_1)
FNF:2
FNH:1
FNDA:1,(anonymous_0)
FNDA:0,(anonymous_1)
DA:18,1
DA:19,1
DA:24,1
DA:33,1
DA:34,0
DA:39,0
DA:40,0
DA:41,0
DA:43,0
DA:48,0
DA:49,0
DA:50,0
DA:57,0
DA:65,1
LF:14
LH:5
BRDA:34,0,0,0
BRDA:34,0,1,0
BRDA:40,1,0,0
BRDA:40,1,1,0
BRDA:49,2,0,0
BRDA:49,2,1,0
BRF:6
BRH:0
end_of_record
TN:
SF:/home/admin1/Desktop/fundoo(apollo)/Apollo-Graphql/Query/query.js
FN:26,(anonymous_0)
FN:35,(anonymous_1)
FN:54,(anonymous_2)
FN:67,(anonymous_3)
FN:83,(anonymous_4)
FN:96,(anonymous_5)
FN:111,(anonymous_6)
FN:127,(anonymous_7)
FNF:8
FNH:1
FNDA:1,(anonymous_0)
FNDA:0,(anonymous_1)
FNDA:0,(anonymous_2)
FNDA:0,(anonymous_3)
FNDA:0,(anonymous_4)
FNDA:0,(anonymous_5)
FNDA:0,(anonymous_6)
FNDA:0,(anonymous_7)
DA:19,1
DA:20,1
DA:21,1
DA:22,1
DA:23,1
DA:26,1
DA:35,1
DA:36,0
DA:37,0
DA:41,0
DA:42,0
DA:43,0
DA:44,0
DA:54,1
DA:55,0
DA:56,0
DA:57,0
DA:67,1
DA:68,0
DA:69,0
DA:70,0
DA:71,0
DA:72,0
DA:83,1
DA:84,0
DA:85,0
DA:96,1
DA:97,0
DA:98,0
DA:99,0
DA:111,1
DA:112,0
DA:113,0
DA:114,0
DA:115,0
DA:127,1
DA:128,0
DA:129,0
DA:130,0
DA:131,0
DA:140,1
LF:41
LH:14
BRDA:36,0,0,0
BRDA:36,0,1,0
BRF:2
BRH:0
end_of_record
TN:
SF:/home/admin1/Desktop/fundoo(apollo)/Apollo-Graphql/Resolver/resolver.js
FN:90,(anonymous_0)
FN:169,(anonymous_1)
FN:190,(anonymous_2)
FN:198,(anonymous_3)
FNF:4
FNH:1
FNDA:1,(anonymous_0)
FNDA:0,(anonymous_1)
FNDA:0,(anonymous_2)
FNDA:0,(anonymous_3)
DA:17,1
DA:18,1
DA:22,1
DA:23,1
DA:24,1
DA:25,1
DA:26,1
DA:27,1
DA:28,1
DA:29,1
DA:30,1
DA:31,1
DA:32,1
DA:33,1
DA:34,1
DA:35,1
DA:36,1
DA:37,1
DA:38,1
DA:39,1
DA:40,1
DA:41,1
DA:42,1
DA:43,1
DA:44,1
DA:45,1
DA:46,1
DA:47,1
DA:48,1
DA:49,1
DA:50,1
DA:51,1
DA:52,1
DA:53,1
DA:54,1
DA:55,1
DA:56,1
DA:57,1
DA:58,1
DA:59,1
DA:60,1
DA:61,1
DA:62,1
DA:63,1
DA:64,1
DA:65,1
DA:66,1
DA:67,1
DA:68,1
DA:69,1
DA:70,1
DA:71,1
DA:72,1
DA:73,1
DA:74,1
DA:75,1
DA:76,1
DA:77,1
DA:78,1
DA:79,1
DA:80,1
DA:81,1
DA:82,1
DA:83,1
DA:84,1
DA:85,1
DA:90,1
DA:99,1
DA:172,0
DA:173,0
DA:174,0
DA:177,0
DA:178,0
DA:179,0
DA:184,0
DA:185,0
DA:191,0
DA:192,0
DA:193,0
DA:194,0
DA:199,0
DA:200,0
DA:210,1
LF:83
LH:69
BRDA:173,0,0,0
BRDA:173,0,1,0
BRDA:177,1,0,0
BRDA:177,1,1,0
BRDA:178,2,0,0
BRDA:178,2,1,0
BRF:6
BRH:0
end_of_record
TN:
SF:/home/admin1/Desktop/fundoo(apollo)/Apollo-Graphql/Types/types.js
FNF:0
FNH:0
DA:19,1
DA:30,1
DA:192,1
LF:3
LH:3
BRF:0
BRH:0
end_of_record
TN:
SF:/home/admin1/Desktop/fundoo(apollo)/Authentication/authenticationUser.js
FN:24,(anonymous_0)
FNF:1
FNH:1
FNDA:22,(anonymous_0)
DA:18,1
DA:24,1
DA:25,22
DA:32,22
DA:33,13
DA:37,9
DA:38,9
LF:7
LH:7
BRF:0
BRH:0
end_of_record
TN:
SF:/home/admin1/Desktop/fundoo(apollo)/ElasticSearch/elastic.js
FNF:0
FNH:0
DA:18,1
DA:21,1
DA:29,1
DA:30,1
DA:31,1
DA:36,1
LF:6
LH:6
BRF:0
BRH:0
end_of_record
TN:
SF:/home/admin1/Desktop/fundoo(apollo)/Mongoconfig/config.js
FNF:0
FNH:0
DA:18,1
LF:1
LH:1
BRF:0
BRH:0
end_of_record
TN:
SF:/home/admin1/Desktop/fundoo(apollo)/Mongoconfig/mongoose.js
FN:26,(anonymous_0)
FN:33,(anonymous_1)
FN:38,(anonymous_2)
FN:42,(anonymous_3)
FNF:4
FNH:2
FNDA:1,(anonymous_0)
FNDA:1,(anonymous_1)
FNDA:0,(anonymous_2)
FNDA:0,(anonymous_3)
DA:18,1
DA:19,1
DA:26,1
DA:27,1
DA:28,1
DA:31,1
DA:33,1
DA:35,1
DA:36,1
DA:38,1
DA:39,0
DA:40,0
DA:42,1
DA:43,0
DA:44,0
DA:47,1
LF:16
LH:12
BRF:0
BRH:0
end_of_record
TN:
SF:/home/admin1/Desktop/fundoo(apollo)/Mongoconfig/redis.js
FN:29,(anonymous_0)
FN:31,(anonymous_1)
FN:37,(anonymous_2)
FNF:3
FNH:2
FNDA:1,(anonymous_0)
FNDA:1,(anonymous_1)
FNDA:0,(anonymous_2)
DA:18,1
DA:19,1
DA:29,1
DA:31,1
DA:33,1
DA:37,1
DA:38,0
LF:7
LH:6
BRF:0
BRH:0
end_of_record
TN:
SF:/home/admin1/Desktop/fundoo(apollo)/model/collabatorsSchema.js
FNF:0
FNH:0
DA:18,1
DA:21,1
DA:31,1
DA:51,1
DA:56,1
LF:5
LH:5
BRF:0
BRH:0
end_of_record
TN:
SF:/home/admin1/Desktop/fundoo(apollo)/model/gitIssueSchema.js
FNF:0
FNH:0
DA:18,1
DA:21,1
DA:35,1
DA:69,1
DA:70,1
LF:5
LH:5
BRF:0
BRH:0
end_of_record
TN:
SF:/home/admin1/Desktop/fundoo(apollo)/model/labelSchema.js
FNF:0
FNH:0
DA:18,1
DA:21,1
DA:30,1
DA:46,1
DA:47,1
LF:5
LH:5
BRF:0
BRH:0
end_of_record
TN:
SF:/home/admin1/Desktop/fundoo(apollo)/model/noteSchema.js
FNF:0
FNH:0
DA:18,1
DA:21,1
DA:35,1
DA:75,1
DA:81,1
LF:5
LH:5
BRF:0
BRH:0
end_of_record
TN:
SF:/home/admin1/Desktop/fundoo(apollo)/model/userSchema.js
FNF:0
FNH:0
DA:18,1
DA:21,1
DA:38,1
DA:91,1
DA:96,1
LF:5
LH:5
BRF:0
BRH:0
end_of_record
TN:
SF:/home/admin1/Desktop/fundoo(apollo)/sendMailer/sendMail.js
FN:27,(anonymous_0)
FNF:1
FNH:1
FNDA:3,(anonymous_0)
DA:18,1
DA:27,1
DA:28,3
DA:38,3
DA:46,3
DA:47,3
DA:48,0
DA:50,3
LF:8
LH:7
BRDA:47,0,0,0
BRDA:47,0,1,3
BRF:2
BRH:1
end_of_record
TN:
SF:/home/admin1/Desktop/fundoo(apollo)/services/axios-services.js
FN:25,(anonymous_0)
FN:26,(anonymous_1)
FN:47,(anonymous_2)
FN:50,(anonymous_3)
FNF:4
FNH:0
FNDA:0,(anonymous_0)
FNDA:0,(anonymous_1)
FNDA:0,(anonymous_2)
FNDA:0,(anonymous_3)
DA:18,1
DA:25,1
DA:26,0
DA:35,0
DA:48,0
DA:51,0
DA:52,0
LF:7
LH:2
BRF:0
BRH:0
end_of_record
TN:
SF:/home/admin1/Desktop/fundoo(apollo)/services/s3-services.js
FN:39,(anonymous_0)
FN:42,(anonymous_1)
FNF:2
FNH:0
FNDA:0,(anonymous_0)
FNDA:0,(anonymous_1)
DA:18,1
DA:19,1
DA:20,1
DA:23,1
DA:35,1
DA:40,0
DA:43,0
DA:52,1
LF:8
LH:6
BRF:0
BRH:0
end_of_record
TN:
SF:/home/admin1/Desktop/fundoo(apollo)/testing/test.js
FN:32,testJSON
FN:55,(anonymous_1)
FN:66,(anonymous_2)
FN:73,(anonymous_3)
FN:100,(anonymous_4)
FN:108,(anonymous_5)
FN:133,(anonymous_6)
FN:141,(anonymous_7)
FN:167,(anonymous_8)
FN:175,(anonymous_9)
FN:200,(anonymous_10)
FN:208,(anonymous_11)
FN:234,(anonymous_12)
FN:241,(anonymous_13)
FN:269,(anonymous_14)
FN:277,(anonymous_15)
FN:305,(anonymous_16)
FN:313,(anonymous_17)
FN:341,(anonymous_18)
FN:349,(anonymous_19)
FN:375,(anonymous_20)
FN:383,(anonymous_21)
FN:411,(anonymous_22)
FN:420,(anonymous_23)
FN:447,(anonymous_24)
FN:456,(anonymous_25)
FN:482,(anonymous_26)
FN:491,(anonymous_27)
FN:519,(anonymous_28)
FN:528,(anonymous_29)
FN:563,(anonymous_30)
FN:575,(anonymous_31)
FN:583,(anonymous_32)
FN:612,(anonymous_33)
FN:621,(anonymous_34)
FN:650,(anonymous_35)
FN:659,(anonymous_36)
FN:687,(anonymous_37)
FN:695,(anonymous_38)
FN:722,(anonymous_39)
FN:730,(anonymous_40)
FN:766,(anonymous_41)
FN:779,(anonymous_42)
FN:787,(anonymous_43)
FN:815,(anonymous_44)
FN:824,(anonymous_45)
FN:852,(anonymous_46)
FN:861,(anonymous_47)
FN:890,(anonymous_48)
FN:899,(anonymous_49)
FN:927,(anonymous_50)
FN:935,(anonymous_51)
FN:962,(anonymous_52)
FN:970,(anonymous_53)
FN:997,(anonymous_54)
FN:1005,(anonymous_55)
FN:1034,(anonymous_56)
FN:1043,(anonymous_57)
FN:1071,(anonymous_58)
FN:1079,(anonymous_59)
FN:1107,(anonymous_60)
FN:1116,(anonymous_61)
FN:1146,(anonymous_62)
FN:1154,(anonymous_63)
FN:1182,(anonymous_64)
FN:1190,(anonymous_65)
FN:1219,(anonymous_66)
FN:1227,(anonymous_67)
FN:1256,(anonymous_68)
FN:1265,(anonymous_69)
FN:1294,(anonymous_70)
FN:1302,(anonymous_71)
FN:1331,(anonymous_72)
FN:1339,(anonymous_73)
FN:1368,(anonymous_74)
FN:1377,(anonymous_75)
FN:1407,(anonymous_76)
FN:1415,(anonymous_77)
FN:1453,(anonymous_78)
FN:1466,(anonymous_79)
FN:1473,(anonymous_80)
FN:1501,(anonymous_81)
FN:1509,(anonymous_82)
FN:1539,(anonymous_83)
FN:1547,(anonymous_84)
FN:1575,(anonymous_85)
FN:1583,(anonymous_86)
FN:1612,(anonymous_87)
FN:1620,(anonymous_88)
FN:1649,(anonymous_89)
FN:1657,(anonymous_90)
FN:1686,(anonymous_91)
FN:1694,(anonymous_92)
FN:1723,(anonymous_93)
FN:1731,(anonymous_94)
FN:1760,(anonymous_95)
FN:1769,(anonymous_96)
FN:1798,(anonymous_97)
FN:1807,(anonymous_98)
FNF:99
FNH:99
FNDA:47,testJSON
FNDA:1,(anonymous_1)
FNDA:1,(anonymous_2)
FNDA:1,(anonymous_3)
FNDA:1,(anonymous_4)
FNDA:1,(anonymous_5)
FNDA:1,(anonymous_6)
FNDA:1,(anonymous_7)
FNDA:1,(anonymous_8)
FNDA:1,(anonymous_9)
FNDA:1,(anonymous_10)
FNDA:1,(anonymous_11)
FNDA:1,(anonymous_12)
FNDA:1,(anonymous_13)
FNDA:1,(anonymous_14)
FNDA:1,(anonymous_15)
FNDA:1,(anonymous_16)
FNDA:1,(anonymous_17)
FNDA:1,(anonymous_18)
FNDA:1,(anonymous_19)
FNDA:1,(anonymous_20)
FNDA:1,(anonymous_21)
FNDA:1,(anonymous_22)
FNDA:1,(anonymous_23)
FNDA:1,(anonymous_24)
FNDA:1,(anonymous_25)
FNDA:1,(anonymous_26)
FNDA:1,(anonymous_27)
FNDA:1,(anonymous_28)
FNDA:1,(anonymous_29)
FNDA:1,(anonymous_30)
FNDA:1,(anonymous_31)
FNDA:1,(anonymous_32)
FNDA:1,(anonymous_33)
FNDA:1,(anonymous_34)
FNDA:1,(anonymous_35)
FNDA:1,(anonymous_36)
FNDA:1,(anonymous_37)
FNDA:1,(anonymous_38)
FNDA:1,(anonymous_39)
FNDA:1,(anonymous_40)
FNDA:1,(anonymous_41)
FNDA:1,(anonymous_42)
FNDA:1,(anonymous_43)
FNDA:1,(anonymous_44)
FNDA:1,(anonymous_45)
FNDA:1,(anonymous_46)
FNDA:1,(anonymous_47)
FNDA:1,(anonymous_48)
FNDA:1,(anonymous_49)
FNDA:1,(anonymous_50)
FNDA:1,(anonymous_51)
FNDA:1,(anonymous_52)
FNDA:1,(anonymous_53)
FNDA:1,(anonymous_54)
FNDA:1,(anonymous_55)
FNDA:1,(anonymous_56)
FNDA:1,(anonymous_57)
FNDA:1,(anonymous_58)
FNDA:1,(anonymous_59)
FNDA:1,(anonymous_60)
FNDA:1,(anonymous_61)
FNDA:1,(anonymous_62)
FNDA:1,(anonymous_63)
FNDA:1,(anonymous_64)
FNDA:1,(anonymous_65)
FNDA:1,(anonymous_66)
FNDA:1,(anonymous_67)
FNDA:1,(anonymous_68)
FNDA:1,(anonymous_69)
FNDA:1,(anonymous_70)
FNDA:1,(anonymous_71)
FNDA:1,(anonymous_72)
FNDA:1,(anonymous_73)
FNDA:1,(anonymous_74)
FNDA:1,(anonymous_75)
FNDA:1,(anonymous_76)
FNDA:1,(anonymous_77)
FNDA:1,(anonymous_78)
FNDA:1,(anonymous_79)
FNDA:1,(anonymous_80)
FNDA:1,(anonymous_81)
FNDA:1,(anonymous_82)
FNDA:1,(anonymous_83)
FNDA:1,(anonymous_84)
FNDA:1,(anonymous_85)
FNDA:1,(anonymous_86)
FNDA:1,(anonymous_87)
FNDA:1,(anonymous_88)
FNDA:1,(anonymous_89)
FNDA:1,(anonymous_90)
FNDA:1,(anonymous_91)
FNDA:1,(anonymous_92)
FNDA:1,(anonymous_93)
FNDA:1,(anonymous_94)
FNDA:1,(anonymous_95)
FNDA:1,(anonymous_96)
FNDA:1,(anonymous_97)
FNDA:1,(anonymous_98)
DA:18,1
DA:19,1
DA:20,1
DA:21,1
DA:22,1
DA:23,1
DA:24,1
DA:25,1
DA:26,1
DA:34,47
DA:35,47
DA:36,47
DA:55,1
DA:66,1
DA:67,1
DA:76,1
DA:77,0
DA:81,1
DA:82,1
DA:83,1
DA:100,1
DA:101,1
DA:102,1
DA:111,1
DA:112,0
DA:116,1
DA:117,1
DA:133,1
DA:134,1
DA:135,1
DA:144,1
DA:145,0
DA:149,1
DA:150,1
DA:167,1
DA:168,1
DA:169,1
DA:178,1
DA:179,0
DA:183,1
DA:184,1
DA:200,1
DA:201,1
DA:211,1
DA:212,0
DA:216,1
DA:217,1
DA:234,1
DA:235,1
DA:246,1
DA:247,0
DA:251,1
DA:252,1
DA:253,1
DA:269,1
DA:270,1
DA:271,1
DA:282,1
DA:283,0
DA:287,1
DA:288,1
DA:305,1
DA:306,1
DA:307,1
DA:318,1
DA:319,0
DA:323,1
DA:324,1
DA:341,1
DA:342,1
DA:343,1
DA:354,1
DA:355,0
DA:359,1
DA:360,1
DA:375,1
DA:376,1
DA:387,1
DA:388,0
DA:392,1
DA:393,1
DA:394,1
DA:411,1
DA:412,1
DA:413,1
DA:424,1
DA:425,0
DA:429,1
DA:430,1
DA:447,1
DA:448,1
DA:449,1
DA:460,1
DA:461,0
DA:465,1
DA:466,1
DA:482,1
DA:483,1
DA:484,1
DA:495,1
DA:496,0
DA:500,1
DA:501,1
DA:519,1
DA:520,1
DA:521,1
DA:532,1
DA:533,0
DA:537,1
DA:538,1
DA:563,1
DA:575,1
DA:576,1
DA:587,1
DA:588,0
DA:592,1
DA:593,1
DA:612,1
DA:613,1
DA:614,1
DA:625,1
DA:626,0
DA:630,1
DA:631,1
DA:650,1
DA:651,1
DA:652,1
DA:663,1
DA:664,0
DA:668,1
DA:669,1
DA:687,1
DA:688,1
DA:699,1
DA:700,0
DA:704,1
DA:705,1
DA:722,1
DA:723,1
DA:734,1
DA:735,0
DA:739,1
DA:740,1
DA:766,1
DA:779,1
DA:780,1
DA:791,1
DA:792,0
DA:796,1
DA:797,0
DA:815,1
DA:816,1
DA:817,1
DA:828,1
DA:829,0
DA:833,1
DA:834,1
DA:852,1
DA:853,1
DA:854,1
DA:865,1
DA:866,0
DA:870,1
DA:871,1
DA:890,1
DA:891,1
DA:892,1
DA:903,1
DA:904,0
DA:908,1
DA:909,1
DA:927,1
DA:928,1
DA:939,1
DA:940,0
DA:944,1
DA:945,0
DA:962,1
DA:963,1
DA:974,1
DA:975,0
DA:979,1
DA:980,1
DA:997,1
DA:998,1
DA:1009,1
DA:1010,0
DA:1014,1
DA:1015,0
DA:1034,1
DA:1035,1
DA:1036,1
DA:1047,1
DA:1048,0
DA:1052,1
DA:1053,1
DA:1071,1
DA:1072,1
DA:1083,1
DA:1084,0
DA:1088,1
DA:1089,1
DA:1107,1
DA:1108,1
DA:1109,1
DA:1120,1
DA:1121,0
DA:1125,1
DA:1126,1
DA:1146,1
DA:1147,1
DA:1158,1
DA:1159,0
DA:1163,1
DA:1164,0
DA:1182,1
DA:1183,1
DA:1194,1
DA:1195,0
DA:1199,1
DA:1200,0
DA:1219,1
DA:1220,1
DA:1231,1
DA:1232,1
DA:1236,0
DA:1237,0
DA:1256,1
DA:1257,1
DA:1258,1
DA:1269,1
DA:1270,1
DA:1274,0
DA:1275,0
DA:1294,1
DA:1295,1
DA:1306,1
DA:1307,1
DA:1311,0
DA:1312,0
DA:1331,1
DA:1332,1
DA:1343,1
DA:1344,0
DA:1348,1
DA:1349,0
DA:1368,1
DA:1369,1
DA:1370,1
DA:1381,1
DA:1382,0
DA:1386,1
DA:1387,1
DA:1407,1
DA:1408,1
DA:1419,1
DA:1420,0
DA:1424,1
DA:1425,1
DA:1453,1
DA:1466,1
DA:1467,1
DA:1477,1
DA:1478,0
DA:1482,1
DA:1483,1
DA:1501,1
DA:1502,1
DA:1513,1
DA:1514,0
DA:1518,1
DA:1519,1
DA:1520,1
DA:1539,1
DA:1540,1
DA:1551,1
DA:1552,0
DA:1556,1
DA:1557,1
DA:1575,1
DA:1576,1
DA:1587,1
DA:1588,0
DA:1592,1
DA:1593,0
DA:1612,1
DA:1613,1
DA:1624,1
DA:1625,0
DA:1629,1
DA:1630,0
DA:1649,1
DA:1650,1
DA:1661,1
DA:1662,0
DA:1666,1
DA:1667,0
DA:1686,1
DA:1687,1
DA:1698,1
DA:1699,0
DA:1703,1
DA:1704,0
DA:1723,1
DA:1724,1
DA:1735,1
DA:1736,0
DA:1740,1
DA:1741,0
DA:1760,1
DA:1761,1
DA:1762,1
DA:1773,1
DA:1774,0
DA:1778,1
DA:1779,0
DA:1798,1
DA:1799,1
DA:1800,1
DA:1811,1
DA:1812,0
DA:1816,1
DA:1817,0
LF:323
LH:260
BRDA:76,0,0,0
BRDA:76,0,1,1
BRDA:111,1,0,0
BRDA:111,1,1,1
BRDA:144,2,0,0
BRDA:144,2,1,1
BRDA:178,3,0,0
BRDA:178,3,1,1
BRDA:211,4,0,0
BRDA:211,4,1,1
BRDA:246,5,0,0
BRDA:246,5,1,1
BRDA:282,6,0,0
BRDA:282,6,1,1
BRDA:318,7,0,0
BRDA:318,7,1,1
BRDA:354,8,0,0
BRDA:354,8,1,1
BRDA:387,9,0,0
BRDA:387,9,1,1
BRDA:424,10,0,0
BRDA:424,10,1,1
BRDA:460,11,0,0
BRDA:460,11,1,1
BRDA:495,12,0,0
BRDA:495,12,1,1
BRDA:532,13,0,0
BRDA:532,13,1,1
BRDA:587,14,0,0
BRDA:587,14,1,1
BRDA:625,15,0,0
BRDA:625,15,1,1
BRDA:663,16,0,0
BRDA:663,16,1,1
BRDA:699,17,0,0
BRDA:699,17,1,1
BRDA:734,18,0,0
BRDA:734,18,1,1
BRDA:791,19,0,0
BRDA:791,19,1,1
BRDA:828,20,0,0
BRDA:828,20,1,1
BRDA:865,21,0,0
BRDA:865,21,1,1
BRDA:903,22,0,0
BRDA:903,22,1,1
BRDA:939,23,0,0
BRDA:939,23,1,1
BRDA:974,24,0,0
BRDA:974,24,1,1
BRDA:1009,25,0,0
BRDA:1009,25,1,1
BRDA:1047,26,0,0
BRDA:1047,26,1,1
BRDA:1083,27,0,0
BRDA:1083,27,1,1
BRDA:1120,28,0,0
BRDA:1120,28,1,1
BRDA:1158,29,0,0
BRDA:1158,29,1,1
BRDA:1194,30,0,0
BRDA:1194,30,1,1
BRDA:1231,31,0,1
BRDA:1231,31,1,0
BRDA:1269,32,0,1
BRDA:1269,32,1,0
BRDA:1306,33,0,1
BRDA:1306,33,1,0
BRDA:1343,34,0,0
BRDA:1343,34,1,1
BRDA:1381,35,0,0
BRDA:1381,35,1,1
BRDA:1419,36,0,0
BRDA:1419,36,1,1
BRDA:1477,37,0,0
BRDA:1477,37,1,1
BRDA:1513,38,0,0
BRDA:1513,38,1,1
BRDA:1551,39,0,0
BRDA:1551,39,1,1
BRDA:1587,40,0,0
BRDA:1587,40,1,1
BRDA:1624,41,0,0
BRDA:1624,41,1,1
BRDA:1661,42,0,0
BRDA:1661,42,1,1
BRDA:1698,43,0,0
BRDA:1698,43,1,1
BRDA:1735,44,0,0
BRDA:1735,44,1,1
BRDA:1773,45,0,0
BRDA:1773,45,1,1
BRDA:1811,46,0,0
BRDA:1811,46,1,1
BRF:94
BRH:47
end_of_record
